{"/Users/mendell/jewgo app/app/layout.tsx": {"path":"/Users/mendell/jewgo app/app/layout.tsx","statementMap":{"0":{"start":{"line":72,"column":24},"end":{"line":72,"column":35}},"1":{"start":{"line":10,"column":13},"end":{"line":10,"column":21}},"2":{"start":{"line":2,"column":22},"end":{"line":2,"column":null}},"3":{"start":{"line":3,"column":7},"end":{"line":3,"column":null}},"4":{"start":{"line":4,"column":21},"end":{"line":4,"column":null}},"5":{"start":{"line":5,"column":31},"end":{"line":5,"column":null}},"6":{"start":{"line":6,"column":25},"end":{"line":6,"column":null}},"7":{"start":{"line":8,"column":14},"end":{"line":8,"column":null}},"8":{"start":{"line":10,"column":34},"end":{"line":70,"column":null}}},"fnMap":{"0":{"name":"RootLayout","decl":{"start":{"line":72,"column":24},"end":{"line":72,"column":35}},"loc":{"start":{"line":76,"column":1},"end":{"line":90,"column":1}}}},"branchMap":{},"s":{"0":0,"1":0,"2":0,"3":0,"4":0,"5":0,"6":0,"7":0,"8":0},"f":{"0":0},"b":{}}
,"/Users/mendell/jewgo app/app/page.tsx": {"path":"/Users/mendell/jewgo app/app/page.tsx","statementMap":{"0":{"start":{"line":13,"column":24},"end":{"line":13,"column":null}},"1":{"start":{"line":3,"column":36},"end":{"line":3,"column":null}},"2":{"start":{"line":4,"column":19},"end":{"line":4,"column":null}},"3":{"start":{"line":5,"column":22},"end":{"line":5,"column":null}},"4":{"start":{"line":6,"column":26},"end":{"line":6,"column":null}},"5":{"start":{"line":7,"column":27},"end":{"line":7,"column":null}},"6":{"start":{"line":8,"column":29},"end":{"line":8,"column":null}},"7":{"start":{"line":9,"column":25},"end":{"line":9,"column":null}},"8":{"start":{"line":11,"column":20},"end":{"line":11,"column":null}},"9":{"start":{"line":14,"column":46},"end":{"line":14,"column":null}},"10":{"start":{"line":15,"column":58},"end":{"line":15,"column":null}},"11":{"start":{"line":16,"column":32},"end":{"line":16,"column":null}},"12":{"start":{"line":17,"column":38},"end":{"line":17,"column":null}},"13":{"start":{"line":18,"column":34},"end":{"line":18,"column":null}},"14":{"start":{"line":19,"column":40},"end":{"line":19,"column":null}},"15":{"start":{"line":20,"column":40},"end":{"line":20,"column":null}},"16":{"start":{"line":21,"column":25},"end":{"line":21,"column":null}},"17":{"start":{"line":22,"column":42},"end":{"line":22,"column":null}},"18":{"start":{"line":23,"column":48},"end":{"line":23,"column":null}},"19":{"start":{"line":24,"column":46},"end":{"line":24,"column":null}},"20":{"start":{"line":25,"column":44},"end":{"line":32,"column":null}},"21":{"start":{"line":33,"column":36},"end":{"line":33,"column":null}},"22":{"start":{"line":35,"column":26},"end":{"line":45,"column":null}},"23":{"start":{"line":37,"column":4},"end":{"line":40,"column":null}},"24":{"start":{"line":38,"column":6},"end":{"line":38,"column":null}},"25":{"start":{"line":39,"column":6},"end":{"line":39,"column":null}},"26":{"start":{"line":42,"column":4},"end":{"line":42,"column":null}},"27":{"start":{"line":43,"column":4},"end":{"line":43,"column":null}},"28":{"start":{"line":44,"column":4},"end":{"line":44,"column":null}},"29":{"start":{"line":47,"column":2},"end":{"line":51,"column":null}},"30":{"start":{"line":48,"column":4},"end":{"line":48,"column":null}},"31":{"start":{"line":49,"column":4},"end":{"line":49,"column":null}},"32":{"start":{"line":53,"column":30},"end":{"line":98,"column":null}},"33":{"start":{"line":54,"column":4},"end":{"line":57,"column":null}},"34":{"start":{"line":55,"column":6},"end":{"line":55,"column":null}},"35":{"start":{"line":56,"column":6},"end":{"line":56,"column":null}},"36":{"start":{"line":60,"column":4},"end":{"line":63,"column":null}},"37":{"start":{"line":61,"column":6},"end":{"line":61,"column":null}},"38":{"start":{"line":62,"column":6},"end":{"line":62,"column":null}},"39":{"start":{"line":65,"column":4},"end":{"line":65,"column":null}},"40":{"start":{"line":66,"column":4},"end":{"line":96,"column":null}},"41":{"start":{"line":68,"column":25},"end":{"line":71,"column":null}},"42":{"start":{"line":72,"column":8},"end":{"line":72,"column":null}},"43":{"start":{"line":73,"column":8},"end":{"line":73,"column":null}},"44":{"start":{"line":74,"column":8},"end":{"line":74,"column":null}},"45":{"start":{"line":77,"column":8},"end":{"line":77,"column":null}},"46":{"start":{"line":80,"column":8},"end":{"line":87,"column":null}},"47":{"start":{"line":81,"column":10},"end":{"line":81,"column":null}},"48":{"start":{"line":83,"column":15},"end":{"line":87,"column":null}},"49":{"start":{"line":84,"column":10},"end":{"line":84,"column":null}},"50":{"start":{"line":85,"column":15},"end":{"line":87,"column":null}},"51":{"start":{"line":86,"column":10},"end":{"line":86,"column":null}},"52":{"start":{"line":89,"column":8},"end":{"line":89,"column":null}},"53":{"start":{"line":101,"column":32},"end":{"line":104,"column":null}},"54":{"start":{"line":102,"column":4},"end":{"line":102,"column":null}},"55":{"start":{"line":103,"column":4},"end":{"line":103,"column":null}},"56":{"start":{"line":106,"column":30},"end":{"line":132,"column":null}},"57":{"start":{"line":107,"column":4},"end":{"line":131,"column":null}},"58":{"start":{"line":108,"column":6},"end":{"line":108,"column":null}},"59":{"start":{"line":109,"column":33},"end":{"line":109,"column":null}},"60":{"start":{"line":110,"column":23},"end":{"line":110,"column":null}},"61":{"start":{"line":112,"column":6},"end":{"line":114,"column":null}},"62":{"start":{"line":113,"column":8},"end":{"line":113,"column":null}},"63":{"start":{"line":116,"column":19},"end":{"line":116,"column":null}},"64":{"start":{"line":117,"column":6},"end":{"line":117,"column":null}},"65":{"start":{"line":119,"column":6},"end":{"line":124,"column":null}},"66":{"start":{"line":120,"column":8},"end":{"line":120,"column":null}},"67":{"start":{"line":121,"column":8},"end":{"line":121,"column":null}},"68":{"start":{"line":123,"column":8},"end":{"line":123,"column":null}},"69":{"start":{"line":126,"column":6},"end":{"line":126,"column":null}},"70":{"start":{"line":127,"column":6},"end":{"line":127,"column":null}},"71":{"start":{"line":129,"column":6},"end":{"line":129,"column":null}},"72":{"start":{"line":130,"column":6},"end":{"line":130,"column":null}},"73":{"start":{"line":134,"column":23},"end":{"line":138,"column":null}},"74":{"start":{"line":135,"column":4},"end":{"line":135,"column":null}},"75":{"start":{"line":136,"column":4},"end":{"line":136,"column":null}},"76":{"start":{"line":137,"column":4},"end":{"line":137,"column":null}},"77":{"start":{"line":140,"column":29},"end":{"line":148,"column":null}},"78":{"start":{"line":141,"column":4},"end":{"line":141,"column":null}},"79":{"start":{"line":141,"column":30},"end":{"line":141,"column":null}},"80":{"start":{"line":142,"column":4},"end":{"line":142,"column":null}},"81":{"start":{"line":145,"column":4},"end":{"line":147,"column":null}},"82":{"start":{"line":146,"column":6},"end":{"line":146,"column":null}},"83":{"start":{"line":150,"column":29},"end":{"line":153,"column":null}},"84":{"start":{"line":151,"column":4},"end":{"line":151,"column":null}},"85":{"start":{"line":151,"column":30},"end":{"line":151,"column":null}},"86":{"start":{"line":152,"column":4},"end":{"line":152,"column":null}},"87":{"start":{"line":155,"column":31},"end":{"line":158,"column":null}},"88":{"start":{"line":156,"column":4},"end":{"line":156,"column":null}},"89":{"start":{"line":156,"column":30},"end":{"line":156,"column":null}},"90":{"start":{"line":157,"column":4},"end":{"line":157,"column":null}},"91":{"start":{"line":160,"column":25},"end":{"line":164,"column":null}},"92":{"start":{"line":161,"column":4},"end":{"line":161,"column":null}},"93":{"start":{"line":162,"column":4},"end":{"line":162,"column":null}},"94":{"start":{"line":163,"column":4},"end":{"line":163,"column":null}},"95":{"start":{"line":166,"column":27},"end":{"line":168,"column":null}},"96":{"start":{"line":167,"column":4},"end":{"line":167,"column":null}},"97":{"start":{"line":170,"column":27},"end":{"line":172,"column":null}},"98":{"start":{"line":171,"column":4},"end":{"line":171,"column":null}},"99":{"start":{"line":174,"column":35},"end":{"line":174,"column":null}},"100":{"start":{"line":175,"column":21},"end":{"line":175,"column":null}},"101":{"start":{"line":177,"column":2},"end":{"line":179,"column":null}},"102":{"start":{"line":178,"column":4},"end":{"line":178,"column":null}},"103":{"start":{"line":208,"column":33},"end":{"line":208,"column":null}},"104":{"start":{"line":209,"column":35},"end":{"line":209,"column":null}},"105":{"start":{"line":217,"column":84},"end":{"line":217,"column":null}}},"fnMap":{"0":{"name":"HomePage","decl":{"start":{"line":13,"column":24},"end":{"line":13,"column":null}},"loc":{"start":{"line":13,"column":24},"end":{"line":310,"column":null}}},"1":{"name":"(anonymous_3)","decl":{"start":{"line":35,"column":26},"end":{"line":35,"column":27}},"loc":{"start":{"line":35,"column":27},"end":{"line":45,"column":null}}},"2":{"name":"(anonymous_4)","decl":{"start":{"line":47,"column":12},"end":{"line":47,"column":null}},"loc":{"start":{"line":47,"column":12},"end":{"line":51,"column":5}}},"3":{"name":"(anonymous_5)","decl":{"start":{"line":53,"column":30},"end":{"line":53,"column":null}},"loc":{"start":{"line":53,"column":30},"end":{"line":98,"column":null}}},"4":{"name":"(anonymous_6)","decl":{"start":{"line":67,"column":6},"end":{"line":67,"column":7}},"loc":{"start":{"line":67,"column":7},"end":{"line":75,"column":null}}},"5":{"name":"(anonymous_7)","decl":{"start":{"line":76,"column":6},"end":{"line":76,"column":7}},"loc":{"start":{"line":76,"column":7},"end":{"line":91,"column":null}}},"6":{"name":"(anonymous_8)","decl":{"start":{"line":101,"column":32},"end":{"line":101,"column":null}},"loc":{"start":{"line":101,"column":32},"end":{"line":104,"column":null}}},"7":{"name":"(anonymous_9)","decl":{"start":{"line":106,"column":30},"end":{"line":106,"column":null}},"loc":{"start":{"line":106,"column":30},"end":{"line":132,"column":null}}},"8":{"name":"(anonymous_10)","decl":{"start":{"line":134,"column":23},"end":{"line":134,"column":24}},"loc":{"start":{"line":134,"column":24},"end":{"line":138,"column":null}}},"9":{"name":"(anonymous_11)","decl":{"start":{"line":140,"column":29},"end":{"line":140,"column":30}},"loc":{"start":{"line":140,"column":43},"end":{"line":148,"column":null}}},"10":{"name":"(anonymous_12)","decl":{"start":{"line":141,"column":21},"end":{"line":141,"column":30}},"loc":{"start":{"line":141,"column":30},"end":{"line":141,"column":null}}},"11":{"name":"(anonymous_13)","decl":{"start":{"line":150,"column":29},"end":{"line":150,"column":30}},"loc":{"start":{"line":150,"column":43},"end":{"line":153,"column":null}}},"12":{"name":"(anonymous_14)","decl":{"start":{"line":151,"column":21},"end":{"line":151,"column":30}},"loc":{"start":{"line":151,"column":30},"end":{"line":151,"column":null}}},"13":{"name":"(anonymous_15)","decl":{"start":{"line":155,"column":31},"end":{"line":155,"column":32}},"loc":{"start":{"line":155,"column":32},"end":{"line":158,"column":null}}},"14":{"name":"(anonymous_16)","decl":{"start":{"line":156,"column":21},"end":{"line":156,"column":30}},"loc":{"start":{"line":156,"column":30},"end":{"line":156,"column":null}}},"15":{"name":"(anonymous_17)","decl":{"start":{"line":160,"column":25},"end":{"line":160,"column":null}},"loc":{"start":{"line":160,"column":25},"end":{"line":164,"column":null}}},"16":{"name":"(anonymous_18)","decl":{"start":{"line":166,"column":27},"end":{"line":166,"column":28}},"loc":{"start":{"line":166,"column":28},"end":{"line":168,"column":null}}},"17":{"name":"(anonymous_19)","decl":{"start":{"line":170,"column":27},"end":{"line":170,"column":null}},"loc":{"start":{"line":170,"column":27},"end":{"line":172,"column":null}}},"18":{"name":"(anonymous_20)","decl":{"start":{"line":207,"column":31},"end":{"line":207,"column":38}},"loc":{"start":{"line":207,"column":31},"end":{"line":207,"column":null}}},"19":{"name":"(anonymous_21)","decl":{"start":{"line":208,"column":27},"end":{"line":208,"column":33}},"loc":{"start":{"line":208,"column":33},"end":{"line":208,"column":null}}},"20":{"name":"(anonymous_22)","decl":{"start":{"line":209,"column":29},"end":{"line":209,"column":35}},"loc":{"start":{"line":209,"column":35},"end":{"line":209,"column":null}}},"21":{"name":"(anonymous_23)","decl":{"start":{"line":217,"column":74},"end":{"line":217,"column":84}},"loc":{"start":{"line":217,"column":84},"end":{"line":217,"column":null}}}},"branchMap":{"0":{"loc":{"start":{"line":37,"column":4},"end":{"line":40,"column":null}},"type":"if","locations":[{"start":{"line":37,"column":4},"end":{"line":40,"column":null}},{"start":{},"end":{}}]},"1":{"loc":{"start":{"line":54,"column":4},"end":{"line":57,"column":null}},"type":"if","locations":[{"start":{"line":54,"column":4},"end":{"line":57,"column":null}},{"start":{},"end":{}}]},"2":{"loc":{"start":{"line":60,"column":4},"end":{"line":63,"column":null}},"type":"if","locations":[{"start":{"line":60,"column":4},"end":{"line":63,"column":null}},{"start":{},"end":{}}]},"3":{"loc":{"start":{"line":80,"column":8},"end":{"line":87,"column":null}},"type":"if","locations":[{"start":{"line":80,"column":8},"end":{"line":87,"column":null}},{"start":{"line":83,"column":15},"end":{"line":87,"column":null}}]},"4":{"loc":{"start":{"line":83,"column":15},"end":{"line":87,"column":null}},"type":"if","locations":[{"start":{"line":83,"column":15},"end":{"line":87,"column":null}},{"start":{"line":85,"column":15},"end":{"line":87,"column":null}}]},"5":{"loc":{"start":{"line":85,"column":15},"end":{"line":87,"column":null}},"type":"if","locations":[{"start":{"line":85,"column":15},"end":{"line":87,"column":null}},{"start":{},"end":{}}]},"6":{"loc":{"start":{"line":109,"column":33},"end":{"line":109,"column":null}},"type":"binary-expr","locations":[{"start":{"line":109,"column":33},"end":{"line":109,"column":68}},{"start":{"line":109,"column":72},"end":{"line":109,"column":null}}]},"7":{"loc":{"start":{"line":112,"column":6},"end":{"line":114,"column":null}},"type":"if","locations":[{"start":{"line":112,"column":6},"end":{"line":114,"column":null}},{"start":{},"end":{}}]},"8":{"loc":{"start":{"line":117,"column":42},"end":{"line":117,"column":null}},"type":"binary-expr","locations":[{"start":{"line":117,"column":42},"end":{"line":117,"column":63}},{"start":{"line":117,"column":63},"end":{"line":117,"column":null}}]},"9":{"loc":{"start":{"line":119,"column":6},"end":{"line":124,"column":null}},"type":"if","locations":[{"start":{"line":119,"column":6},"end":{"line":124,"column":null}},{"start":{"line":122,"column":13},"end":{"line":124,"column":null}}]},"10":{"loc":{"start":{"line":145,"column":4},"end":{"line":147,"column":null}},"type":"if","locations":[{"start":{"line":145,"column":4},"end":{"line":147,"column":null}},{"start":{},"end":{}}]},"11":{"loc":{"start":{"line":145,"column":8},"end":{"line":145,"column":44}},"type":"binary-expr","locations":[{"start":{"line":145,"column":8},"end":{"line":145,"column":28}},{"start":{"line":145,"column":28},"end":{"line":145,"column":44}}]},"12":{"loc":{"start":{"line":177,"column":2},"end":{"line":179,"column":null}},"type":"if","locations":[{"start":{"line":177,"column":2},"end":{"line":179,"column":null}},{"start":{},"end":{}}]},"13":{"loc":{"start":{"line":201,"column":9},"end":{"line":201,"column":null}},"type":"binary-expr","locations":[{"start":{"line":201,"column":9},"end":{"line":201,"column":null}}]},"14":{"loc":{"start":{"line":215,"column":30},"end":{"line":215,"column":null}},"type":"cond-expr","locations":[{"start":{"line":215,"column":45},"end":{"line":215,"column":107}},{"start":{"line":215,"column":107},"end":{"line":215,"column":null}}]},"15":{"loc":{"start":{"line":217,"column":48},"end":{"line":217,"column":69}},"type":"binary-expr","locations":[{"start":{"line":217,"column":48},"end":{"line":217,"column":65}},{"start":{"line":217,"column":65},"end":{"line":217,"column":69}}]},"16":{"loc":{"start":{"line":217,"column":84},"end":{"line":217,"column":null}},"type":"binary-expr","locations":[{"start":{"line":217,"column":84},"end":{"line":217,"column":108}},{"start":{"line":217,"column":108},"end":{"line":217,"column":null}}]},"17":{"loc":{"start":{"line":224,"column":16},"end":{"line":227,"column":null}},"type":"cond-expr","locations":[{"start":{"line":224,"column":16},"end":{"line":227,"column":null}}]},"18":{"loc":{"start":{"line":228,"column":16},"end":{"line":232,"column":17}},"type":"cond-expr","locations":[{"start":{"line":228,"column":16},"end":{"line":232,"column":17}}]},"19":{"loc":{"start":{"line":248,"column":9},"end":{"line":248,"column":null}},"type":"binary-expr","locations":[{"start":{"line":248,"column":9},"end":{"line":248,"column":null}}]},"20":{"loc":{"start":{"line":273,"column":9},"end":{"line":273,"column":null}},"type":"binary-expr","locations":[{"start":{"line":273,"column":9},"end":{"line":273,"column":null}}]},"21":{"loc":{"start":{"line":289,"column":9},"end":{"line":289,"column":null}},"type":"binary-expr","locations":[{"start":{"line":289,"column":9},"end":{"line":289,"column":null}}]}},"s":{"0":0,"1":0,"2":0,"3":0,"4":0,"5":0,"6":0,"7":0,"8":0,"9":0,"10":0,"11":0,"12":0,"13":0,"14":0,"15":0,"16":0,"17":0,"18":0,"19":0,"20":0,"21":0,"22":0,"23":0,"24":0,"25":0,"26":0,"27":0,"28":0,"29":0,"30":0,"31":0,"32":0,"33":0,"34":0,"35":0,"36":0,"37":0,"38":0,"39":0,"40":0,"41":0,"42":0,"43":0,"44":0,"45":0,"46":0,"47":0,"48":0,"49":0,"50":0,"51":0,"52":0,"53":0,"54":0,"55":0,"56":0,"57":0,"58":0,"59":0,"60":0,"61":0,"62":0,"63":0,"64":0,"65":0,"66":0,"67":0,"68":0,"69":0,"70":0,"71":0,"72":0,"73":0,"74":0,"75":0,"76":0,"77":0,"78":0,"79":0,"80":0,"81":0,"82":0,"83":0,"84":0,"85":0,"86":0,"87":0,"88":0,"89":0,"90":0,"91":0,"92":0,"93":0,"94":0,"95":0,"96":0,"97":0,"98":0,"99":0,"100":0,"101":0,"102":0,"103":0,"104":0,"105":0},"f":{"0":0,"1":0,"2":0,"3":0,"4":0,"5":0,"6":0,"7":0,"8":0,"9":0,"10":0,"11":0,"12":0,"13":0,"14":0,"15":0,"16":0,"17":0,"18":0,"19":0,"20":0,"21":0},"b":{"0":[0,0],"1":[0,0],"2":[0,0],"3":[0,0],"4":[0,0],"5":[0,0],"6":[0,0],"7":[0,0],"8":[0,0],"9":[0,0],"10":[0,0],"11":[0,0],"12":[0,0],"13":[0],"14":[0,0],"15":[0,0],"16":[0,0],"17":[0],"18":[0],"19":[0],"20":[0],"21":[0]}}
,"/Users/mendell/jewgo app/app/robots.ts": {"path":"/Users/mendell/jewgo app/app/robots.ts","statementMap":{"0":{"start":{"line":3,"column":24},"end":{"line":3,"column":null}},"1":{"start":{"line":4,"column":18},"end":{"line":4,"column":null}},"2":{"start":{"line":6,"column":2},"end":{"line":30,"column":null}}},"fnMap":{"0":{"name":"robots","decl":{"start":{"line":3,"column":24},"end":{"line":3,"column":null}},"loc":{"start":{"line":3,"column":24},"end":{"line":31,"column":null}}}},"branchMap":{},"s":{"0":0,"1":0,"2":0},"f":{"0":0},"b":{}}
,"/Users/mendell/jewgo app/app/sitemap.ts": {"path":"/Users/mendell/jewgo app/app/sitemap.ts","statementMap":{"0":{"start":{"line":3,"column":30},"end":{"line":3,"column":null}},"1":{"start":{"line":4,"column":18},"end":{"line":4,"column":null}},"2":{"start":{"line":7,"column":22},"end":{"line":26,"column":null}},"3":{"start":{"line":28,"column":2},"end":{"line":56,"column":null}},"4":{"start":{"line":30,"column":19},"end":{"line":32,"column":null}},"5":{"start":{"line":34,"column":21},"end":{"line":39,"column":null}},"6":{"start":{"line":41,"column":4},"end":{"line":53,"column":null}},"7":{"start":{"line":42,"column":19},"end":{"line":42,"column":null}},"8":{"start":{"line":43,"column":26},"end":{"line":43,"column":null}},"9":{"start":{"line":45,"column":30},"end":{"line":50,"column":null}},"10":{"start":{"line":45,"column":68},"end":{"line":50,"column":null}},"11":{"start":{"line":52,"column":6},"end":{"line":52,"column":null}},"12":{"start":{"line":55,"column":4},"end":{"line":55,"column":null}},"13":{"start":{"line":58,"column":2},"end":{"line":58,"column":null}}},"fnMap":{"0":{"name":"sitemap","decl":{"start":{"line":3,"column":30},"end":{"line":3,"column":null}},"loc":{"start":{"line":3,"column":30},"end":{"line":59,"column":null}}},"1":{"name":"(anonymous_2)","decl":{"start":{"line":45,"column":46},"end":{"line":45,"column":47}},"loc":{"start":{"line":45,"column":68},"end":{"line":50,"column":null}}}},"branchMap":{"0":{"loc":{"start":{"line":30,"column":19},"end":{"line":32,"column":null}},"type":"cond-expr","locations":[{"start":{"line":31,"column":8},"end":{"line":31,"column":null}},{"start":{"line":32,"column":8},"end":{"line":32,"column":null}}]},"1":{"loc":{"start":{"line":41,"column":4},"end":{"line":53,"column":null}},"type":"if","locations":[{"start":{"line":41,"column":4},"end":{"line":53,"column":null}},{"start":{},"end":{}}]},"2":{"loc":{"start":{"line":43,"column":26},"end":{"line":43,"column":null}},"type":"binary-expr","locations":[{"start":{"line":43,"column":26},"end":{"line":43,"column":42}},{"start":{"line":43,"column":46},"end":{"line":43,"column":null}}]},"3":{"loc":{"start":{"line":47,"column":31},"end":{"line":47,"column":null}},"type":"binary-expr","locations":[{"start":{"line":47,"column":31},"end":{"line":47,"column":52}},{"start":{"line":47,"column":56},"end":{"line":47,"column":79}},{"start":{"line":47,"column":83},"end":{"line":47,"column":null}}]}},"s":{"0":0,"1":0,"2":0,"3":0,"4":0,"5":0,"6":0,"7":0,"8":0,"9":0,"10":0,"11":0,"12":0,"13":0},"f":{"0":0,"1":0},"b":{"0":[0,0],"1":[0,0],"2":[0,0],"3":[0,0,0]}}
,"/Users/mendell/jewgo app/app/add-eatery/page.tsx": {"path":"/Users/mendell/jewgo app/app/add-eatery/page.tsx","statementMap":{"0":{"start":{"line":7,"column":24},"end":{"line":7,"column":null}},"1":{"start":{"line":3,"column":25},"end":{"line":3,"column":null}},"2":{"start":{"line":4,"column":19},"end":{"line":4,"column":null}},"3":{"start":{"line":5,"column":29},"end":{"line":5,"column":null}},"4":{"start":{"line":8,"column":34},"end":{"line":8,"column":null}},"5":{"start":{"line":9,"column":34},"end":{"line":24,"column":null}},"6":{"start":{"line":26,"column":42},"end":{"line":26,"column":null}},"7":{"start":{"line":28,"column":28},"end":{"line":34,"column":null}},"8":{"start":{"line":29,"column":28},"end":{"line":29,"column":36}},"9":{"start":{"line":30,"column":4},"end":{"line":33,"column":null}},"10":{"start":{"line":30,"column":25},"end":{"line":33,"column":null}},"11":{"start":{"line":36,"column":23},"end":{"line":56,"column":null}},"12":{"start":{"line":37,"column":4},"end":{"line":37,"column":null}},"13":{"start":{"line":39,"column":4},"end":{"line":42,"column":null}},"14":{"start":{"line":40,"column":6},"end":{"line":40,"column":null}},"15":{"start":{"line":41,"column":6},"end":{"line":41,"column":null}},"16":{"start":{"line":44,"column":4},"end":{"line":44,"column":null}},"17":{"start":{"line":47,"column":4},"end":{"line":47,"column":null}},"18":{"start":{"line":47,"column":33},"end":{"line":47,"column":null}},"19":{"start":{"line":49,"column":4},"end":{"line":49,"column":null}},"20":{"start":{"line":51,"column":4},"end":{"line":55,"column":null}},"21":{"start":{"line":52,"column":6},"end":{"line":52,"column":null}},"22":{"start":{"line":54,"column":6},"end":{"line":54,"column":null}},"23":{"start":{"line":85,"column":37},"end":{"line":85,"column":null}},"24":{"start":{"line":105,"column":37},"end":{"line":105,"column":null}}},"fnMap":{"0":{"name":"AddEateryPage","decl":{"start":{"line":7,"column":24},"end":{"line":7,"column":null}},"loc":{"start":{"line":7,"column":24},"end":{"line":401,"column":null}}},"1":{"name":"(anonymous_3)","decl":{"start":{"line":28,"column":28},"end":{"line":28,"column":29}},"loc":{"start":{"line":28,"column":29},"end":{"line":34,"column":null}}},"2":{"name":"(anonymous_4)","decl":{"start":{"line":30,"column":16},"end":{"line":30,"column":25}},"loc":{"start":{"line":30,"column":25},"end":{"line":33,"column":null}}},"3":{"name":"(anonymous_5)","decl":{"start":{"line":36,"column":23},"end":{"line":36,"column":30}},"loc":{"start":{"line":36,"column":30},"end":{"line":56,"column":null}}},"4":{"name":"(anonymous_6)","decl":{"start":{"line":47,"column":22},"end":{"line":47,"column":33}},"loc":{"start":{"line":47,"column":33},"end":{"line":47,"column":null}}},"5":{"name":"(anonymous_7)","decl":{"start":{"line":85,"column":30},"end":{"line":85,"column":31}},"loc":{"start":{"line":85,"column":37},"end":{"line":85,"column":null}}},"6":{"name":"(anonymous_8)","decl":{"start":{"line":105,"column":30},"end":{"line":105,"column":31}},"loc":{"start":{"line":105,"column":37},"end":{"line":105,"column":null}}}},"branchMap":{"0":{"loc":{"start":{"line":39,"column":4},"end":{"line":42,"column":null}},"type":"if","locations":[{"start":{"line":39,"column":4},"end":{"line":42,"column":null}},{"start":{},"end":{}}]},"1":{"loc":{"start":{"line":51,"column":4},"end":{"line":55,"column":null}},"type":"if","locations":[{"start":{"line":51,"column":4},"end":{"line":55,"column":null}},{"start":{"line":53,"column":11},"end":{"line":55,"column":null}}]},"2":{"loc":{"start":{"line":120,"column":15},"end":{"line":120,"column":null}},"type":"binary-expr","locations":[{"start":{"line":120,"column":15},"end":{"line":120,"column":null}}]},"3":{"loc":{"start":{"line":126,"column":24},"end":{"line":130,"column":null}},"type":"cond-expr","locations":[{"start":{"line":126,"column":24},"end":{"line":130,"column":null}}]},"4":{"loc":{"start":{"line":141,"column":13},"end":{"line":141,"column":null}},"type":"binary-expr","locations":[{"start":{"line":141,"column":13},"end":{"line":141,"column":null}}]},"5":{"loc":{"start":{"line":370,"column":26},"end":{"line":370,"column":null}},"type":"binary-expr","locations":[{"start":{"line":370,"column":26},"end":{"line":370,"column":42}},{"start":{"line":370,"column":42},"end":{"line":370,"column":null}}]},"6":{"loc":{"start":{"line":373,"column":17},"end":{"line":379,"column":null}},"type":"cond-expr","locations":[{"start":{"line":374,"column":18},"end":{"line":379,"column":31}},{"start":{"line":379,"column":18},"end":{"line":379,"column":null}}]},"7":{"loc":{"start":{"line":379,"column":18},"end":{"line":379,"column":null}},"type":"cond-expr","locations":[{"start":{"line":379,"column":41},"end":{"line":379,"column":61}},{"start":{"line":379,"column":61},"end":{"line":379,"column":null}}]},"8":{"loc":{"start":{"line":387,"column":17},"end":{"line":389,"column":null}},"type":"cond-expr","locations":[{"start":{"line":388,"column":20},"end":{"line":388,"column":null}},{"start":{"line":389,"column":20},"end":{"line":389,"column":null}}]}},"s":{"0":0,"1":0,"2":0,"3":0,"4":0,"5":0,"6":0,"7":0,"8":0,"9":0,"10":0,"11":0,"12":0,"13":0,"14":0,"15":0,"16":0,"17":0,"18":0,"19":0,"20":0,"21":0,"22":0,"23":0,"24":0},"f":{"0":0,"1":0,"2":0,"3":0,"4":0,"5":0,"6":0},"b":{"0":[0,0],"1":[0,0],"2":[0],"3":[0],"4":[0],"5":[0,0],"6":[0,0],"7":[0,0],"8":[0,0]}}
,"/Users/mendell/jewgo app/app/admin/specials/page.tsx": {"path":"/Users/mendell/jewgo app/app/admin/specials/page.tsx","statementMap":{"0":{"start":{"line":10,"column":24},"end":{"line":10,"column":null}},"1":{"start":{"line":3,"column":43},"end":{"line":3,"column":null}},"2":{"start":{"line":11,"column":34},"end":{"line":11,"column":null}},"3":{"start":{"line":12,"column":32},"end":{"line":12,"column":null}},"4":{"start":{"line":13,"column":28},"end":{"line":13,"column":null}},"5":{"start":{"line":14,"column":48},"end":{"line":14,"column":null}},"6":{"start":{"line":15,"column":50},"end":{"line":15,"column":null}},"7":{"start":{"line":17,"column":2},"end":{"line":19,"column":null}},"8":{"start":{"line":18,"column":4},"end":{"line":18,"column":null}},"9":{"start":{"line":21,"column":24},"end":{"line":40,"column":null}},"10":{"start":{"line":22,"column":4},"end":{"line":39,"column":null}},"11":{"start":{"line":23,"column":6},"end":{"line":23,"column":null}},"12":{"start":{"line":24,"column":21},"end":{"line":26,"column":null}},"13":{"start":{"line":28,"column":23},"end":{"line":28,"column":null}},"14":{"start":{"line":29,"column":6},"end":{"line":31,"column":null}},"15":{"start":{"line":30,"column":8},"end":{"line":30,"column":null}},"16":{"start":{"line":32,"column":19},"end":{"line":32,"column":null}},"17":{"start":{"line":33,"column":6},"end":{"line":33,"column":null}},"18":{"start":{"line":35,"column":6},"end":{"line":35,"column":null}},"19":{"start":{"line":36,"column":6},"end":{"line":36,"column":null}},"20":{"start":{"line":38,"column":6},"end":{"line":38,"column":null}},"21":{"start":{"line":42,"column":24},"end":{"line":77,"column":null}},"22":{"start":{"line":43,"column":4},"end":{"line":46,"column":null}},"23":{"start":{"line":44,"column":6},"end":{"line":44,"column":null}},"24":{"start":{"line":45,"column":6},"end":{"line":45,"column":null}},"25":{"start":{"line":48,"column":4},"end":{"line":76,"column":null}},"26":{"start":{"line":49,"column":21},"end":{"line":51,"column":null}},"27":{"start":{"line":53,"column":23},"end":{"line":62,"column":null}},"28":{"start":{"line":64,"column":6},"end":{"line":73,"column":null}},"29":{"start":{"line":66,"column":8},"end":{"line":69,"column":null}},"30":{"start":{"line":66,"column":28},"end":{"line":69,"column":null}},"31":{"start":{"line":67,"column":10},"end":{"line":69,"column":null}},"32":{"start":{"line":71,"column":8},"end":{"line":71,"column":null}},"33":{"start":{"line":72,"column":8},"end":{"line":72,"column":null}},"34":{"start":{"line":75,"column":6},"end":{"line":75,"column":null}},"35":{"start":{"line":79,"column":25},"end":{"line":93,"column":null}},"36":{"start":{"line":80,"column":4},"end":{"line":92,"column":null}},"37":{"start":{"line":95,"column":23},"end":{"line":107,"column":null}},"38":{"start":{"line":96,"column":19},"end":{"line":100,"column":null}},"39":{"start":{"line":109,"column":2},"end":{"line":115,"column":null}},"40":{"start":{"line":129,"column":46},"end":{"line":129,"column":55}},"41":{"start":{"line":157,"column":20},"end":{"line":157,"column":41}},"42":{"start":{"line":183,"column":28},"end":{"line":183,"column":null}},"43":{"start":{"line":184,"column":28},"end":{"line":184,"column":null}},"44":{"start":{"line":226,"column":33},"end":{"line":226,"column":null}},"45":{"start":{"line":237,"column":20},"end":{"line":237,"column":null}},"46":{"start":{"line":238,"column":20},"end":{"line":238,"column":null}}},"fnMap":{"0":{"name":"SpecialsManagementPage","decl":{"start":{"line":10,"column":24},"end":{"line":10,"column":null}},"loc":{"start":{"line":10,"column":24},"end":{"line":251,"column":null}}},"1":{"name":"(anonymous_5)","decl":{"start":{"line":17,"column":12},"end":{"line":17,"column":null}},"loc":{"start":{"line":17,"column":12},"end":{"line":19,"column":5}}},"2":{"name":"(anonymous_6)","decl":{"start":{"line":21,"column":24},"end":{"line":21,"column":null}},"loc":{"start":{"line":21,"column":24},"end":{"line":40,"column":null}}},"3":{"name":"(anonymous_7)","decl":{"start":{"line":42,"column":24},"end":{"line":42,"column":31}},"loc":{"start":{"line":42,"column":31},"end":{"line":77,"column":null}}},"4":{"name":"(anonymous_8)","decl":{"start":{"line":66,"column":20},"end":{"line":66,"column":28}},"loc":{"start":{"line":66,"column":28},"end":{"line":69,"column":null}}},"5":{"name":"(anonymous_9)","decl":{"start":{"line":66,"column":37},"end":{"line":66,"column":null}},"loc":{"start":{"line":67,"column":10},"end":{"line":69,"column":null}}},"6":{"name":"(anonymous_10)","decl":{"start":{"line":79,"column":25},"end":{"line":79,"column":26}},"loc":{"start":{"line":79,"column":26},"end":{"line":93,"column":null}}},"7":{"name":"(anonymous_11)","decl":{"start":{"line":95,"column":23},"end":{"line":95,"column":24}},"loc":{"start":{"line":95,"column":24},"end":{"line":107,"column":null}}},"8":{"name":"(anonymous_12)","decl":{"start":{"line":129,"column":41},"end":{"line":129,"column":46}},"loc":{"start":{"line":129,"column":46},"end":{"line":129,"column":55}}},"9":{"name":"(anonymous_13)","decl":{"start":{"line":156,"column":32},"end":{"line":156,"column":33}},"loc":{"start":{"line":157,"column":20},"end":{"line":157,"column":41}}},"10":{"name":"(anonymous_14)","decl":{"start":{"line":182,"column":35},"end":{"line":182,"column":null}},"loc":{"start":{"line":182,"column":35},"end":{"line":185,"column":null}}},"11":{"name":"(anonymous_15)","decl":{"start":{"line":226,"column":27},"end":{"line":226,"column":33}},"loc":{"start":{"line":226,"column":33},"end":{"line":226,"column":null}}},"12":{"name":"(anonymous_16)","decl":{"start":{"line":236,"column":27},"end":{"line":236,"column":null}},"loc":{"start":{"line":236,"column":27},"end":{"line":239,"column":null}}}},"branchMap":{"0":{"loc":{"start":{"line":24,"column":21},"end":{"line":26,"column":null}},"type":"cond-expr","locations":[{"start":{"line":25,"column":10},"end":{"line":25,"column":null}},{"start":{"line":26,"column":10},"end":{"line":26,"column":null}}]},"1":{"loc":{"start":{"line":29,"column":6},"end":{"line":31,"column":null}},"type":"if","locations":[{"start":{"line":29,"column":6},"end":{"line":31,"column":null}},{"start":{},"end":{}}]},"2":{"loc":{"start":{"line":33,"column":18},"end":{"line":33,"column":37}},"type":"binary-expr","locations":[{"start":{"line":33,"column":18},"end":{"line":33,"column":31}},{"start":{"line":33,"column":35},"end":{"line":33,"column":37}}]},"3":{"loc":{"start":{"line":43,"column":4},"end":{"line":46,"column":null}},"type":"if","locations":[{"start":{"line":43,"column":4},"end":{"line":46,"column":null}},{"start":{},"end":{}}]},"4":{"loc":{"start":{"line":49,"column":21},"end":{"line":51,"column":null}},"type":"cond-expr","locations":[{"start":{"line":50,"column":10},"end":{"line":50,"column":null}},{"start":{"line":51,"column":10},"end":{"line":51,"column":null}}]},"5":{"loc":{"start":{"line":60,"column":26},"end":{"line":60,"column":null}},"type":"cond-expr","locations":[{"start":{"line":60,"column":53},"end":{"line":60,"column":62}},{"start":{"line":60,"column":62},"end":{"line":60,"column":null}}]},"6":{"loc":{"start":{"line":64,"column":6},"end":{"line":73,"column":null}},"type":"if","locations":[{"start":{"line":64,"column":6},"end":{"line":73,"column":null}},{"start":{},"end":{}}]},"7":{"loc":{"start":{"line":67,"column":10},"end":{"line":69,"column":null}},"type":"cond-expr","locations":[{"start":{"line":68,"column":14},"end":{"line":68,"column":null}},{"start":{"line":69,"column":14},"end":{"line":69,"column":null}}]},"8":{"loc":{"start":{"line":68,"column":79},"end":{"line":68,"column":124}},"type":"cond-expr","locations":[{"start":{"line":68,"column":106},"end":{"line":68,"column":115}},{"start":{"line":68,"column":115},"end":{"line":68,"column":124}}]},"9":{"loc":{"start":{"line":80,"column":4},"end":{"line":92,"column":null}},"type":"if","locations":[{"start":{"line":80,"column":4},"end":{"line":92,"column":null}},{"start":{"line":86,"column":11},"end":{"line":92,"column":null}}]},"10":{"loc":{"start":{"line":103,"column":94},"end":{"line":103,"column":141}},"type":"binary-expr","locations":[{"start":{"line":103,"column":94},"end":{"line":103,"column":122}},{"start":{"line":103,"column":126},"end":{"line":103,"column":141}}]},"11":{"loc":{"start":{"line":109,"column":2},"end":{"line":115,"column":null}},"type":"if","locations":[{"start":{"line":109,"column":2},"end":{"line":115,"column":null}},{"start":{},"end":{}}]},"12":{"loc":{"start":{"line":164,"column":27},"end":{"line":164,"column":46}},"type":"binary-expr","locations":[{"start":{"line":164,"column":27},"end":{"line":164,"column":46}}]},"13":{"loc":{"start":{"line":167,"column":27},"end":{"line":167,"column":51}},"type":"binary-expr","locations":[{"start":{"line":167,"column":27},"end":{"line":167,"column":51}}]},"14":{"loc":{"start":{"line":188,"column":27},"end":{"line":188,"column":null}},"type":"cond-expr","locations":[{"start":{"line":188,"column":45},"end":{"line":188,"column":61}},{"start":{"line":188,"column":61},"end":{"line":188,"column":null}}]},"15":{"loc":{"start":{"line":197,"column":13},"end":{"line":197,"column":null}},"type":"binary-expr","locations":[{"start":{"line":197,"column":13},"end":{"line":197,"column":null}}]},"16":{"loc":{"start":{"line":213,"column":7},"end":{"line":213,"column":27}},"type":"binary-expr","locations":[{"start":{"line":213,"column":7},"end":{"line":213,"column":27}},{"start":{"line":213,"column":27},"end":{"line":213,"column":null}}]},"17":{"loc":{"start":{"line":222,"column":53},"end":{"line":222,"column":null}},"type":"cond-expr","locations":[{"start":{"line":222,"column":79},"end":{"line":222,"column":88}},{"start":{"line":222,"column":88},"end":{"line":222,"column":null}}]},"18":{"loc":{"start":{"line":228,"column":20},"end":{"line":230,"column":null}},"type":"cond-expr","locations":[{"start":{"line":229,"column":24},"end":{"line":229,"column":null}},{"start":{"line":230,"column":24},"end":{"line":230,"column":null}}]},"19":{"loc":{"start":{"line":233,"column":19},"end":{"line":233,"column":null}},"type":"cond-expr","locations":[{"start":{"line":233,"column":45},"end":{"line":233,"column":64}},{"start":{"line":233,"column":64},"end":{"line":233,"column":null}}]}},"s":{"0":0,"1":0,"2":0,"3":0,"4":0,"5":0,"6":0,"7":0,"8":0,"9":0,"10":0,"11":0,"12":0,"13":0,"14":0,"15":0,"16":0,"17":0,"18":0,"19":0,"20":0,"21":0,"22":0,"23":0,"24":0,"25":0,"26":0,"27":0,"28":0,"29":0,"30":0,"31":0,"32":0,"33":0,"34":0,"35":0,"36":0,"37":0,"38":0,"39":0,"40":0,"41":0,"42":0,"43":0,"44":0,"45":0,"46":0},"f":{"0":0,"1":0,"2":0,"3":0,"4":0,"5":0,"6":0,"7":0,"8":0,"9":0,"10":0,"11":0,"12":0},"b":{"0":[0,0],"1":[0,0],"2":[0,0],"3":[0,0],"4":[0,0],"5":[0,0],"6":[0,0],"7":[0,0],"8":[0,0],"9":[0,0],"10":[0,0],"11":[0,0],"12":[0],"13":[0],"14":[0,0],"15":[0],"16":[0,0],"17":[0,0],"18":[0,0],"19":[0,0]}}
,"/Users/mendell/jewgo app/app/advanced-filters/page.tsx": {"path":"/Users/mendell/jewgo app/app/advanced-filters/page.tsx","statementMap":{"0":{"start":{"line":7,"column":24},"end":{"line":7,"column":null}},"1":{"start":{"line":3,"column":25},"end":{"line":3,"column":null}},"2":{"start":{"line":4,"column":19},"end":{"line":4,"column":null}},"3":{"start":{"line":5,"column":29},"end":{"line":5,"column":null}},"4":{"start":{"line":8,"column":32},"end":{"line":22,"column":null}},"5":{"start":{"line":24,"column":29},"end":{"line":29,"column":null}},"6":{"start":{"line":25,"column":4},"end":{"line":28,"column":null}},"7":{"start":{"line":25,"column":24},"end":{"line":28,"column":null}},"8":{"start":{"line":31,"column":34},"end":{"line":41,"column":null}},"9":{"start":{"line":32,"column":4},"end":{"line":40,"column":null}},"10":{"start":{"line":33,"column":27},"end":{"line":33,"column":57}},"11":{"start":{"line":34,"column":6},"end":{"line":39,"column":null}},"12":{"start":{"line":37,"column":40},"end":{"line":37,"column":null}},"13":{"start":{"line":43,"column":23},"end":{"line":59,"column":null}},"14":{"start":{"line":44,"column":4},"end":{"line":58,"column":null}},"15":{"start":{"line":86,"column":37},"end":{"line":86,"column":null}},"16":{"start":{"line":101,"column":37},"end":{"line":101,"column":null}},"17":{"start":{"line":116,"column":37},"end":{"line":116,"column":null}},"18":{"start":{"line":137,"column":37},"end":{"line":137,"column":null}},"19":{"start":{"line":146,"column":37},"end":{"line":146,"column":null}},"20":{"start":{"line":155,"column":37},"end":{"line":155,"column":null}},"21":{"start":{"line":164,"column":37},"end":{"line":164,"column":null}},"22":{"start":{"line":180,"column":37},"end":{"line":180,"column":null}},"23":{"start":{"line":189,"column":37},"end":{"line":189,"column":null}},"24":{"start":{"line":198,"column":37},"end":{"line":198,"column":null}},"25":{"start":{"line":211,"column":18},"end":{"line":211,"column":39}},"26":{"start":{"line":215,"column":38},"end":{"line":215,"column":null}},"27":{"start":{"line":229,"column":18},"end":{"line":229,"column":36}},"28":{"start":{"line":233,"column":38},"end":{"line":233,"column":null}},"29":{"start":{"line":247,"column":18},"end":{"line":247,"column":39}},"30":{"start":{"line":251,"column":38},"end":{"line":251,"column":null}},"31":{"start":{"line":269,"column":31},"end":{"line":269,"column":null}}},"fnMap":{"0":{"name":"AdvancedFiltersPage","decl":{"start":{"line":7,"column":24},"end":{"line":7,"column":null}},"loc":{"start":{"line":7,"column":24},"end":{"line":283,"column":null}}},"1":{"name":"(anonymous_3)","decl":{"start":{"line":24,"column":29},"end":{"line":24,"column":30}},"loc":{"start":{"line":24,"column":43},"end":{"line":29,"column":null}}},"2":{"name":"(anonymous_4)","decl":{"start":{"line":25,"column":15},"end":{"line":25,"column":24}},"loc":{"start":{"line":25,"column":24},"end":{"line":28,"column":null}}},"3":{"name":"(anonymous_5)","decl":{"start":{"line":31,"column":34},"end":{"line":31,"column":35}},"loc":{"start":{"line":31,"column":48},"end":{"line":41,"column":null}}},"4":{"name":"(anonymous_6)","decl":{"start":{"line":32,"column":15},"end":{"line":32,"column":null}},"loc":{"start":{"line":32,"column":15},"end":{"line":40,"column":null}}},"5":{"name":"(anonymous_7)","decl":{"start":{"line":37,"column":32},"end":{"line":37,"column":40}},"loc":{"start":{"line":37,"column":40},"end":{"line":37,"column":null}}},"6":{"name":"(anonymous_8)","decl":{"start":{"line":43,"column":23},"end":{"line":43,"column":null}},"loc":{"start":{"line":43,"column":23},"end":{"line":59,"column":null}}},"7":{"name":"(anonymous_9)","decl":{"start":{"line":86,"column":30},"end":{"line":86,"column":31}},"loc":{"start":{"line":86,"column":37},"end":{"line":86,"column":null}}},"8":{"name":"(anonymous_10)","decl":{"start":{"line":101,"column":30},"end":{"line":101,"column":31}},"loc":{"start":{"line":101,"column":37},"end":{"line":101,"column":null}}},"9":{"name":"(anonymous_11)","decl":{"start":{"line":116,"column":30},"end":{"line":116,"column":31}},"loc":{"start":{"line":116,"column":37},"end":{"line":116,"column":null}}},"10":{"name":"(anonymous_12)","decl":{"start":{"line":137,"column":30},"end":{"line":137,"column":31}},"loc":{"start":{"line":137,"column":37},"end":{"line":137,"column":null}}},"11":{"name":"(anonymous_13)","decl":{"start":{"line":146,"column":30},"end":{"line":146,"column":31}},"loc":{"start":{"line":146,"column":37},"end":{"line":146,"column":null}}},"12":{"name":"(anonymous_14)","decl":{"start":{"line":155,"column":30},"end":{"line":155,"column":31}},"loc":{"start":{"line":155,"column":37},"end":{"line":155,"column":null}}},"13":{"name":"(anonymous_15)","decl":{"start":{"line":164,"column":30},"end":{"line":164,"column":31}},"loc":{"start":{"line":164,"column":37},"end":{"line":164,"column":null}}},"14":{"name":"(anonymous_16)","decl":{"start":{"line":180,"column":30},"end":{"line":180,"column":31}},"loc":{"start":{"line":180,"column":37},"end":{"line":180,"column":null}}},"15":{"name":"(anonymous_17)","decl":{"start":{"line":189,"column":30},"end":{"line":189,"column":31}},"loc":{"start":{"line":189,"column":37},"end":{"line":189,"column":null}}},"16":{"name":"(anonymous_18)","decl":{"start":{"line":198,"column":30},"end":{"line":198,"column":31}},"loc":{"start":{"line":198,"column":37},"end":{"line":198,"column":null}}},"17":{"name":"(anonymous_19)","decl":{"start":{"line":210,"column":123},"end":{"line":210,"column":124}},"loc":{"start":{"line":211,"column":18},"end":{"line":211,"column":39}}},"18":{"name":"(anonymous_20)","decl":{"start":{"line":215,"column":32},"end":{"line":215,"column":38}},"loc":{"start":{"line":215,"column":38},"end":{"line":215,"column":null}}},"19":{"name":"(anonymous_21)","decl":{"start":{"line":228,"column":85},"end":{"line":228,"column":86}},"loc":{"start":{"line":229,"column":18},"end":{"line":229,"column":36}}},"20":{"name":"(anonymous_22)","decl":{"start":{"line":233,"column":32},"end":{"line":233,"column":38}},"loc":{"start":{"line":233,"column":38},"end":{"line":233,"column":null}}},"21":{"name":"(anonymous_23)","decl":{"start":{"line":246,"column":125},"end":{"line":246,"column":126}},"loc":{"start":{"line":247,"column":18},"end":{"line":247,"column":39}}},"22":{"name":"(anonymous_24)","decl":{"start":{"line":251,"column":32},"end":{"line":251,"column":38}},"loc":{"start":{"line":251,"column":38},"end":{"line":251,"column":null}}},"23":{"name":"(anonymous_25)","decl":{"start":{"line":269,"column":25},"end":{"line":269,"column":31}},"loc":{"start":{"line":269,"column":31},"end":{"line":269,"column":null}}}},"branchMap":{"0":{"loc":{"start":{"line":36,"column":15},"end":{"line":38,"column":null}},"type":"cond-expr","locations":[{"start":{"line":37,"column":12},"end":{"line":37,"column":null}},{"start":{"line":38,"column":12},"end":{"line":38,"column":null}}]}},"s":{"0":0,"1":0,"2":0,"3":0,"4":0,"5":0,"6":0,"7":0,"8":0,"9":0,"10":0,"11":0,"12":0,"13":0,"14":0,"15":0,"16":0,"17":0,"18":0,"19":0,"20":0,"21":0,"22":0,"23":0,"24":0,"25":0,"26":0,"27":0,"28":0,"29":0,"30":0,"31":0},"f":{"0":0,"1":0,"2":0,"3":0,"4":0,"5":0,"6":0,"7":0,"8":0,"9":0,"10":0,"11":0,"12":0,"13":0,"14":0,"15":0,"16":0,"17":0,"18":0,"19":0,"20":0,"21":0,"22":0,"23":0},"b":{"0":[0,0]}}
,"/Users/mendell/jewgo app/app/api/auth/[...nextauth]/route.ts": {"path":"/Users/mendell/jewgo app/app/api/auth/[...nextauth]/route.ts","statementMap":{"0":{"start":{"line":54,"column":9},"end":{"line":54,"column":20}},"1":{"start":{"line":54,"column":25},"end":{"line":54,"column":36}},"2":{"start":{"line":1,"column":21},"end":{"line":1,"column":null}},"3":{"start":{"line":2,"column":27},"end":{"line":2,"column":null}},"4":{"start":{"line":3,"column":32},"end":{"line":3,"column":null}},"5":{"start":{"line":5,"column":16},"end":{"line":52,"column":null}},"6":{"start":{"line":20,"column":8},"end":{"line":27,"column":null}},"7":{"start":{"line":21,"column":10},"end":{"line":26,"column":null}},"8":{"start":{"line":28,"column":8},"end":{"line":28,"column":null}},"9":{"start":{"line":40,"column":6},"end":{"line":42,"column":null}},"10":{"start":{"line":41,"column":8},"end":{"line":41,"column":null}},"11":{"start":{"line":43,"column":6},"end":{"line":43,"column":null}},"12":{"start":{"line":46,"column":6},"end":{"line":48,"column":null}},"13":{"start":{"line":47,"column":8},"end":{"line":47,"column":null}},"14":{"start":{"line":49,"column":6},"end":{"line":49,"column":null}}},"fnMap":{"0":{"name":"(anonymous_4)","decl":{"start":{"line":17,"column":6},"end":{"line":17,"column":12}},"loc":{"start":{"line":17,"column":33},"end":{"line":29,"column":null}}},"1":{"name":"(anonymous_5)","decl":{"start":{"line":39,"column":4},"end":{"line":39,"column":10}},"loc":{"start":{"line":39,"column":29},"end":{"line":44,"column":null}}},"2":{"name":"(anonymous_6)","decl":{"start":{"line":45,"column":4},"end":{"line":45,"column":10}},"loc":{"start":{"line":45,"column":36},"end":{"line":50,"column":null}}}},"branchMap":{"0":{"loc":{"start":{"line":20,"column":8},"end":{"line":27,"column":null}},"type":"if","locations":[{"start":{"line":20,"column":8},"end":{"line":27,"column":null}},{"start":{},"end":{}}]},"1":{"loc":{"start":{"line":20,"column":12},"end":{"line":20,"column":57}},"type":"binary-expr","locations":[{"start":{"line":20,"column":12},"end":{"line":20,"column":34}},{"start":{"line":20,"column":34},"end":{"line":20,"column":57}}]},"2":{"loc":{"start":{"line":40,"column":6},"end":{"line":42,"column":null}},"type":"if","locations":[{"start":{"line":40,"column":6},"end":{"line":42,"column":null}},{"start":{},"end":{}}]},"3":{"loc":{"start":{"line":46,"column":6},"end":{"line":48,"column":null}},"type":"if","locations":[{"start":{"line":46,"column":6},"end":{"line":48,"column":null}},{"start":{},"end":{}}]}},"s":{"0":0,"1":0,"2":0,"3":0,"4":0,"5":0,"6":0,"7":0,"8":0,"9":0,"10":0,"11":0,"12":0,"13":0,"14":0},"f":{"0":0,"1":0,"2":0},"b":{"0":[0,0],"1":[0,0],"2":[0,0],"3":[0,0]}}
,"/Users/mendell/jewgo app/app/auth/signin/page.tsx": {"path":"/Users/mendell/jewgo app/app/auth/signin/page.tsx","statementMap":{"0":{"start":{"line":7,"column":24},"end":{"line":7,"column":null}},"1":{"start":{"line":3,"column":35},"end":{"line":3,"column":null}},"2":{"start":{"line":4,"column":36},"end":{"line":4,"column":null}},"3":{"start":{"line":5,"column":26},"end":{"line":5,"column":null}},"4":{"start":{"line":8,"column":28},"end":{"line":8,"column":null}},"5":{"start":{"line":9,"column":34},"end":{"line":9,"column":null}},"6":{"start":{"line":10,"column":36},"end":{"line":10,"column":null}},"7":{"start":{"line":11,"column":28},"end":{"line":11,"column":null}},"8":{"start":{"line":12,"column":17},"end":{"line":12,"column":null}},"9":{"start":{"line":14,"column":2},"end":{"line":21,"column":null}},"10":{"start":{"line":16,"column":4},"end":{"line":20,"column":null}},"11":{"start":{"line":17,"column":6},"end":{"line":19,"column":null}},"12":{"start":{"line":18,"column":8},"end":{"line":18,"column":null}},"13":{"start":{"line":23,"column":23},"end":{"line":45,"column":null}},"14":{"start":{"line":24,"column":4},"end":{"line":24,"column":null}},"15":{"start":{"line":25,"column":4},"end":{"line":25,"column":null}},"16":{"start":{"line":26,"column":4},"end":{"line":26,"column":null}},"17":{"start":{"line":28,"column":4},"end":{"line":44,"column":null}},"18":{"start":{"line":29,"column":21},"end":{"line":33,"column":null}},"19":{"start":{"line":35,"column":6},"end":{"line":39,"column":null}},"20":{"start":{"line":36,"column":8},"end":{"line":36,"column":null}},"21":{"start":{"line":38,"column":8},"end":{"line":38,"column":null}},"22":{"start":{"line":41,"column":6},"end":{"line":41,"column":null}},"23":{"start":{"line":43,"column":6},"end":{"line":43,"column":null}},"24":{"start":{"line":47,"column":29},"end":{"line":49,"column":null}},"25":{"start":{"line":48,"column":4},"end":{"line":48,"column":null}},"26":{"start":{"line":85,"column":35},"end":{"line":85,"column":null}},"27":{"start":{"line":104,"column":35},"end":{"line":104,"column":null}}},"fnMap":{"0":{"name":"SignIn","decl":{"start":{"line":7,"column":24},"end":{"line":7,"column":null}},"loc":{"start":{"line":7,"column":24},"end":{"line":175,"column":null}}},"1":{"name":"(anonymous_2)","decl":{"start":{"line":14,"column":12},"end":{"line":14,"column":null}},"loc":{"start":{"line":14,"column":12},"end":{"line":21,"column":5}}},"2":{"name":"(anonymous_3)","decl":{"start":{"line":16,"column":22},"end":{"line":16,"column":23}},"loc":{"start":{"line":16,"column":23},"end":{"line":20,"column":null}}},"3":{"name":"(anonymous_4)","decl":{"start":{"line":23,"column":23},"end":{"line":23,"column":30}},"loc":{"start":{"line":23,"column":30},"end":{"line":45,"column":null}}},"4":{"name":"(anonymous_5)","decl":{"start":{"line":47,"column":29},"end":{"line":47,"column":null}},"loc":{"start":{"line":47,"column":29},"end":{"line":49,"column":null}}},"5":{"name":"(anonymous_6)","decl":{"start":{"line":85,"column":28},"end":{"line":85,"column":29}},"loc":{"start":{"line":85,"column":35},"end":{"line":85,"column":null}}},"6":{"name":"(anonymous_7)","decl":{"start":{"line":104,"column":28},"end":{"line":104,"column":29}},"loc":{"start":{"line":104,"column":35},"end":{"line":104,"column":null}}}},"branchMap":{"0":{"loc":{"start":{"line":17,"column":6},"end":{"line":19,"column":null}},"type":"if","locations":[{"start":{"line":17,"column":6},"end":{"line":19,"column":null}},{"start":{},"end":{}}]},"1":{"loc":{"start":{"line":35,"column":6},"end":{"line":39,"column":null}},"type":"if","locations":[{"start":{"line":35,"column":6},"end":{"line":39,"column":null}},{"start":{"line":37,"column":13},"end":{"line":39,"column":null}}]},"2":{"loc":{"start":{"line":111,"column":13},"end":{"line":111,"column":null}},"type":"binary-expr","locations":[{"start":{"line":111,"column":13},"end":{"line":111,"column":null}}]},"3":{"loc":{"start":{"line":123,"column":17},"end":{"line":123,"column":null}},"type":"cond-expr","locations":[{"start":{"line":123,"column":29},"end":{"line":123,"column":47}},{"start":{"line":123,"column":47},"end":{"line":123,"column":null}}]}},"s":{"0":0,"1":0,"2":0,"3":0,"4":0,"5":0,"6":0,"7":0,"8":0,"9":0,"10":0,"11":0,"12":0,"13":0,"14":0,"15":0,"16":0,"17":0,"18":0,"19":0,"20":0,"21":0,"22":0,"23":0,"24":0,"25":0,"26":0,"27":0},"f":{"0":0,"1":0,"2":0,"3":0,"4":0,"5":0,"6":0},"b":{"0":[0,0],"1":[0,0],"2":[0],"3":[0,0]}}
,"/Users/mendell/jewgo app/app/favorites/page.tsx": {"path":"/Users/mendell/jewgo app/app/favorites/page.tsx","statementMap":{"0":{"start":{"line":10,"column":24},"end":{"line":10,"column":null}},"1":{"start":{"line":3,"column":36},"end":{"line":3,"column":null}},"2":{"start":{"line":4,"column":27},"end":{"line":4,"column":null}},"3":{"start":{"line":5,"column":27},"end":{"line":5,"column":null}},"4":{"start":{"line":6,"column":19},"end":{"line":6,"column":null}},"5":{"start":{"line":7,"column":27},"end":{"line":7,"column":null}},"6":{"start":{"line":11,"column":28},"end":{"line":11,"column":null}},"7":{"start":{"line":12,"column":36},"end":{"line":12,"column":null}},"8":{"start":{"line":13,"column":32},"end":{"line":13,"column":null}},"9":{"start":{"line":15,"column":2},"end":{"line":29,"column":null}},"10":{"start":{"line":16,"column":4},"end":{"line":28,"column":null}},"11":{"start":{"line":19,"column":30},"end":{"line":19,"column":null}},"12":{"start":{"line":20,"column":6},"end":{"line":26,"column":null}},"13":{"start":{"line":21,"column":8},"end":{"line":25,"column":null}},"14":{"start":{"line":22,"column":10},"end":{"line":22,"column":null}},"15":{"start":{"line":24,"column":10},"end":{"line":24,"column":null}},"16":{"start":{"line":27,"column":6},"end":{"line":27,"column":null}},"17":{"start":{"line":31,"column":25},"end":{"line":35,"column":null}},"18":{"start":{"line":32,"column":29},"end":{"line":32,"column":null}},"19":{"start":{"line":32,"column":53},"end":{"line":32,"column":null}},"20":{"start":{"line":33,"column":4},"end":{"line":33,"column":null}},"21":{"start":{"line":34,"column":4},"end":{"line":34,"column":null}},"22":{"start":{"line":37,"column":2},"end":{"line":48,"column":null}},"23":{"start":{"line":84,"column":16},"end":{"line":84,"column":41}},"24":{"start":{"line":87,"column":35},"end":{"line":87,"column":null}}},"fnMap":{"0":{"name":"FavoritesPage","decl":{"start":{"line":10,"column":24},"end":{"line":10,"column":null}},"loc":{"start":{"line":10,"column":24},"end":{"line":103,"column":null}}},"1":{"name":"(anonymous_3)","decl":{"start":{"line":15,"column":12},"end":{"line":15,"column":null}},"loc":{"start":{"line":15,"column":12},"end":{"line":29,"column":5}}},"2":{"name":"(anonymous_4)","decl":{"start":{"line":31,"column":25},"end":{"line":31,"column":26}},"loc":{"start":{"line":31,"column":26},"end":{"line":35,"column":null}}},"3":{"name":"(anonymous_5)","decl":{"start":{"line":32,"column":46},"end":{"line":32,"column":53}},"loc":{"start":{"line":32,"column":53},"end":{"line":32,"column":null}}},"4":{"name":"(anonymous_6)","decl":{"start":{"line":83,"column":29},"end":{"line":83,"column":30}},"loc":{"start":{"line":84,"column":16},"end":{"line":84,"column":41}}},"5":{"name":"(anonymous_7)","decl":{"start":{"line":87,"column":29},"end":{"line":87,"column":35}},"loc":{"start":{"line":87,"column":35},"end":{"line":87,"column":null}}}},"branchMap":{"0":{"loc":{"start":{"line":16,"column":4},"end":{"line":28,"column":null}},"type":"if","locations":[{"start":{"line":16,"column":4},"end":{"line":28,"column":null}},{"start":{},"end":{}}]},"1":{"loc":{"start":{"line":20,"column":6},"end":{"line":26,"column":null}},"type":"if","locations":[{"start":{"line":20,"column":6},"end":{"line":26,"column":null}},{"start":{},"end":{}}]},"2":{"loc":{"start":{"line":37,"column":2},"end":{"line":48,"column":null}},"type":"if","locations":[{"start":{"line":37,"column":2},"end":{"line":48,"column":null}},{"start":{},"end":{}}]},"3":{"loc":{"start":{"line":64,"column":12},"end":{"line":82,"column":13}},"type":"cond-expr","locations":[{"start":{"line":64,"column":12},"end":{"line":82,"column":13}}]}},"s":{"0":0,"1":0,"2":0,"3":0,"4":0,"5":0,"6":0,"7":0,"8":0,"9":0,"10":0,"11":0,"12":0,"13":0,"14":0,"15":0,"16":0,"17":0,"18":0,"19":0,"20":0,"21":0,"22":0,"23":0,"24":0},"f":{"0":0,"1":0,"2":0,"3":0,"4":0,"5":0},"b":{"0":[0,0],"1":[0,0],"2":[0,0],"3":[0]}}
,"/Users/mendell/jewgo app/app/live-map/page.tsx": {"path":"/Users/mendell/jewgo app/app/live-map/page.tsx","statementMap":{"0":{"start":{"line":13,"column":24},"end":{"line":13,"column":null}},"1":{"start":{"line":3,"column":49},"end":{"line":3,"column":null}},"2":{"start":{"line":4,"column":32},"end":{"line":4,"column":null}},"3":{"start":{"line":5,"column":19},"end":{"line":5,"column":null}},"4":{"start":{"line":6,"column":22},"end":{"line":6,"column":null}},"5":{"start":{"line":7,"column":26},"end":{"line":7,"column":null}},"6":{"start":{"line":8,"column":37},"end":{"line":8,"column":null}},"7":{"start":{"line":9,"column":29},"end":{"line":9,"column":null}},"8":{"start":{"line":10,"column":20},"end":{"line":10,"column":null}},"9":{"start":{"line":14,"column":23},"end":{"line":14,"column":null}},"10":{"start":{"line":15,"column":46},"end":{"line":15,"column":null}},"11":{"start":{"line":16,"column":58},"end":{"line":16,"column":null}},"12":{"start":{"line":17,"column":32},"end":{"line":17,"column":null}},"13":{"start":{"line":18,"column":28},"end":{"line":18,"column":null}},"14":{"start":{"line":19,"column":40},"end":{"line":19,"column":null}},"15":{"start":{"line":20,"column":54},"end":{"line":20,"column":null}},"16":{"start":{"line":21,"column":42},"end":{"line":21,"column":null}},"17":{"start":{"line":22,"column":48},"end":{"line":22,"column":null}},"18":{"start":{"line":23,"column":44},"end":{"line":23,"column":null}},"19":{"start":{"line":24,"column":44},"end":{"line":31,"column":null}},"20":{"start":{"line":32,"column":36},"end":{"line":32,"column":null}},"21":{"start":{"line":33,"column":36},"end":{"line":33,"column":null}},"22":{"start":{"line":36,"column":2},"end":{"line":59,"column":null}},"23":{"start":{"line":37,"column":16},"end":{"line":37,"column":null}},"24":{"start":{"line":38,"column":16},"end":{"line":38,"column":null}},"25":{"start":{"line":39,"column":17},"end":{"line":39,"column":null}},"26":{"start":{"line":41,"column":4},"end":{"line":58,"column":null}},"27":{"start":{"line":42,"column":23},"end":{"line":42,"column":null}},"28":{"start":{"line":43,"column":24},"end":{"line":43,"column":null}},"29":{"start":{"line":46,"column":6},"end":{"line":57,"column":null}},"30":{"start":{"line":49,"column":8},"end":{"line":49,"column":null}},"31":{"start":{"line":50,"column":8},"end":{"line":53,"column":null}},"32":{"start":{"line":51,"column":30},"end":{"line":51,"column":null}},"33":{"start":{"line":52,"column":10},"end":{"line":52,"column":null}},"34":{"start":{"line":55,"column":8},"end":{"line":55,"column":null}},"35":{"start":{"line":62,"column":2},"end":{"line":64,"column":null}},"36":{"start":{"line":63,"column":4},"end":{"line":63,"column":null}},"37":{"start":{"line":67,"column":2},"end":{"line":69,"column":null}},"38":{"start":{"line":68,"column":4},"end":{"line":68,"column":null}},"39":{"start":{"line":71,"column":2},"end":{"line":76,"column":null}},"40":{"start":{"line":73,"column":4},"end":{"line":75,"column":null}},"41":{"start":{"line":74,"column":6},"end":{"line":74,"column":null}},"42":{"start":{"line":78,"column":2},"end":{"line":82,"column":null}},"43":{"start":{"line":79,"column":4},"end":{"line":79,"column":null}},"44":{"start":{"line":80,"column":4},"end":{"line":80,"column":null}},"45":{"start":{"line":81,"column":4},"end":{"line":81,"column":null}},"46":{"start":{"line":84,"column":27},"end":{"line":133,"column":null}},"47":{"start":{"line":85,"column":4},"end":{"line":132,"column":null}},"48":{"start":{"line":86,"column":6},"end":{"line":86,"column":null}},"49":{"start":{"line":87,"column":6},"end":{"line":87,"column":null}},"50":{"start":{"line":89,"column":25},"end":{"line":89,"column":null}},"51":{"start":{"line":90,"column":21},"end":{"line":90,"column":52}},"52":{"start":{"line":92,"column":6},"end":{"line":127,"column":null}},"53":{"start":{"line":95,"column":20},"end":{"line":97,"column":102}},"54":{"start":{"line":99,"column":8},"end":{"line":99,"column":null}},"55":{"start":{"line":100,"column":25},"end":{"line":100,"column":null}},"56":{"start":{"line":101,"column":8},"end":{"line":103,"column":null}},"57":{"start":{"line":102,"column":10},"end":{"line":102,"column":null}},"58":{"start":{"line":104,"column":21},"end":{"line":104,"column":null}},"59":{"start":{"line":106,"column":8},"end":{"line":112,"column":null}},"60":{"start":{"line":107,"column":10},"end":{"line":107,"column":null}},"61":{"start":{"line":108,"column":10},"end":{"line":108,"column":null}},"62":{"start":{"line":109,"column":10},"end":{"line":109,"column":null}},"63":{"start":{"line":111,"column":10},"end":{"line":111,"column":null}},"64":{"start":{"line":114,"column":25},"end":{"line":114,"column":null}},"65":{"start":{"line":115,"column":8},"end":{"line":117,"column":null}},"66":{"start":{"line":116,"column":10},"end":{"line":116,"column":null}},"67":{"start":{"line":118,"column":21},"end":{"line":118,"column":null}},"68":{"start":{"line":120,"column":8},"end":{"line":126,"column":null}},"69":{"start":{"line":121,"column":10},"end":{"line":121,"column":null}},"70":{"start":{"line":122,"column":10},"end":{"line":122,"column":null}},"71":{"start":{"line":123,"column":10},"end":{"line":123,"column":null}},"72":{"start":{"line":125,"column":10},"end":{"line":125,"column":null}},"73":{"start":{"line":129,"column":6},"end":{"line":129,"column":null}},"74":{"start":{"line":131,"column":6},"end":{"line":131,"column":null}},"75":{"start":{"line":135,"column":26},"end":{"line":165,"column":null}},"76":{"start":{"line":136,"column":4},"end":{"line":139,"column":null}},"77":{"start":{"line":137,"column":6},"end":{"line":137,"column":null}},"78":{"start":{"line":138,"column":6},"end":{"line":138,"column":null}},"79":{"start":{"line":141,"column":4},"end":{"line":141,"column":null}},"80":{"start":{"line":142,"column":4},"end":{"line":142,"column":null}},"81":{"start":{"line":144,"column":4},"end":{"line":163,"column":null}},"82":{"start":{"line":146,"column":25},"end":{"line":150,"column":null}},"83":{"start":{"line":151,"column":8},"end":{"line":151,"column":null}},"84":{"start":{"line":152,"column":8},"end":{"line":152,"column":null}},"85":{"start":{"line":155,"column":29},"end":{"line":155,"column":null}},"86":{"start":{"line":156,"column":8},"end":{"line":156,"column":null}},"87":{"start":{"line":157,"column":8},"end":{"line":157,"column":null}},"88":{"start":{"line":167,"column":34},"end":{"line":178,"column":null}},"89":{"start":{"line":168,"column":4},"end":{"line":177,"column":null}},"90":{"start":{"line":170,"column":8},"end":{"line":170,"column":null}},"91":{"start":{"line":172,"column":8},"end":{"line":172,"column":null}},"92":{"start":{"line":174,"column":8},"end":{"line":174,"column":null}},"93":{"start":{"line":176,"column":8},"end":{"line":176,"column":null}},"94":{"start":{"line":180,"column":28},"end":{"line":189,"column":null}},"95":{"start":{"line":181,"column":14},"end":{"line":181,"column":20}},"96":{"start":{"line":182,"column":17},"end":{"line":182,"column":null}},"97":{"start":{"line":183,"column":17},"end":{"line":183,"column":null}},"98":{"start":{"line":184,"column":14},"end":{"line":186,"column":null}},"99":{"start":{"line":187,"column":14},"end":{"line":187,"column":null}},"100":{"start":{"line":188,"column":4},"end":{"line":188,"column":null}},"101":{"start":{"line":191,"column":37},"end":{"line":309,"column":null}},"102":{"start":{"line":192,"column":4},"end":{"line":196,"column":null}},"103":{"start":{"line":198,"column":30},"end":{"line":198,"column":null}},"104":{"start":{"line":201,"column":4},"end":{"line":225,"column":null}},"105":{"start":{"line":202,"column":20},"end":{"line":202,"column":null}},"106":{"start":{"line":203,"column":6},"end":{"line":203,"column":null}},"107":{"start":{"line":204,"column":6},"end":{"line":204,"column":null}},"108":{"start":{"line":204,"column":94},"end":{"line":204,"column":100}},"109":{"start":{"line":206,"column":6},"end":{"line":224,"column":null}},"110":{"start":{"line":207,"column":33},"end":{"line":217,"column":null}},"111":{"start":{"line":217,"column":39},"end":{"line":217,"column":null}},"112":{"start":{"line":219,"column":24},"end":{"line":219,"column":null}},"113":{"start":{"line":219,"column":55},"end":{"line":219,"column":null}},"114":{"start":{"line":220,"column":8},"end":{"line":222,"column":null}},"115":{"start":{"line":221,"column":10},"end":{"line":221,"column":null}},"116":{"start":{"line":223,"column":8},"end":{"line":223,"column":null}},"117":{"start":{"line":228,"column":4},"end":{"line":236,"column":null}},"118":{"start":{"line":229,"column":6},"end":{"line":235,"column":null}},"119":{"start":{"line":230,"column":8},"end":{"line":234,"column":null}},"120":{"start":{"line":231,"column":10},"end":{"line":231,"column":null}},"121":{"start":{"line":233,"column":10},"end":{"line":233,"column":null}},"122":{"start":{"line":239,"column":4},"end":{"line":252,"column":null}},"123":{"start":{"line":240,"column":6},"end":{"line":251,"column":null}},"124":{"start":{"line":241,"column":31},"end":{"line":241,"column":null}},"125":{"start":{"line":243,"column":8},"end":{"line":249,"column":null}},"126":{"start":{"line":244,"column":10},"end":{"line":244,"column":null}},"127":{"start":{"line":245,"column":15},"end":{"line":249,"column":null}},"128":{"start":{"line":246,"column":10},"end":{"line":246,"column":null}},"129":{"start":{"line":247,"column":15},"end":{"line":249,"column":null}},"130":{"start":{"line":248,"column":10},"end":{"line":248,"column":null}},"131":{"start":{"line":250,"column":8},"end":{"line":250,"column":null}},"132":{"start":{"line":255,"column":4},"end":{"line":260,"column":null}},"133":{"start":{"line":256,"column":6},"end":{"line":259,"column":null}},"134":{"start":{"line":257,"column":28},"end":{"line":257,"column":null}},"135":{"start":{"line":258,"column":8},"end":{"line":258,"column":null}},"136":{"start":{"line":263,"column":4},"end":{"line":273,"column":null}},"137":{"start":{"line":264,"column":6},"end":{"line":272,"column":null}},"138":{"start":{"line":265,"column":25},"end":{"line":269,"column":null}},"139":{"start":{"line":271,"column":8},"end":{"line":271,"column":null}},"140":{"start":{"line":276,"column":4},"end":{"line":286,"column":null}},"141":{"start":{"line":277,"column":18},"end":{"line":277,"column":null}},"142":{"start":{"line":278,"column":25},"end":{"line":278,"column":39}},"143":{"start":{"line":279,"column":26},"end":{"line":279,"column":67}},"144":{"start":{"line":281,"column":6},"end":{"line":285,"column":null}},"145":{"start":{"line":284,"column":8},"end":{"line":284,"column":null}},"146":{"start":{"line":289,"column":4},"end":{"line":305,"column":null}},"147":{"start":{"line":290,"column":6},"end":{"line":304,"column":null}},"148":{"start":{"line":291,"column":26},"end":{"line":295,"column":null}},"149":{"start":{"line":297,"column":26},"end":{"line":301,"column":null}},"150":{"start":{"line":303,"column":8},"end":{"line":303,"column":null}},"151":{"start":{"line":307,"column":4},"end":{"line":307,"column":null}},"152":{"start":{"line":308,"column":4},"end":{"line":308,"column":null}},"153":{"start":{"line":311,"column":33},"end":{"line":313,"column":null}},"154":{"start":{"line":312,"column":4},"end":{"line":312,"column":null}},"155":{"start":{"line":315,"column":29},"end":{"line":320,"column":null}},"156":{"start":{"line":316,"column":4},"end":{"line":319,"column":null}},"157":{"start":{"line":316,"column":30},"end":{"line":319,"column":null}},"158":{"start":{"line":322,"column":29},"end":{"line":327,"column":null}},"159":{"start":{"line":323,"column":4},"end":{"line":326,"column":null}},"160":{"start":{"line":323,"column":30},"end":{"line":326,"column":null}},"161":{"start":{"line":329,"column":31},"end":{"line":334,"column":null}},"162":{"start":{"line":330,"column":4},"end":{"line":333,"column":null}},"163":{"start":{"line":330,"column":30},"end":{"line":333,"column":null}},"164":{"start":{"line":336,"column":25},"end":{"line":339,"column":null}},"165":{"start":{"line":337,"column":4},"end":{"line":337,"column":null}},"166":{"start":{"line":338,"column":4},"end":{"line":338,"column":null}},"167":{"start":{"line":341,"column":33},"end":{"line":344,"column":null}},"168":{"start":{"line":342,"column":23},"end":{"line":342,"column":null}},"169":{"start":{"line":342,"column":48},"end":{"line":342,"column":null}},"170":{"start":{"line":343,"column":4},"end":{"line":343,"column":null}},"171":{"start":{"line":346,"column":27},"end":{"line":348,"column":null}},"172":{"start":{"line":347,"column":4},"end":{"line":347,"column":null}},"173":{"start":{"line":350,"column":27},"end":{"line":359,"column":null}},"174":{"start":{"line":351,"column":4},"end":{"line":357,"column":null}},"175":{"start":{"line":361,"column":26},"end":{"line":364,"column":null}},"176":{"start":{"line":362,"column":4},"end":{"line":362,"column":null}},"177":{"start":{"line":363,"column":4},"end":{"line":363,"column":null}},"178":{"start":{"line":366,"column":31},"end":{"line":387,"column":null}},"179":{"start":{"line":367,"column":20},"end":{"line":367,"column":22}},"180":{"start":{"line":368,"column":4},"end":{"line":370,"column":null}},"181":{"start":{"line":369,"column":6},"end":{"line":369,"column":null}},"182":{"start":{"line":371,"column":4},"end":{"line":373,"column":null}},"183":{"start":{"line":372,"column":6},"end":{"line":372,"column":null}},"184":{"start":{"line":374,"column":4},"end":{"line":376,"column":null}},"185":{"start":{"line":375,"column":6},"end":{"line":375,"column":null}},"186":{"start":{"line":377,"column":4},"end":{"line":379,"column":null}},"187":{"start":{"line":378,"column":6},"end":{"line":378,"column":null}},"188":{"start":{"line":380,"column":4},"end":{"line":382,"column":null}},"189":{"start":{"line":381,"column":6},"end":{"line":381,"column":null}},"190":{"start":{"line":383,"column":4},"end":{"line":385,"column":null}},"191":{"start":{"line":384,"column":6},"end":{"line":384,"column":null}},"192":{"start":{"line":386,"column":4},"end":{"line":386,"column":null}},"193":{"start":{"line":389,"column":35},"end":{"line":389,"column":62}},"194":{"start":{"line":454,"column":10},"end":{"line":454,"column":38}},"195":{"start":{"line":457,"column":10},"end":{"line":457,"column":null}}},"fnMap":{"0":{"name":"LiveMapPage","decl":{"start":{"line":13,"column":24},"end":{"line":13,"column":null}},"loc":{"start":{"line":13,"column":24},"end":{"line":518,"column":null}}},"1":{"name":"(anonymous_3)","decl":{"start":{"line":36,"column":12},"end":{"line":36,"column":null}},"loc":{"start":{"line":36,"column":12},"end":{"line":59,"column":5}}},"2":{"name":"(anonymous_4)","decl":{"start":{"line":62,"column":12},"end":{"line":62,"column":null}},"loc":{"start":{"line":62,"column":12},"end":{"line":64,"column":5}}},"3":{"name":"(anonymous_5)","decl":{"start":{"line":67,"column":12},"end":{"line":67,"column":null}},"loc":{"start":{"line":67,"column":12},"end":{"line":69,"column":5}}},"4":{"name":"(anonymous_6)","decl":{"start":{"line":71,"column":12},"end":{"line":71,"column":null}},"loc":{"start":{"line":71,"column":12},"end":{"line":76,"column":5}}},"5":{"name":"(anonymous_7)","decl":{"start":{"line":78,"column":12},"end":{"line":78,"column":null}},"loc":{"start":{"line":78,"column":12},"end":{"line":82,"column":5}}},"6":{"name":"(anonymous_8)","decl":{"start":{"line":84,"column":39},"end":{"line":84,"column":null}},"loc":{"start":{"line":84,"column":39},"end":{"line":133,"column":5}}},"7":{"name":"(anonymous_9)","decl":{"start":{"line":135,"column":26},"end":{"line":135,"column":null}},"loc":{"start":{"line":135,"column":26},"end":{"line":165,"column":null}}},"8":{"name":"(anonymous_10)","decl":{"start":{"line":145,"column":6},"end":{"line":145,"column":7}},"loc":{"start":{"line":145,"column":7},"end":{"line":153,"column":null}}},"9":{"name":"(anonymous_11)","decl":{"start":{"line":154,"column":6},"end":{"line":154,"column":7}},"loc":{"start":{"line":154,"column":7},"end":{"line":158,"column":null}}},"10":{"name":"(anonymous_12)","decl":{"start":{"line":167,"column":34},"end":{"line":167,"column":35}},"loc":{"start":{"line":167,"column":35},"end":{"line":178,"column":null}}},"11":{"name":"(anonymous_13)","decl":{"start":{"line":180,"column":28},"end":{"line":180,"column":29}},"loc":{"start":{"line":180,"column":71},"end":{"line":189,"column":null}}},"12":{"name":"(anonymous_14)","decl":{"start":{"line":191,"column":37},"end":{"line":191,"column":null}},"loc":{"start":{"line":191,"column":37},"end":{"line":309,"column":null}}},"13":{"name":"(anonymous_15)","decl":{"start":{"line":204,"column":89},"end":{"line":204,"column":94}},"loc":{"start":{"line":204,"column":94},"end":{"line":204,"column":100}}},"14":{"name":"(anonymous_16)","decl":{"start":{"line":206,"column":55},"end":{"line":206,"column":null}},"loc":{"start":{"line":206,"column":55},"end":{"line":224,"column":null}}},"15":{"name":"(anonymous_17)","decl":{"start":{"line":217,"column":30},"end":{"line":217,"column":39}},"loc":{"start":{"line":217,"column":39},"end":{"line":217,"column":null}}},"16":{"name":"(anonymous_18)","decl":{"start":{"line":219,"column":46},"end":{"line":219,"column":55}},"loc":{"start":{"line":219,"column":55},"end":{"line":219,"column":null}}},"17":{"name":"(anonymous_19)","decl":{"start":{"line":229,"column":55},"end":{"line":229,"column":null}},"loc":{"start":{"line":229,"column":55},"end":{"line":235,"column":null}}},"18":{"name":"(anonymous_20)","decl":{"start":{"line":240,"column":55},"end":{"line":240,"column":null}},"loc":{"start":{"line":240,"column":55},"end":{"line":251,"column":null}}},"19":{"name":"(anonymous_21)","decl":{"start":{"line":256,"column":55},"end":{"line":256,"column":null}},"loc":{"start":{"line":256,"column":55},"end":{"line":259,"column":null}}},"20":{"name":"(anonymous_22)","decl":{"start":{"line":264,"column":55},"end":{"line":264,"column":null}},"loc":{"start":{"line":264,"column":55},"end":{"line":272,"column":null}}},"21":{"name":"(anonymous_23)","decl":{"start":{"line":281,"column":55},"end":{"line":281,"column":null}},"loc":{"start":{"line":281,"column":55},"end":{"line":285,"column":null}}},"22":{"name":"(anonymous_24)","decl":{"start":{"line":290,"column":31},"end":{"line":290,"column":32}},"loc":{"start":{"line":290,"column":35},"end":{"line":304,"column":null}}},"23":{"name":"(anonymous_25)","decl":{"start":{"line":311,"column":33},"end":{"line":311,"column":34}},"loc":{"start":{"line":311,"column":34},"end":{"line":313,"column":null}}},"24":{"name":"(anonymous_26)","decl":{"start":{"line":315,"column":29},"end":{"line":315,"column":30}},"loc":{"start":{"line":315,"column":43},"end":{"line":320,"column":null}}},"25":{"name":"(anonymous_27)","decl":{"start":{"line":316,"column":21},"end":{"line":316,"column":30}},"loc":{"start":{"line":316,"column":30},"end":{"line":319,"column":null}}},"26":{"name":"(anonymous_28)","decl":{"start":{"line":322,"column":29},"end":{"line":322,"column":30}},"loc":{"start":{"line":322,"column":43},"end":{"line":327,"column":null}}},"27":{"name":"(anonymous_29)","decl":{"start":{"line":323,"column":21},"end":{"line":323,"column":30}},"loc":{"start":{"line":323,"column":30},"end":{"line":326,"column":null}}},"28":{"name":"(anonymous_30)","decl":{"start":{"line":329,"column":31},"end":{"line":329,"column":32}},"loc":{"start":{"line":329,"column":32},"end":{"line":334,"column":null}}},"29":{"name":"(anonymous_31)","decl":{"start":{"line":330,"column":21},"end":{"line":330,"column":30}},"loc":{"start":{"line":330,"column":30},"end":{"line":333,"column":null}}},"30":{"name":"(anonymous_32)","decl":{"start":{"line":336,"column":25},"end":{"line":336,"column":null}},"loc":{"start":{"line":336,"column":25},"end":{"line":339,"column":null}}},"31":{"name":"(anonymous_33)","decl":{"start":{"line":341,"column":33},"end":{"line":341,"column":34}},"loc":{"start":{"line":341,"column":34},"end":{"line":344,"column":null}}},"32":{"name":"(anonymous_34)","decl":{"start":{"line":342,"column":43},"end":{"line":342,"column":48}},"loc":{"start":{"line":342,"column":48},"end":{"line":342,"column":null}}},"33":{"name":"(anonymous_35)","decl":{"start":{"line":346,"column":27},"end":{"line":346,"column":null}},"loc":{"start":{"line":346,"column":27},"end":{"line":348,"column":null}}},"34":{"name":"(anonymous_36)","decl":{"start":{"line":350,"column":27},"end":{"line":350,"column":null}},"loc":{"start":{"line":350,"column":27},"end":{"line":359,"column":null}}},"35":{"name":"(anonymous_37)","decl":{"start":{"line":361,"column":26},"end":{"line":361,"column":27}},"loc":{"start":{"line":361,"column":27},"end":{"line":364,"column":null}}},"36":{"name":"(anonymous_38)","decl":{"start":{"line":366,"column":31},"end":{"line":366,"column":null}},"loc":{"start":{"line":366,"column":31},"end":{"line":387,"column":null}}},"37":{"name":"(anonymous_39)","decl":{"start":{"line":452,"column":23},"end":{"line":452,"column":30}},"loc":{"start":{"line":452,"column":23},"end":{"line":452,"column":null}}},"38":{"name":"(anonymous_40)","decl":{"start":{"line":453,"column":19},"end":{"line":453,"column":null}},"loc":{"start":{"line":453,"column":19},"end":{"line":455,"column":null}}},"39":{"name":"(anonymous_41)","decl":{"start":{"line":456,"column":21},"end":{"line":456,"column":null}},"loc":{"start":{"line":456,"column":21},"end":{"line":458,"column":null}}}},"branchMap":{"0":{"loc":{"start":{"line":41,"column":4},"end":{"line":58,"column":null}},"type":"if","locations":[{"start":{"line":41,"column":4},"end":{"line":58,"column":null}},{"start":{},"end":{}}]},"1":{"loc":{"start":{"line":41,"column":8},"end":{"line":41,"column":20}},"type":"binary-expr","locations":[{"start":{"line":41,"column":8},"end":{"line":41,"column":15}},{"start":{"line":41,"column":15},"end":{"line":41,"column":20}}]},"2":{"loc":{"start":{"line":46,"column":6},"end":{"line":57,"column":null}},"type":"if","locations":[{"start":{"line":46,"column":6},"end":{"line":57,"column":null}},{"start":{"line":54,"column":13},"end":{"line":57,"column":null}}]},"3":{"loc":{"start":{"line":46,"column":10},"end":{"line":48,"column":49}},"type":"binary-expr","locations":[{"start":{"line":46,"column":10},"end":{"line":46,"column":30}},{"start":{"line":46,"column":30},"end":{"line":46,"column":null}},{"start":{"line":47,"column":10},"end":{"line":47,"column":29}},{"start":{"line":47,"column":29},"end":{"line":47,"column":null}},{"start":{"line":48,"column":10},"end":{"line":48,"column":31}},{"start":{"line":48,"column":31},"end":{"line":48,"column":49}}]},"4":{"loc":{"start":{"line":50,"column":8},"end":{"line":53,"column":null}},"type":"if","locations":[{"start":{"line":50,"column":8},"end":{"line":53,"column":null}},{"start":{},"end":{}}]},"5":{"loc":{"start":{"line":73,"column":4},"end":{"line":75,"column":null}},"type":"if","locations":[{"start":{"line":73,"column":4},"end":{"line":75,"column":null}},{"start":{},"end":{}}]},"6":{"loc":{"start":{"line":89,"column":25},"end":{"line":89,"column":null}},"type":"binary-expr","locations":[{"start":{"line":89,"column":25},"end":{"line":89,"column":60}},{"start":{"line":89,"column":64},"end":{"line":89,"column":null}}]},"7":{"loc":{"start":{"line":92,"column":6},"end":{"line":127,"column":null}},"type":"if","locations":[{"start":{"line":92,"column":6},"end":{"line":127,"column":null}},{"start":{"line":113,"column":13},"end":{"line":127,"column":null}}]},"8":{"loc":{"start":{"line":95,"column":20},"end":{"line":97,"column":102}},"type":"cond-expr","locations":[{"start":{"line":96,"column":12},"end":{"line":96,"column":34}},{"start":{"line":97,"column":12},"end":{"line":97,"column":102}}]},"9":{"loc":{"start":{"line":101,"column":8},"end":{"line":103,"column":null}},"type":"if","locations":[{"start":{"line":101,"column":8},"end":{"line":103,"column":null}},{"start":{},"end":{}}]},"10":{"loc":{"start":{"line":106,"column":8},"end":{"line
[...]
,"/Users/mendell/jewgo app/components/ui/PerformanceDashboard.tsx": {"path":"/Users/mendell/jewgo app/components/ui/PerformanceDashboard.tsx","statementMap":{"0":{"start":{"line":11,"column":24},"end":{"line":11,"column":45}},"1":{"start":{"line":3,"column":36},"end":{"line":3,"column":null}},"2":{"start":{"line":4,"column":55},"end":{"line":4,"column":null}},"3":{"start":{"line":12,"column":32},"end":{"line":12,"column":null}},"4":{"start":{"line":13,"column":30},"end":{"line":13,"column":null}},"5":{"start":{"line":14,"column":38},"end":{"line":14,"column":null}},"6":{"start":{"line":16,"column":2},"end":{"line":29,"column":null}},"7":{"start":{"line":17,"column":26},"end":{"line":20,"column":null}},"8":{"start":{"line":18,"column":6},"end":{"line":18,"column":null}},"9":{"start":{"line":19,"column":6},"end":{"line":19,"column":null}},"10":{"start":{"line":23,"column":4},"end":{"line":23,"column":null}},"11":{"start":{"line":26,"column":21},"end":{"line":26,"column":null}},"12":{"start":{"line":28,"column":4},"end":{"line":28,"column":null}},"13":{"start":{"line":28,"column":17},"end":{"line":28,"column":null}},"14":{"start":{"line":31,"column":24},"end":{"line":35,"column":null}},"15":{"start":{"line":32,"column":4},"end":{"line":32,"column":null}},"16":{"start":{"line":32,"column":34},"end":{"line":32,"column":null}},"17":{"start":{"line":33,"column":4},"end":{"line":33,"column":null}},"18":{"start":{"line":33,"column":46},"end":{"line":33,"column":null}},"19":{"start":{"line":34,"column":4},"end":{"line":34,"column":null}},"20":{"start":{"line":37,"column":24},"end":{"line":41,"column":null}},"21":{"start":{"line":38,"column":4},"end":{"line":38,"column":null}},"22":{"start":{"line":38,"column":34},"end":{"line":38,"column":null}},"23":{"start":{"line":39,"column":4},"end":{"line":39,"column":null}},"24":{"start":{"line":39,"column":46},"end":{"line":39,"column":null}},"25":{"start":{"line":40,"column":4},"end":{"line":40,"column":null}},"26":{"start":{"line":43,"column":21},"end":{"line":46,"column":null}},"27":{"start":{"line":44,"column":4},"end":{"line":44,"column":null}},"28":{"start":{"line":44,"column":19},"end":{"line":44,"column":null}},"29":{"start":{"line":45,"column":4},"end":{"line":45,"column":null}},"30":{"start":{"line":48,"column":20},"end":{"line":52,"column":null}},"31":{"start":{"line":49,"column":4},"end":{"line":49,"column":null}},"32":{"start":{"line":50,"column":4},"end":{"line":50,"column":null}},"33":{"start":{"line":51,"column":4},"end":{"line":51,"column":null}},"34":{"start":{"line":64,"column":27},"end":{"line":64,"column":null}},"35":{"start":{"line":163,"column":32},"end":{"line":163,"column":61}},"36":{"start":{"line":169,"column":32},"end":{"line":169,"column":60}},"37":{"start":{"line":183,"column":18},"end":{"line":183,"column":35}}},"fnMap":{"0":{"name":"PerformanceDashboard","decl":{"start":{"line":11,"column":24},"end":{"line":11,"column":45}},"loc":{"start":{"line":11,"column":111},"end":{"line":228,"column":null}}},"1":{"name":"(anonymous_2)","decl":{"start":{"line":16,"column":12},"end":{"line":16,"column":null}},"loc":{"start":{"line":16,"column":12},"end":{"line":29,"column":5}}},"2":{"name":"(anonymous_3)","decl":{"start":{"line":17,"column":26},"end":{"line":17,"column":null}},"loc":{"start":{"line":17,"column":26},"end":{"line":20,"column":null}}},"3":{"name":"(anonymous_4)","decl":{"start":{"line":28,"column":11},"end":{"line":28,"column":17}},"loc":{"start":{"line":28,"column":17},"end":{"line":28,"column":null}}},"4":{"name":"(anonymous_5)","decl":{"start":{"line":31,"column":24},"end":{"line":31,"column":25}},"loc":{"start":{"line":31,"column":40},"end":{"line":35,"column":null}}},"5":{"name":"(anonymous_6)","decl":{"start":{"line":37,"column":24},"end":{"line":37,"column":25}},"loc":{"start":{"line":37,"column":40},"end":{"line":41,"column":null}}},"6":{"name":"(anonymous_7)","decl":{"start":{"line":43,"column":21},"end":{"line":43,"column":22}},"loc":{"start":{"line":43,"column":22},"end":{"line":46,"column":null}}},"7":{"name":"(anonymous_8)","decl":{"start":{"line":48,"column":20},"end":{"line":48,"column":null}},"loc":{"start":{"line":48,"column":20},"end":{"line":52,"column":null}}},"8":{"name":"(anonymous_9)","decl":{"start":{"line":64,"column":21},"end":{"line":64,"column":27}},"loc":{"start":{"line":64,"column":27},"end":{"line":64,"column":null}}},"9":{"name":"(anonymous_10)","decl":{"start":{"line":163,"column":27},"end":{"line":163,"column":32}},"loc":{"start":{"line":163,"column":32},"end":{"line":163,"column":61}}},"10":{"name":"(anonymous_11)","decl":{"start":{"line":169,"column":27},"end":{"line":169,"column":32}},"loc":{"start":{"line":169,"column":32},"end":{"line":169,"column":60}}},"11":{"name":"(anonymous_12)","decl":{"start":{"line":182,"column":49},"end":{"line":182,"column":50}},"loc":{"start":{"line":183,"column":18},"end":{"line":183,"column":35}}}},"branchMap":{"0":{"loc":{"start":{"line":11,"column":47},"end":{"line":11,"column":61}},"type":"default-arg","locations":[{"start":{"line":11,"column":59},"end":{"line":11,"column":61}}]},"1":{"loc":{"start":{"line":11,"column":63},"end":{"line":11,"column":82}},"type":"default-arg","locations":[{"start":{"line":11,"column":77},"end":{"line":11,"column":82}}]},"2":{"loc":{"start":{"line":32,"column":4},"end":{"line":32,"column":null}},"type":"if","locations":[{"start":{"line":32,"column":4},"end":{"line":32,"column":null}},{"start":{},"end":{}}]},"3":{"loc":{"start":{"line":33,"column":4},"end":{"line":33,"column":null}},"type":"if","locations":[{"start":{"line":33,"column":4},"end":{"line":33,"column":null}},{"start":{},"end":{}}]},"4":{"loc":{"start":{"line":38,"column":4},"end":{"line":38,"column":null}},"type":"if","locations":[{"start":{"line":38,"column":4},"end":{"line":38,"column":null}},{"start":{},"end":{}}]},"5":{"loc":{"start":{"line":39,"column":4},"end":{"line":39,"column":null}},"type":"if","locations":[{"start":{"line":39,"column":4},"end":{"line":39,"column":null}},{"start":{},"end":{}}]},"6":{"loc":{"start":{"line":44,"column":4},"end":{"line":44,"column":null}},"type":"if","locations":[{"start":{"line":44,"column":4},"end":{"line":44,"column":null}},{"start":{},"end":{}}]},"7":{"loc":{"start":{"line":67,"column":13},"end":{"line":67,"column":null}},"type":"cond-expr","locations":[{"start":{"line":67,"column":26},"end":{"line":67,"column":43}},{"start":{"line":67,"column":43},"end":{"line":67,"column":null}}]},"8":{"loc":{"start":{"line":87,"column":12},"end":{"line":98,"column":13}},"type":"cond-expr","locations":[{"start":{"line":87,"column":12},"end":{"line":98,"column":13}}]},"9":{"loc":{"start":{"line":109,"column":12},"end":{"line":120,"column":13}},"type":"cond-expr","locations":[{"start":{"line":109,"column":12},"end":{"line":120,"column":13}}]},"10":{"loc":{"start":{"line":131,"column":12},"end":{"line":142,"column":13}},"type":"cond-expr","locations":[{"start":{"line":131,"column":12},"end":{"line":142,"column":13}}]},"11":{"loc":{"start":{"line":151,"column":13},"end":{"line":151,"column":null}},"type":"cond-expr","locations":[{"start":{"line":151,"column":39},"end":{"line":151,"column":77}},{"start":{"line":151,"column":77},"end":{"line":151,"column":null}}]},"12":{"loc":{"start":{"line":157,"column":13},"end":{"line":157,"column":null}},"type":"binary-expr","locations":[{"start":{"line":157,"column":13},"end":{"line":157,"column":31}},{"start":{"line":157,"column":35},"end":{"line":157,"column":null}}]},"13":{"loc":{"start":{"line":176,"column":7},"end":{"line":176,"column":null}},"type":"binary-expr","locations":[{"start":{"line":176,"column":7},"end":{"line":176,"column":null}}]},"14":{"loc":{"start":{"line":181,"column":14},"end":{"line":208,"column":15}},"type":"cond-expr","locations":[{"start":{"line":181,"column":14},"end":{"line":208,"column":15}}]},"15":{"loc":{"start":{"line":186,"column":24},"end":{"line":189,"column":null}},"type":"cond-expr","locations":[{"start":{"line":186,"column":53},"end":{"line":186,"column":null}},{"start":{"line":187,"column":24},"end":{"line":189,"column":null}}]},"16":{"loc":{"start":{"line":187,"column":24},"end":{"line":189,"column":null}},"type":"cond-expr","locations":[{"start":{"line":187,"column":58},"end":{"line":187,"column":null}},{"start":{"line":188,"column":24},"end":{"line":189,"column":null}}]},"17":{"loc":{"start":{"line":188,"column":24},"end":{"line":189,"column":null}},"type":"cond-expr","locations":[{"start":{"line":188,"column":51},"end":{"line":188,"column":null}},{"start":{"line":189,"column":24},"end":{"line":189,"column":null}}]},"18":{"loc":{"start":{"line":198,"column":25},"end":{"line":198,"column":null}},"type":"cond-expr","locations":[{"start":{"line":198,"column":43},"end":{"line":198,"column":69}},{"start":{"line":198,"column":69},"end":{"line":198,"column":null}}]}},"s":{"0":0,"1":0,"2":0,"3":0,"4":0,"5":0,"6":0,"7":0,"8":0,"9":0,"10":0,"11":0,"12":0,"13":0,"14":0,"15":0,"16":0,"17":0,"18":0,"19":0,"20":0,"21":0,"22":0,"23":0,"24":0,"25":0,"26":0,"27":0,"28":0,"29":0,"30":0,"31":0,"32":0,"33":0,"34":0,"35":0,"36":0,"37":0},"f":{"0":0,"1":0,"2":0,"3":0,"4":0,"5":0,"6":0,"7":0,"8":0,"9":0,"10":0,"11":0},"b":{"0":[0],"1":[0],"2":[0,0],"3":[0,0],"4":[0,0],"5":[0,0],"6":[0,0],"7":[0,0],"8":[0],"9":[0],"10":[0],"11":[0,0],"12":[0,0],"13":[0],"14":[0],"15":[0,0],"16":[0,0],"17":[0,0],"18":[0,0]}}
,"/Users/mendell/jewgo app/components/ui/Toast.tsx": {"path":"/Users/mendell/jewgo app/components/ui/Toast.tsx","statementMap":{"0":{"start":{"line":109,"column":16},"end":{"line":109,"column":30}},"1":{"start":{"line":160,"column":13},"end":{"line":160,"column":22}},"2":{"start":{"line":146,"column":16},"end":{"line":146,"column":24}},"3":{"start":{"line":3,"column":36},"end":{"line":3,"column":null}},"4":{"start":{"line":21,"column":36},"end":{"line":21,"column":null}},"5":{"start":{"line":23,"column":2},"end":{"line":37,"column":null}},"6":{"start":{"line":25,"column":18},"end":{"line":25,"column":null}},"7":{"start":{"line":25,"column":35},"end":{"line":25,"column":55}},"8":{"start":{"line":28,"column":24},"end":{"line":31,"column":null}},"9":{"start":{"line":29,"column":6},"end":{"line":29,"column":null}},"10":{"start":{"line":30,"column":6},"end":{"line":30,"column":43}},"11":{"start":{"line":30,"column":23},"end":{"line":30,"column":37}},"12":{"start":{"line":33,"column":4},"end":{"line":36,"column":null}},"13":{"start":{"line":34,"column":6},"end":{"line":34,"column":null}},"14":{"start":{"line":35,"column":6},"end":{"line":35,"column":null}},"15":{"start":{"line":39,"column":25},"end":{"line":52,"column":null}},"16":{"start":{"line":40,"column":22},"end":{"line":40,"column":null}},"17":{"start":{"line":42,"column":4},"end":{"line":51,"column":null}},"18":{"start":{"line":44,"column":8},"end":{"line":44,"column":null}},"19":{"start":{"line":46,"column":8},"end":{"line":46,"column":null}},"20":{"start":{"line":48,"column":8},"end":{"line":48,"column":null}},"21":{"start":{"line":50,"column":8},"end":{"line":50,"column":null}},"22":{"start":{"line":54,"column":18},"end":{"line":81,"column":null}},"23":{"start":{"line":55,"column":4},"end":{"line":80,"column":null}},"24":{"start":{"line":95,"column":10},"end":{"line":95,"column":null}},"25":{"start":{"line":96,"column":10},"end":{"line":96,"column":null}},"26":{"start":{"line":96,"column":27},"end":{"line":96,"column":41}},"27":{"start":{"line":110,"column":30},"end":{"line":110,"column":null}},"28":{"start":{"line":112,"column":22},"end":{"line":114,"column":null}},"29":{"start":{"line":113,"column":4},"end":{"line":113,"column":null}},"30":{"start":{"line":113,"column":22},"end":{"line":113,"column":null}},"31":{"start":{"line":113,"column":43},"end":{"line":113,"column":null}},"32":{"start":{"line":116,"column":20},"end":{"line":119,"column":null}},"33":{"start":{"line":117,"column":15},"end":{"line":117,"column":null}},"34":{"start":{"line":118,"column":4},"end":{"line":118,"column":null}},"35":{"start":{"line":118,"column":22},"end":{"line":118,"column":null}},"36":{"start":{"line":122,"column":2},"end":{"line":127,"column":null}},"37":{"start":{"line":123,"column":5},"end":{"line":123,"column":null}},"38":{"start":{"line":124,"column":4},"end":{"line":126,"column":null}},"39":{"start":{"line":125,"column":6},"end":{"line":125,"column":null}},"40":{"start":{"line":132,"column":8},"end":{"line":133,"column":null}},"41":{"start":{"line":147,"column":20},"end":{"line":154,"column":null}},"42":{"start":{"line":148,"column":4},"end":{"line":153,"column":null}},"43":{"start":{"line":149,"column":7},"end":{"line":149,"column":null}},"44":{"start":{"line":152,"column":6},"end":{"line":152,"column":null}},"45":{"start":{"line":156,"column":2},"end":{"line":156,"column":null}},"46":{"start":{"line":160,"column":25},"end":{"line":166,"column":null}},"47":{"start":{"line":161,"column":2},"end":{"line":165,"column":null}},"48":{"start":{"line":162,"column":5},"end":{"line":162,"column":null}},"49":{"start":{"line":164,"column":4},"end":{"line":164,"column":null}}},"fnMap":{"0":{"name":"Toast","decl":{"start":{"line":20,"column":9},"end":{"line":20,"column":15}},"loc":{"start":{"line":20,"column":75},"end":{"line":106,"column":null}}},"1":{"name":"(anonymous_5)","decl":{"start":{"line":23,"column":12},"end":{"line":23,"column":null}},"loc":{"start":{"line":23,"column":12},"end":{"line":37,"column":5}}},"2":{"name":"(anonymous_6)","decl":{"start":{"line":25,"column":29},"end":{"line":25,"column":35}},"loc":{"start":{"line":25,"column":35},"end":{"line":25,"column":55}}},"3":{"name":"(anonymous_7)","decl":{"start":{"line":28,"column":35},"end":{"line":28,"column":null}},"loc":{"start":{"line":28,"column":35},"end":{"line":31,"column":7}}},"4":{"name":"(anonymous_8)","decl":{"start":{"line":30,"column":17},"end":{"line":30,"column":23}},"loc":{"start":{"line":30,"column":23},"end":{"line":30,"column":37}}},"5":{"name":"(anonymous_9)","decl":{"start":{"line":33,"column":11},"end":{"line":33,"column":null}},"loc":{"start":{"line":33,"column":11},"end":{"line":36,"column":null}}},"6":{"name":"(anonymous_10)","decl":{"start":{"line":39,"column":25},"end":{"line":39,"column":null}},"loc":{"start":{"line":39,"column":25},"end":{"line":52,"column":null}}},"7":{"name":"(anonymous_11)","decl":{"start":{"line":54,"column":18},"end":{"line":54,"column":null}},"loc":{"start":{"line":54,"column":18},"end":{"line":81,"column":null}}},"8":{"name":"(anonymous_12)","decl":{"start":{"line":94,"column":17},"end":{"line":94,"column":null}},"loc":{"start":{"line":94,"column":17},"end":{"line":97,"column":null}}},"9":{"name":"(anonymous_13)","decl":{"start":{"line":96,"column":21},"end":{"line":96,"column":27}},"loc":{"start":{"line":96,"column":27},"end":{"line":96,"column":41}}},"10":{"name":"ToastContainer","decl":{"start":{"line":109,"column":16},"end":{"line":109,"column":30}},"loc":{"start":{"line":109,"column":16},"end":{"line":143,"column":null}}},"11":{"name":"(anonymous_15)","decl":{"start":{"line":112,"column":22},"end":{"line":112,"column":23}},"loc":{"start":{"line":112,"column":23},"end":{"line":114,"column":null}}},"12":{"name":"(anonymous_16)","decl":{"start":{"line":113,"column":14},"end":{"line":113,"column":22}},"loc":{"start":{"line":113,"column":22},"end":{"line":113,"column":null}}},"13":{"name":"(anonymous_17)","decl":{"start":{"line":113,"column":34},"end":{"line":113,"column":43}},"loc":{"start":{"line":113,"column":43},"end":{"line":113,"column":null}}},"14":{"name":"(anonymous_18)","decl":{"start":{"line":116,"column":20},"end":{"line":116,"column":21}},"loc":{"start":{"line":116,"column":64},"end":{"line":119,"column":null}}},"15":{"name":"(anonymous_19)","decl":{"start":{"line":118,"column":14},"end":{"line":118,"column":22}},"loc":{"start":{"line":118,"column":22},"end":{"line":118,"column":null}}},"16":{"name":"(anonymous_20)","decl":{"start":{"line":122,"column":12},"end":{"line":122,"column":null}},"loc":{"start":{"line":122,"column":12},"end":{"line":127,"column":5}}},"17":{"name":"(anonymous_21)","decl":{"start":{"line":124,"column":11},"end":{"line":124,"column":null}},"loc":{"start":{"line":124,"column":11},"end":{"line":126,"column":null}}},"18":{"name":"(anonymous_22)","decl":{"start":{"line":131,"column":18},"end":{"line":131,"column":null}},"loc":{"start":{"line":132,"column":8},"end":{"line":133,"column":null}}},"19":{"name":"useToast","decl":{"start":{"line":146,"column":16},"end":{"line":146,"column":24}},"loc":{"start":{"line":146,"column":16},"end":{"line":157,"column":null}}},"20":{"name":"(anonymous_24)","decl":{"start":{"line":147,"column":20},"end":{"line":147,"column":21}},"loc":{"start":{"line":147,"column":64},"end":{"line":154,"column":null}}},"21":{"name":"(anonymous_25)","decl":{"start":{"line":160,"column":25},"end":{"line":160,"column":26}},"loc":{"start":{"line":160,"column":69},"end":{"line":166,"column":null}}}},"branchMap":{"0":{"loc":{"start":{"line":20,"column":36},"end":{"line":20,"column":51}},"type":"default-arg","locations":[{"start":{"line":20,"column":47},"end":{"line":20,"column":51}}]},"1":{"loc":{"start":{"line":42,"column":4},"end":{"line":51,"column":null}},"type":"switch","locations":[{"start":{"line":43,"column":6},"end":{"line":44,"column":null}},{"start":{"line":45,"column":6},"end":{"line":46,"column":null}},{"start":{"line":47,"column":6},"end":{"line":48,"column":null}},{"start":{"line":49,"column":6},"end":{"line":50,"column":null}}]},"2":{"loc":{"start":{"line":86,"column":8},"end":{"line":88,"column":null}},"type":"cond-expr","locations":[{"start":{"line":87,"column":12},"end":{"line":87,"column":null}},{"start":{"line":88,"column":12},"end":{"line":88,"column":null}}]},"3":{"loc":{"start":{"line":116,"column":38},"end":{"line":116,"column":62}},"type":"default-arg","locations":[{"start":{"line":116,"column":56},"end":{"line":116,"column":62}}]},"4":{"loc":{"start":{"line":147,"column":38},"end":{"line":147,"column":62}},"type":"default-arg","locations":[{"start":{"line":147,"column":56},"end":{"line":147,"column":62}}]},"5":{"loc":{"start":{"line":148,"column":4},"end":{"line":153,"column":null}},"type":"if","locations":[{"start":{"line":148,"column":4},"end":{"line":153,"column":null}},{"start":{"line":150,"column":11},"end":{"line":153,"column":null}}]},"6":{"loc":{"start":{"line":148,"column":8},"end":{"line":148,"column":66}},"type":"binary-expr","locations":[{"start":{"line":148,"column":8},"end":{"line":148,"column":41}},{"start":{"line":148,"column":41},"end":{"line":148,"column":66}}]},"7":{"loc":{"start":{"line":160,"column":43},"end":{"line":160,"column":67}},"type":"default-arg","locations":[{"start":{"line":160,"column":61},"end":{"line":160,"column":67}}]},"8":{"loc":{"start":{"line":161,"column":2},"end":{"line":165,"column":null}},"type":"if","locations":[{"start":{"line":161,"column":2},"end":{"line":165,"column":null}},{"start":{"line":163,"column":9},"end":{"line":165,"column":null}}]},"9":{"loc":{"start":{"line":161,"column":6},"end":{"line":161,"column":64}},"type":"binary-expr","locations":[{"start":{"line":161,"column":6},"end":{"line":161,"column":39}},{"start":{"line":161,"column":39},"end":{"line":161,"column":64}}]}},"s":{"0":0,"1":0,"2":0,"3":0,"4":0,"5":0,"6":0,"7":0,"8":0,"9":0,"10":0,"11":0,"12":0,"13":0,"14":0,"15":0,"16":0,"17":0,"18":0,"19":0,"20":0,"21":0,"22":0,"23":0,"24":0,"25":0,"26":0,"27":0,"28":0,"29":0,"30":0,"31":0,"32":0,"33":0,"34":0,"35":0,"36":0,"37":0,"38":0,"39":0,"40":0,"41":0,"42":0,"43":0,"44":0,"45":0,"46":0,"47":0,"48":0,"49":0},"f":{"0":0,"1":0,"2":0,"3":0,"4":0,"5":0,"6":0,"7":0,"8":0,"9":0,"10":0,"11":0,"12":0,"13":0,"14":0,"15":0,"16":0,"17":0,"18":0,"19":0,"20":0,"21":0},"b":{"0":[0],"1":[0,0,0,0],"2":[0,0],"3":[0],"4":[0],"5":[0,0],"6":[0,0],"7":[0],"8":[0,0],"9":[0,0]}}
}
