TN:
SF:app/layout.tsx
FN:72,RootLayout
FNF:1
FNH:0
FNDA:0,RootLayout
DA:2,0
DA:3,0
DA:4,0
DA:5,0
DA:6,0
DA:8,0
DA:10,0
DA:72,0
LF:8
LH:0
BRF:0
BRH:0
end_of_record
TN:
SF:app/page.tsx
FN:13,HomePage
FN:35,(anonymous_3)
FN:47,(anonymous_4)
FN:53,(anonymous_5)
FN:67,(anonymous_6)
FN:76,(anonymous_7)
FN:101,(anonymous_8)
FN:106,(anonymous_9)
FN:134,(anonymous_10)
FN:140,(anonymous_11)
FN:141,(anonymous_12)
FN:150,(anonymous_13)
FN:151,(anonymous_14)
FN:155,(anonymous_15)
FN:156,(anonymous_16)
FN:160,(anonymous_17)
FN:166,(anonymous_18)
FN:170,(anonymous_19)
FN:207,(anonymous_20)
FN:208,(anonymous_21)
FN:209,(anonymous_22)
FN:217,(anonymous_23)
FNF:22
FNH:0
FNDA:0,HomePage
FNDA:0,(anonymous_3)
FNDA:0,(anonymous_4)
FNDA:0,(anonymous_5)
FNDA:0,(anonymous_6)
FNDA:0,(anonymous_7)
FNDA:0,(anonymous_8)
FNDA:0,(anonymous_9)
FNDA:0,(anonymous_10)
FNDA:0,(anonymous_11)
FNDA:0,(anonymous_12)
FNDA:0,(anonymous_13)
FNDA:0,(anonymous_14)
FNDA:0,(anonymous_15)
FNDA:0,(anonymous_16)
FNDA:0,(anonymous_17)
FNDA:0,(anonymous_18)
FNDA:0,(anonymous_19)
FNDA:0,(anonymous_20)
FNDA:0,(anonymous_21)
FNDA:0,(anonymous_22)
FNDA:0,(anonymous_23)
DA:3,0
DA:4,0
DA:5,0
DA:6,0
DA:7,0
DA:8,0
DA:9,0
DA:11,0
DA:13,0
DA:14,0
DA:15,0
DA:16,0
DA:17,0
DA:18,0
DA:19,0
DA:20,0
DA:21,0
DA:22,0
DA:23,0
DA:24,0
DA:25,0
DA:33,0
DA:35,0
DA:37,0
DA:38,0
DA:39,0
DA:42,0
DA:43,0
DA:44,0
DA:47,0
DA:48,0
DA:49,0
DA:53,0
DA:54,0
DA:55,0
DA:56,0
DA:60,0
DA:61,0
DA:62,0
DA:65,0
DA:66,0
DA:68,0
DA:72,0
DA:73,0
DA:74,0
DA:77,0
DA:80,0
DA:81,0
DA:83,0
DA:84,0
DA:85,0
DA:86,0
DA:89,0
DA:101,0
DA:102,0
DA:103,0
DA:106,0
DA:107,0
DA:108,0
DA:109,0
DA:110,0
DA:112,0
DA:113,0
DA:116,0
DA:117,0
DA:119,0
DA:120,0
DA:121,0
DA:123,0
DA:126,0
DA:127,0
DA:129,0
DA:130,0
DA:134,0
DA:135,0
DA:136,0
DA:137,0
DA:140,0
DA:141,0
DA:142,0
DA:145,0
DA:146,0
DA:150,0
DA:151,0
DA:152,0
DA:155,0
DA:156,0
DA:157,0
DA:160,0
DA:161,0
DA:162,0
DA:163,0
DA:166,0
DA:167,0
DA:170,0
DA:171,0
DA:174,0
DA:175,0
DA:177,0
DA:178,0
DA:208,0
DA:209,0
DA:217,0
LF:103
LH:0
BRDA:37,0,0,0
BRDA:37,0,1,0
BRDA:54,1,0,0
BRDA:54,1,1,0
BRDA:60,2,0,0
BRDA:60,2,1,0
BRDA:80,3,0,0
BRDA:80,3,1,0
BRDA:83,4,0,0
BRDA:83,4,1,0
BRDA:85,5,0,0
BRDA:85,5,1,0
BRDA:109,6,0,0
BRDA:109,6,1,0
BRDA:112,7,0,0
BRDA:112,7,1,0
BRDA:117,8,0,0
BRDA:117,8,1,0
BRDA:119,9,0,0
BRDA:119,9,1,0
BRDA:145,10,0,0
BRDA:145,10,1,0
BRDA:145,11,0,0
BRDA:145,11,1,0
BRDA:177,12,0,0
BRDA:177,12,1,0
BRDA:201,13,0,0
BRDA:215,14,0,0
BRDA:215,14,1,0
BRDA:217,15,0,0
BRDA:217,15,1,0
BRDA:217,16,0,0
BRDA:217,16,1,0
BRDA:224,17,0,0
BRDA:228,18,0,0
BRDA:248,19,0,0
BRDA:273,20,0,0
BRDA:289,21,0,0
BRF:38
BRH:0
end_of_record
TN:
SF:app/robots.ts
FN:3,robots
FNF:1
FNH:0
FNDA:0,robots
DA:3,0
DA:4,0
DA:6,0
LF:3
LH:0
BRF:0
BRH:0
end_of_record
TN:
SF:app/sitemap.ts
FN:3,sitemap
FN:45,(anonymous_2)
FNF:2
FNH:0
FNDA:0,sitemap
FNDA:0,(anonymous_2)
DA:3,0
DA:4,0
DA:7,0
DA:28,0
DA:30,0
DA:34,0
DA:41,0
DA:42,0
DA:43,0
DA:45,0
DA:52,0
DA:55,0
DA:58,0
LF:13
LH:0
BRDA:30,0,0,0
BRDA:30,0,1,0
BRDA:41,1,0,0
BRDA:41,1,1,0
BRDA:43,2,0,0
BRDA:43,2,1,0
BRDA:47,3,0,0
BRDA:47,3,1,0
BRDA:47,3,2,0
BRF:9
BRH:0
end_of_record
TN:
SF:app/add-eatery/page.tsx
FN:7,AddEateryPage
FN:28,(anonymous_3)
FN:30,(anonymous_4)
FN:36,(anonymous_5)
FN:47,(anonymous_6)
FN:85,(anonymous_7)
FN:105,(anonymous_8)
FNF:7
FNH:0
FNDA:0,AddEateryPage
FNDA:0,(anonymous_3)
FNDA:0,(anonymous_4)
FNDA:0,(anonymous_5)
FNDA:0,(anonymous_6)
FNDA:0,(anonymous_7)
FNDA:0,(anonymous_8)
DA:3,0
DA:4,0
DA:5,0
DA:7,0
DA:8,0
DA:9,0
DA:26,0
DA:28,0
DA:29,0
DA:30,0
DA:36,0
DA:37,0
DA:39,0
DA:40,0
DA:41,0
DA:44,0
DA:47,0
DA:49,0
DA:51,0
DA:52,0
DA:54,0
DA:85,0
DA:105,0
LF:23
LH:0
BRDA:39,0,0,0
BRDA:39,0,1,0
BRDA:51,1,0,0
BRDA:51,1,1,0
BRDA:120,2,0,0
BRDA:126,3,0,0
BRDA:141,4,0,0
BRDA:370,5,0,0
BRDA:370,5,1,0
BRDA:373,6,0,0
BRDA:373,6,1,0
BRDA:379,7,0,0
BRDA:379,7,1,0
BRDA:387,8,0,0
BRDA:387,8,1,0
BRF:15
BRH:0
end_of_record
TN:
SF:app/admin/specials/page.tsx
FN:10,SpecialsManagementPage
FN:17,(anonymous_5)
FN:21,(anonymous_6)
FN:42,(anonymous_7)
FN:66,(anonymous_8)
FN:66,(anonymous_9)
FN:79,(anonymous_10)
FN:95,(anonymous_11)
FN:129,(anonymous_12)
FN:156,(anonymous_13)
FN:182,(anonymous_14)
FN:226,(anonymous_15)
FN:236,(anonymous_16)
FNF:13
FNH:0
FNDA:0,SpecialsManagementPage
FNDA:0,(anonymous_5)
FNDA:0,(anonymous_6)
FNDA:0,(anonymous_7)
FNDA:0,(anonymous_8)
FNDA:0,(anonymous_9)
FNDA:0,(anonymous_10)
FNDA:0,(anonymous_11)
FNDA:0,(anonymous_12)
FNDA:0,(anonymous_13)
FNDA:0,(anonymous_14)
FNDA:0,(anonymous_15)
FNDA:0,(anonymous_16)
DA:3,0
DA:10,0
DA:11,0
DA:12,0
DA:13,0
DA:14,0
DA:15,0
DA:17,0
DA:18,0
DA:21,0
DA:22,0
DA:23,0
DA:24,0
DA:28,0
DA:29,0
DA:30,0
DA:32,0
DA:33,0
DA:35,0
DA:36,0
DA:38,0
DA:42,0
DA:43,0
DA:44,0
DA:45,0
DA:48,0
DA:49,0
DA:53,0
DA:64,0
DA:66,0
DA:67,0
DA:71,0
DA:72,0
DA:75,0
DA:79,0
DA:80,0
DA:95,0
DA:96,0
DA:109,0
DA:129,0
DA:157,0
DA:183,0
DA:184,0
DA:226,0
DA:237,0
DA:238,0
LF:46
LH:0
BRDA:24,0,0,0
BRDA:24,0,1,0
BRDA:29,1,0,0
BRDA:29,1,1,0
BRDA:33,2,0,0
BRDA:33,2,1,0
BRDA:43,3,0,0
BRDA:43,3,1,0
BRDA:49,4,0,0
BRDA:49,4,1,0
BRDA:60,5,0,0
BRDA:60,5,1,0
BRDA:64,6,0,0
BRDA:64,6,1,0
BRDA:67,7,0,0
BRDA:67,7,1,0
BRDA:68,8,0,0
BRDA:68,8,1,0
BRDA:80,9,0,0
BRDA:80,9,1,0
BRDA:103,10,0,0
BRDA:103,10,1,0
BRDA:109,11,0,0
BRDA:109,11,1,0
BRDA:164,12,0,0
BRDA:167,13,0,0
BRDA:188,14,0,0
BRDA:188,14,1,0
BRDA:197,15,0,0
BRDA:213,16,0,0
BRDA:213,16,1,0
BRDA:222,17,0,0
BRDA:222,17,1,0
BRDA:228,18,0,0
BRDA:228,18,1,0
BRDA:233,19,0,0
BRDA:233,19,1,0
BRF:37
BRH:0
end_of_record
TN:
SF:app/advanced-filters/page.tsx
FN:7,AdvancedFiltersPage
FN:24,(anonymous_3)
FN:25,(anonymous_4)
FN:31,(anonymous_5)
FN:32,(anonymous_6)
FN:37,(anonymous_7)
FN:43,(anonymous_8)
FN:86,(anonymous_9)
FN:101,(anonymous_10)
FN:116,(anonymous_11)
FN:137,(anonymous_12)
FN:146,(anonymous_13)
FN:155,(anonymous_14)
FN:164,(anonymous_15)
FN:180,(anonymous_16)
FN:189,(anonymous_17)
FN:198,(anonymous_18)
FN:210,(anonymous_19)
FN:215,(anonymous_20)
FN:228,(anonymous_21)
FN:233,(anonymous_22)
FN:246,(anonymous_23)
FN:251,(anonymous_24)
FN:269,(anonymous_25)
FNF:24
FNH:0
FNDA:0,AdvancedFiltersPage
FNDA:0,(anonymous_3)
FNDA:0,(anonymous_4)
FNDA:0,(anonymous_5)
FNDA:0,(anonymous_6)
FNDA:0,(anonymous_7)
FNDA:0,(anonymous_8)
FNDA:0,(anonymous_9)
FNDA:0,(anonymous_10)
FNDA:0,(anonymous_11)
FNDA:0,(anonymous_12)
FNDA:0,(anonymous_13)
FNDA:0,(anonymous_14)
FNDA:0,(anonymous_15)
FNDA:0,(anonymous_16)
FNDA:0,(anonymous_17)
FNDA:0,(anonymous_18)
FNDA:0,(anonymous_19)
FNDA:0,(anonymous_20)
FNDA:0,(anonymous_21)
FNDA:0,(anonymous_22)
FNDA:0,(anonymous_23)
FNDA:0,(anonymous_24)
FNDA:0,(anonymous_25)
DA:3,0
DA:4,0
DA:5,0
DA:7,0
DA:8,0
DA:24,0
DA:25,0
DA:31,0
DA:32,0
DA:33,0
DA:34,0
DA:37,0
DA:43,0
DA:44,0
DA:86,0
DA:101,0
DA:116,0
DA:137,0
DA:146,0
DA:155,0
DA:164,0
DA:180,0
DA:189,0
DA:198,0
DA:211,0
DA:215,0
DA:229,0
DA:233,0
DA:247,0
DA:251,0
DA:269,0
LF:31
LH:0
BRDA:36,0,0,0
BRDA:36,0,1,0
BRF:2
BRH:0
end_of_record
TN:
SF:app/api/auth/[...nextauth]/route.ts
FN:17,(anonymous_4)
FN:39,(anonymous_5)
FN:45,(anonymous_6)
FNF:3
FNH:0
FNDA:0,(anonymous_4)
FNDA:0,(anonymous_5)
FNDA:0,(anonymous_6)
DA:1,0
DA:2,0
DA:3,0
DA:5,0
DA:20,0
DA:21,0
DA:28,0
DA:40,0
DA:41,0
DA:43,0
DA:46,0
DA:47,0
DA:49,0
DA:54,0
LF:14
LH:0
BRDA:20,0,0,0
BRDA:20,0,1,0
BRDA:20,1,0,0
BRDA:20,1,1,0
BRDA:40,2,0,0
BRDA:40,2,1,0
BRDA:46,3,0,0
BRDA:46,3,1,0
BRF:8
BRH:0
end_of_record
TN:
SF:app/auth/signin/page.tsx
FN:7,SignIn
FN:14,(anonymous_2)
FN:16,(anonymous_3)
FN:23,(anonymous_4)
FN:47,(anonymous_5)
FN:85,(anonymous_6)
FN:104,(anonymous_7)
FNF:7
FNH:0
FNDA:0,SignIn
FNDA:0,(anonymous_2)
FNDA:0,(anonymous_3)
FNDA:0,(anonymous_4)
FNDA:0,(anonymous_5)
FNDA:0,(anonymous_6)
FNDA:0,(anonymous_7)
DA:3,0
DA:4,0
DA:5,0
DA:7,0
DA:8,0
DA:9,0
DA:10,0
DA:11,0
DA:12,0
DA:14,0
DA:16,0
DA:17,0
DA:18,0
DA:23,0
DA:24,0
DA:25,0
DA:26,0
DA:28,0
DA:29,0
DA:35,0
DA:36,0
DA:38,0
DA:41,0
DA:43,0
DA:47,0
DA:48,0
DA:85,0
DA:104,0
LF:28
LH:0
BRDA:17,0,0,0
BRDA:17,0,1,0
BRDA:35,1,0,0
BRDA:35,1,1,0
BRDA:111,2,0,0
BRDA:123,3,0,0
BRDA:123,3,1,0
BRF:7
BRH:0
end_of_record
TN:
SF:app/favorites/page.tsx
FN:10,FavoritesPage
FN:15,(anonymous_3)
FN:31,(anonymous_4)
FN:32,(anonymous_5)
FN:83,(anonymous_6)
FN:87,(anonymous_7)
FNF:6
FNH:0
FNDA:0,FavoritesPage
FNDA:0,(anonymous_3)
FNDA:0,(anonymous_4)
FNDA:0,(anonymous_5)
FNDA:0,(anonymous_6)
FNDA:0,(anonymous_7)
DA:3,0
DA:4,0
DA:5,0
DA:6,0
DA:7,0
DA:10,0
DA:11,0
DA:12,0
DA:13,0
DA:15,0
DA:16,0
DA:19,0
DA:20,0
DA:21,0
DA:22,0
DA:24,0
DA:27,0
DA:31,0
DA:32,0
DA:33,0
DA:34,0
DA:37,0
DA:84,0
DA:87,0
LF:24
LH:0
BRDA:16,0,0,0
BRDA:16,0,1,0
BRDA:20,1,0,0
BRDA:20,1,1,0
BRDA:37,2,0,0
BRDA:37,2,1,0
BRDA:64,3,0,0
BRF:7
BRH:0
end_of_record
TN:
SF:app/live-map/page.tsx
FN:13,LiveMapPage
FN:36,(anonymous_3)
FN:62,(anonymous_4)
FN:67,(anonymous_5)
FN:71,(anonymous_6)
FN:78,(anonymous_7)
FN:84,(anonymous_8)
FN:135,(anonymous_9)
FN:145,(anonymous_10)
FN:154,(anonymous_11)
FN:167,(anonymous_12)
FN:180,(anonymous_13)
FN:191,(anonymous_14)
FN:204,(anonymous_15)
FN:206,(anonymous_16)
FN:217,(anonymous_17)
FN:219,(anonymous_18)
FN:229,(anonymous_19)
FN:240,(anonymous_20)
FN:256,(anonymous_21)
FN:264,(anonymous_22)
FN:281,(anonymous_23)
FN:290,(anonymous_24)
FN:311,(anonymous_25)
FN:315,(anonymous_26)
FN:316,(anonymous_27)
FN:322,(anonymous_28)
FN:323,(anonymous_29)
FN:329,(anonymous_30)
FN:330,(anonymous_31)
FN:336,(anonymous_32)
FN:341,(anonymous_33)
FN:342,(anonymous_34)
FN:346,(anonymous_35)
FN:350,(anonymous_36)
FN:361,(anonymous_37)
FN:366,(anonymous_38)
FN:452,(anonymous_39)
FN:453,(anonymous_40)
FN:456,(anonymous_41)
FNF:40
FNH:0
FNDA:0,LiveMapPage
FNDA:0,(anonymous_3)
FNDA:0,(anonymous_4)
FNDA:0,(anonymous_5)
FNDA:0,(anonymous_6)
FNDA:0,(anonymous_7)
FNDA:0,(anonymous_8)
FNDA:0,(anonymous_9)
FNDA:0,(anonymous_10)
FNDA:0,(anonymous_11)
FNDA:0,(anonymous_12)
FNDA:0,(anonymous_13)
FNDA:0,(anonymous_14)
FNDA:0,(anonymous_15)
FNDA:0,(anonymous_16)
FNDA:0,(anonymous_17)
FNDA:0,(anonymous_18)
FNDA:0,(anonymous_19)
FNDA:0,(anonymous_20)
FNDA:0,(anonymous_21)
FNDA:0,(anonymous_22)
FNDA:0,(anonymous_23)
FNDA:0,(anonymous_24)
FNDA:0,(anonymous_25)
FNDA:0,(anonymous_26)
FNDA:0,(anonymous_27)
FNDA:0,(anonymous_28)
FNDA:0,(anonymous_29)
FNDA:0,(anonymous_30)
FNDA:0,(anonymous_31)
FNDA:0,(anonymous_32)
FNDA:0,(anonymous_33)
FNDA:0,(anonymous_34)
FNDA:0,(anonymous_35)
FNDA:0,(anonymous_36)
FNDA:0,(anonymous_37)
FNDA:0,(anonymous_38)
FNDA:0,(anonymous_39)
FNDA:0,(anonymous_40)
FNDA:0,(anonymous_41)
DA:3,0
DA:4,0
DA:5,0
DA:6,0
DA:7,0
DA:8,0
DA:9,0
DA:10,0
DA:13,0
DA:14,0
DA:15,0
DA:16,0
DA:17,0
DA:18,0
DA:19,0
DA:20,0
DA:21,0
DA:22,0
DA:23,0
DA:24,0
DA:32,0
DA:33,0
DA:36,0
DA:37,0
DA:38,0
DA:39,0
DA:41,0
DA:42,0
DA:43,0
DA:46,0
DA:49,0
DA:50,0
DA:51,0
DA:52,0
DA:55,0
DA:62,0
DA:63,0
DA:67,0
DA:68,0
DA:71,0
DA:73,0
DA:74,0
DA:78,0
DA:79,0
DA:80,0
DA:81,0
DA:84,0
DA:85,0
DA:86,0
DA:87,0
DA:89,0
DA:90,0
DA:92,0
DA:95,0
DA:99,0
DA:100,0
DA:101,0
DA:102,0
DA:104,0
DA:106,0
DA:107,0
DA:108,0
DA:109,0
DA:111,0
DA:114,0
DA:115,0
DA:116,0
DA:118,0
DA:120,0
DA:121,0
DA:122,0
DA:123,0
DA:125,0
DA:129,0
DA:131,0
DA:135,0
DA:136,0
DA:137,0
DA:138,0
DA:141,0
DA:142,0
DA:144,0
DA:146,0
DA:151,0
DA:152,0
DA:155,0
DA:156,0
DA:157,0
DA:167,0
DA:168,0
DA:170,0
DA:172,0
DA:174,0
DA:176,0
DA:180,0
DA:181,0
DA:182,0
DA:183,0
DA:184,0
DA:187,0
DA:188,0
DA:191,0
DA:192,0
DA:198,0
DA:201,0
DA:202,0
DA:203,0
DA:204,0
DA:206,0
DA:207,0
DA:217,0
DA:219,0
DA:220,0
DA:221,0
DA:223,0
DA:228,0
DA:229,0
DA:230,0
DA:231,0
DA:233,0
DA:239,0
DA:240,0
DA:241,0
DA:243,0
DA:244,0
DA:245,0
DA:246,0
DA:247,0
DA:248,0
DA:250,0
DA:255,0
DA:256,0
DA:257,0
DA:258,0
DA:263,0
DA:264,0
DA:265,0
DA:271,0
DA:276,0
DA:277,0
DA:278,0
DA:279,0
DA:281,0
DA:284,0
DA:289,0
DA:290,0
DA:291,0
DA:297,0
DA:303,0
DA:307,0
DA:308,0
DA:311,0
DA:312,0
DA:315,0
DA:316,0
DA:322,0
DA:323,0
DA:329,0
DA:330,0
DA:336,0
DA:337,0
DA:338,0
DA:341,0
DA:342,0
DA:343,0
DA:346,0
DA:347,0
DA:350,0
DA:351,0
DA:361,0
DA:362,0
DA:363,0
DA:366,0
DA:367,0
DA:368,0
DA:369,0
DA:371,0
DA:372,0
DA:374,0
DA:375,0
DA:377,0
DA:378,0
DA:380,0
DA:381,0
DA:383,0
DA:384,0
DA:386,0
DA:389,0
DA:454,0
DA:457,0
LF:190
LH:0
BRDA:41,0,0,0
BRDA:41,0,1,0
BRDA:41,1,0,0
BRDA:41,1,1,0
BRDA:46,2,0,0
BRDA:46,2,1,0
BRDA:46,3,0,0
BRDA:46,3,1,0
BRDA:46,3,2,0
BRDA:46,3,3,0
BRDA:46,3,4,0
BRDA:46,3,5,0
BRDA:50,4,0,0
BRDA:50,4,1,0
BRDA:73,5,0,0
BRDA:73,5,1,0
BRDA:89,6,0,0
BRDA:89,6,1,0
BRDA:92,7,0,0
BRDA:92,7,1,0
BRDA:95,8,0,0
BRDA:95,8,1,0
BRDA:101,9,0,0
BRDA:101,9,1,0
BRDA:106,10,0,0
BRDA:106,10,1,0
BRDA:106,11,0,0
BRDA:106,11,1,0
BRDA:111,12,0,0
BRDA:111,12,1,0
BRDA:115,13,0,0
BRDA:115,13,1,0
BRDA:120,14,0,0
BRDA:120,14,1,0
BRDA:120,15,0,0
BRDA:120,15,1,0
BRDA:125,16,0,0
BRDA:125,16,1,0
BRDA:136,17,0,0
BRDA:136,17,1,0
BRDA:168,18,0,0
BRDA:168,18,1,0
BRDA:168,18,2,0
BRDA:168,18,3,0
BRDA:201,19,0,0
BRDA:201,19,1,0
BRDA:220,20,0,0
BRDA:220,20,1,0
BRDA:220,21,0,0
BRDA:220,21,1,0
BRDA:228,22,0,0
BRDA:228,22,1,0
BRDA:228,23,0,0
BRDA:228,23,1,0
BRDA:230,24,0,0
BRDA:230,24,1,0
BRDA:239,25,0,0
BRDA:239,25,1,0
BRDA:241,26,0,0
BRDA:241,26,1,0
BRDA:243,27,0,0
BRDA:243,27,1,0
BRDA:245,28,0,0
BRDA:245,28,1,0
BRDA:247,29,0,0
BRDA:247,29,1,0
BRDA:255,30,0,0
BRDA:255,30,1,0
BRDA:255,31,0,0
BRDA:255,31,1,0
BRDA:257,32,0,0
BRDA:257,32,1,0
BRDA:263,33,0,0
BRDA:263,33,1,0
BRDA:263,34,0,0
BRDA:263,34,1,0
BRDA:268,35,0,0
BRDA:268,35,1,0
BRDA:269,36,0,0
BRDA:269,36,1,0
BRDA:276,37,0,0
BRDA:276,37,1,0
BRDA:284,38,0,0
BRDA:284,38,1,0
BRDA:289,39,0,0
BRDA:289,39,1,0
BRDA:294,40,0,0
BRDA:294,40,1,0
BRDA:295,41,0,0
BRDA:295,41,1,0
BRDA:300,42,0,0
BRDA:300,42,1,0
BRDA:301,43,0,0
BRDA:301,43,1,0
BRDA:318,44,0,0
BRDA:318,44,1,0
BRDA:343,45,0,0
BRDA:343,45,1,0
BRDA:352,46,0,0
BRDA:352,46,1,0
BRDA:352,46,2,0
BRDA:352,46,3,0
BRDA:352,46,4,0
BRDA:352,46,5,0
BRDA:368,47,0,0
BRDA:368,47,1,0
BRDA:371,48,0,0
BRDA:371,48,1,0
BRDA:374,49,0,0
BRDA:374,49,1,0
BRDA:377,50,0,0
BRDA:377,50,1,0
BRDA:380,51,0,0
BRDA:380,51,1,0
BRDA:383,52,0,0
BRDA:383,52,1,0
BRDA:406,53,0,0
BRDA:413,54,0,0
BRDA:425,55,0,0
BRDA:437,56,0,0
BRDA:437,56,1,0
BRDA:437,56,2,0
BRDA:464,57,0,0
BRDA:464,57,1,0
BRDA:471,58,0,0
BRDA:475,59,0,0
BRDA:476,60,0,0
BRDA:476,60,1,0
BRDA:483,61,0,0
BRDA:495,62,0,0
BRDA:498,63,0,0
BRF:131
BRH:0
end_of_record
TN:
SF:app/location-test/page.tsx
FN:4,LocationTestPage
FNF:1
FNH:0
FNDA:0,LocationTestPage
DA:1,0
DA:2,0
DA:4,0
LF:3
LH:0
BRF:0
BRH:0
end_of_record
TN:
SF:app/notifications/page.tsx
FN:7,NotificationsPage
FN:67,(anonymous_3)
FN:68,(anonymous_4)
FN:69,(anonymous_5)
FN:75,(anonymous_6)
FN:76,(anonymous_7)
FN:77,(anonymous_8)
FN:81,(anonymous_9)
FN:82,(anonymous_10)
FN:82,(anonymous_11)
FN:87,(anonymous_12)
FN:89,(anonymous_13)
FN:91,(anonymous_14)
FN:147,(anonymous_15)
FN:148,(anonymous_16)
FN:149,(anonymous_17)
FN:150,(anonymous_18)
FN:151,(anonymous_19)
FN:154,(anonymous_20)
FN:176,(anonymous_21)
FN:205,(anonymous_22)
FN:215,(anonymous_23)
FNF:22
FNH:0
FNDA:0,NotificationsPage
FNDA:0,(anonymous_3)
FNDA:0,(anonymous_4)
FNDA:0,(anonymous_5)
FNDA:0,(anonymous_6)
FNDA:0,(anonymous_7)
FNDA:0,(anonymous_8)
FNDA:0,(anonymous_9)
FNDA:0,(anonymous_10)
FNDA:0,(anonymous_11)
FNDA:0,(anonymous_12)
FNDA:0,(anonymous_13)
FNDA:0,(anonymous_14)
FNDA:0,(anonymous_15)
FNDA:0,(anonymous_16)
FNDA:0,(anonymous_17)
FNDA:0,(anonymous_18)
FNDA:0,(anonymous_19)
FNDA:0,(anonymous_20)
FNDA:0,(anonymous_21)
FNDA:0,(anonymous_22)
FNDA:0,(anonymous_23)
DA:3,0
DA:4,0
DA:5,0
DA:7,0
DA:8,0
DA:65,0
DA:67,0
DA:68,0
DA:69,0
DA:70,0
DA:75,0
DA:76,0
DA:77,0
DA:81,0
DA:82,0
DA:85,0
DA:87,0
DA:89,0
DA:91,0
DA:92,0
DA:93,0
DA:94,0
DA:95,0
DA:96,0
DA:97,0
DA:98,0
DA:99,0
DA:147,0
DA:148,0
DA:149,0
DA:150,0
DA:152,0
DA:154,0
DA:177,0
DA:205,0
DA:215,0
LF:36
LH:0
BRDA:70,0,0,0
BRDA:70,0,1,0
BRDA:85,1,0,0
BRDA:85,1,1,0
BRDA:92,2,0,0
BRDA:92,2,1,0
BRDA:92,2,2,0
BRDA:92,2,3,0
BRDA:92,2,4,0
BRDA:92,2,5,0
BRDA:92,2,6,0
BRDA:131,3,0,0
BRDA:156,4,0,0
BRDA:156,4,1,0
BRDA:169,5,0,0
BRDA:180,6,0,0
BRDA:180,6,1,0
BRDA:203,7,0,0
BRF:18
BRH:0
end_of_record
TN:
SF:app/profile/page.tsx
FN:14,ProfilePage
FN:49,(anonymous_3)
FN:50,(anonymous_4)
FN:56,(anonymous_5)
FN:57,(anonymous_6)
FN:66,(anonymous_7)
FN:67,(anonymous_8)
FN:73,(anonymous_9)
FN:74,(anonymous_10)
FN:80,(anonymous_11)
FN:81,(anonymous_12)
FN:87,(anonymous_13)
FN:91,(anonymous_14)
FN:96,(anonymous_15)
FN:100,(anonymous_16)
FN:104,(anonymous_17)
FN:126,(anonymous_18)
FN:130,(anonymous_19)
FN:136,(anonymous_20)
FN:174,(anonymous_21)
FN:177,(anonymous_22)
FN:214,(anonymous_23)
FN:224,(anonymous_24)
FN:234,(anonymous_25)
FN:244,(anonymous_26)
FN:263,(anonymous_27)
FN:268,(anonymous_28)
FN:272,(anonymous_29)
FN:285,(anonymous_30)
FN:290,(anonymous_31)
FN:294,(anonymous_32)
FN:311,(anonymous_33)
FN:315,(anonymous_34)
FN:328,(anonymous_35)
FN:448,(anonymous_36)
FN:461,(anonymous_37)
FN:462,(anonymous_38)
FNF:37
FNH:0
FNDA:0,ProfilePage
FNDA:0,(anonymous_3)
FNDA:0,(anonymous_4)
FNDA:0,(anonymous_5)
FNDA:0,(anonymous_6)
FNDA:0,(anonymous_7)
FNDA:0,(anonymous_8)
FNDA:0,(anonymous_9)
FNDA:0,(anonymous_10)
FNDA:0,(anonymous_11)
FNDA:0,(anonymous_12)
FNDA:0,(anonymous_13)
FNDA:0,(anonymous_14)
FNDA:0,(anonymous_15)
FNDA:0,(anonymous_16)
FNDA:0,(anonymous_17)
FNDA:0,(anonymous_18)
FNDA:0,(anonymous_19)
FNDA:0,(anonymous_20)
FNDA:0,(anonymous_21)
FNDA:0,(anonymous_22)
FNDA:0,(anonymous_23)
FNDA:0,(anonymous_24)
FNDA:0,(anonymous_25)
FNDA:0,(anonymous_26)
FNDA:0,(anonymous_27)
FNDA:0,(anonymous_28)
FNDA:0,(anonymous_29)
FNDA:0,(anonymous_30)
FNDA:0,(anonymous_31)
FNDA:0,(anonymous_32)
FNDA:0,(anonymous_33)
FNDA:0,(anonymous_34)
FNDA:0,(anonymous_35)
FNDA:0,(anonymous_36)
FNDA:0,(anonymous_37)
FNDA:0,(anonymous_38)
DA:3,0
DA:4,0
DA:5,0
DA:6,0
DA:7,0
DA:8,0
DA:9,0
DA:10,0
DA:11,0
DA:14,0
DA:15,0
DA:23,0
DA:39,0
DA:40,0
DA:43,0
DA:44,0
DA:45,0
DA:46,0
DA:47,0
DA:49,0
DA:50,0
DA:56,0
DA:57,0
DA:66,0
DA:67,0
DA:73,0
DA:74,0
DA:80,0
DA:81,0
DA:87,0
DA:88,0
DA:91,0
DA:92,0
DA:96,0
DA:97,0
DA:100,0
DA:101,0
DA:104,0
DA:105,0
DA:106,0
DA:107,0
DA:109,0
DA:112,0
DA:113,0
DA:114,0
DA:115,0
DA:117,0
DA:119,0
DA:120,0
DA:122,0
DA:126,0
DA:127,0
DA:130,0
DA:131,0
DA:132,0
DA:133,0
DA:134,0
DA:136,0
DA:138,0
DA:139,0
DA:141,0
DA:142,0
DA:175,0
DA:177,0
DA:214,0
DA:224,0
DA:234,0
DA:244,0
DA:264,0
DA:269,0
DA:270,0
DA:272,0
DA:286,0
DA:291,0
DA:292,0
DA:294,0
DA:312,0
DA:315,0
DA:328,0
DA:448,0
DA:461,0
DA:463,0
LF:82
LH:0
BRDA:69,0,0,0
BRDA:69,0,1,0
BRDA:179,1,0,0
BRDA:179,1,1,0
BRDA:193,2,0,0
BRDA:258,3,0,0
BRDA:269,4,0,0
BRDA:269,4,1,0
BRDA:291,5,0,0
BRDA:291,5,1,0
BRDA:306,6,0,0
BRDA:318,7,0,0
BRDA:318,7,1,0
BRDA:319,8,0,0
BRDA:319,8,1,0
BRDA:320,9,0,0
BRDA:320,9,1,0
BRDA:321,10,0,0
BRDA:321,10,1,0
BRDA:322,11,0,0
BRDA:322,11,1,0
BRDA:337,12,0,0
BRDA:418,13,0,0
BRDA:418,13,1,0
BRDA:445,14,0,0
BRF:25
BRH:0
end_of_record
TN:
SF:app/profile/privacy/page.tsx
FN:20,PrivacySettingsPage
FN:36,(anonymous_3)
FN:37,(anonymous_4)
FN:44,(anonymous_5)
FN:48,(anonymous_6)
FN:59,(anonymous_7)
FN:74,(anonymous_8)
FN:96,(anonymous_9)
FN:100,(anonymous_10)
FN:117,(anonymous_11)
FN:141,(anonymous_12)
FN:155,(anonymous_13)
FN:169,(anonymous_14)
FN:192,(anonymous_15)
FN:204,(anonymous_16)
FN:216,(anonymous_17)
FN:235,(anonymous_18)
FN:247,(anonymous_19)
FN:266,(anonymous_20)
FN:278,(anonymous_21)
FNF:20
FNH:0
FNDA:0,PrivacySettingsPage
FNDA:0,(anonymous_3)
FNDA:0,(anonymous_4)
FNDA:0,(anonymous_5)
FNDA:0,(anonymous_6)
FNDA:0,(anonymous_7)
FNDA:0,(anonymous_8)
FNDA:0,(anonymous_9)
FNDA:0,(anonymous_10)
FNDA:0,(anonymous_11)
FNDA:0,(anonymous_12)
FNDA:0,(anonymous_13)
FNDA:0,(anonymous_14)
FNDA:0,(anonymous_15)
FNDA:0,(anonymous_16)
FNDA:0,(anonymous_17)
FNDA:0,(anonymous_18)
FNDA:0,(anonymous_19)
FNDA:0,(anonymous_20)
FNDA:0,(anonymous_21)
DA:3,0
DA:4,0
DA:5,0
DA:6,0
DA:7,0
DA:20,0
DA:21,0
DA:22,0
DA:33,0
DA:34,0
DA:36,0
DA:37,0
DA:41,0
DA:44,0
DA:45,0
DA:46,0
DA:48,0
DA:50,0
DA:51,0
DA:53,0
DA:55,0
DA:59,0
DA:60,0
DA:70,0
DA:71,0
DA:74,0
DA:75,0
DA:76,0
DA:82,0
DA:85,0
DA:86,0
DA:87,0
DA:88,0
DA:90,0
DA:92,0
DA:96,0
DA:97,0
DA:98,0
DA:100,0
DA:102,0
DA:103,0
DA:105,0
DA:117,0
DA:141,0
DA:155,0
DA:169,0
DA:192,0
DA:204,0
DA:216,0
DA:235,0
DA:247,0
DA:266,0
DA:278,0
LF:53
LH:0
BRDA:97,0,0,0
BRDA:97,0,1,0
BRF:2
BRH:0
end_of_record
TN:
SF:app/restaurant/[id]/layout.tsx
FN:8,generateMetadata
FN:94,RestaurantLayout
FNF:2
FNH:0
FNDA:0,generateMetadata
FNDA:0,RestaurantLayout
DA:8,0
DA:9,0
DA:11,0
DA:15,0
DA:22,0
DA:23,0
DA:29,0
DA:30,0
DA:32,0
DA:33,0
DA:39,0
DA:40,0
DA:44,0
DA:46,0
DA:86,0
DA:87,0
DA:94,0
DA:95,0
LF:18
LH:0
BRDA:11,0,0,0
BRDA:11,0,1,0
BRDA:22,1,0,0
BRDA:22,1,1,0
BRDA:30,2,0,0
BRDA:30,2,1,0
BRDA:32,3,0,0
BRDA:32,3,1,0
BRDA:40,4,0,0
BRDA:40,4,1,0
BRDA:41,5,0,0
BRDA:41,5,1,0
BRDA:42,6,0,0
BRDA:42,6,1,0
BRDA:42,7,0,0
BRDA:42,7,1,0
BRDA:44,8,0,0
BRDA:44,8,1,0
BRDA:49,9,0,0
BRDA:49,9,1,0
BRDA:49,10,0,0
BRDA:49,10,1,0
BRF:22
BRH:0
end_of_record
TN:
SF:app/restaurant/[id]/page.tsx
FN:11,(anonymous_5)
FN:21,(anonymous_6)
FN:22,(anonymous_7)
FN:58,(anonymous_8)
FN:73,(anonymous_9)
FN:86,(anonymous_10)
FN:99,(anonymous_11)
FN:107,(anonymous_12)
FN:143,(anonymous_13)
FN:184,(anonymous_14)
FN:210,(anonymous_15)
FN:221,(anonymous_16)
FN:230,(anonymous_17)
FN:256,(anonymous_18)
FN:280,(anonymous_19)
FN:295,(anonymous_20)
FN:369,(anonymous_21)
FN:384,(anonymous_22)
FN:397,(anonymous_23)
FN:493,(anonymous_24)
FN:568,(anonymous_25)
FN:590,(anonymous_26)
FN:596,(anonymous_27)
FN:629,(anonymous_28)
FN:669,(anonymous_29)
FN:691,(anonymous_30)
FN:697,(anonymous_31)
FN:724,(anonymous_32)
FN:738,(anonymous_33)
FN:749,(anonymous_34)
FN:769,(anonymous_35)
FNF:31
FNH:0
FNDA:0,(anonymous_5)
FNDA:0,(anonymous_6)
FNDA:0,(anonymous_7)
FNDA:0,(anonymous_8)
FNDA:0,(anonymous_9)
FNDA:0,(anonymous_10)
FNDA:0,(anonymous_11)
FNDA:0,(anonymous_12)
FNDA:0,(anonymous_13)
FNDA:0,(anonymous_14)
FNDA:0,(anonymous_15)
FNDA:0,(anonymous_16)
FNDA:0,(anonymous_17)
FNDA:0,(anonymous_18)
FNDA:0,(anonymous_19)
FNDA:0,(anonymous_20)
FNDA:0,(anonymous_21)
FNDA:0,(anonymous_22)
FNDA:0,(anonymous_23)
FNDA:0,(anonymous_24)
FNDA:0,(anonymous_25)
FNDA:0,(anonymous_26)
FNDA:0,(anonymous_27)
FNDA:0,(anonymous_28)
FNDA:0,(anonymous_29)
FNDA:0,(anonymous_30)
FNDA:0,(anonymous_31)
FNDA:0,(anonymous_32)
FNDA:0,(anonymous_33)
FNDA:0,(anonymous_34)
FNDA:0,(anonymous_35)
DA:3,0
DA:4,0
DA:5,0
DA:7,0
DA:8,0
DA:9,0
DA:11,0
DA:12,0
DA:13,0
DA:14,0
DA:15,0
DA:16,0
DA:17,0
DA:18,0
DA:19,0
DA:21,0
DA:22,0
DA:23,0
DA:24,0
DA:28,0
DA:34,0
DA:35,0
DA:37,0
DA:39,0
DA:40,0
DA:41,0
DA:42,0
DA:44,0
DA:47,0
DA:49,0
DA:53,0
DA:54,0
DA:58,0
DA:59,0
DA:61,0
DA:63,0
DA:65,0
DA:67,0
DA:69,0
DA:73,0
DA:74,0
DA:76,0
DA:78,0
DA:80,0
DA:82,0
DA:86,0
DA:87,0
DA:90,0
DA:93,0
DA:95,0
DA:99,0
DA:100,0
DA:101,0
DA:102,0
DA:103,0
DA:107,0
DA:108,0
DA:111,0
DA:113,0
DA:116,0
DA:117,0
DA:120,0
DA:121,0
DA:124,0
DA:125,0
DA:129,0
DA:130,0
DA:133,0
DA:136,0
DA:137,0
DA:140,0
DA:143,0
DA:145,0
DA:147,0
DA:149,0
DA:150,0
DA:151,0
DA:153,0
DA:154,0
DA:155,0
DA:157,0
DA:159,0
DA:162,0
DA:166,0
DA:167,0
DA:169,0
DA:173,0
DA:174,0
DA:181,0
DA:184,0
DA:185,0
DA:186,0
DA:187,0
DA:188,0
DA:191,0
DA:202,0
DA:210,0
DA:221,0
DA:230,0
DA:256,0
DA:280,0
DA:296,0
DA:297,0
DA:370,0
DA:385,0
DA:398,0
DA:494,0
DA:569,0
DA:570,0
DA:577,0
DA:578,0
DA:592,0
DA:593,0
DA:595,0
DA:596,0
DA:597,0
DA:599,0
DA:600,0
DA:604,0
DA:629,0
DA:670,0
DA:671,0
DA:678,0
DA:679,0
DA:693,0
DA:694,0
DA:696,0
DA:697,0
DA:698,0
DA:700,0
DA:701,0
DA:705,0
DA:724,0
DA:740,0
DA:741,0
DA:742,0
DA:751,0
DA:752,0
DA:753,0
DA:769,0
DA:812,0
LF:141
LH:0
BRDA:24,0,0,0
BRDA:24,0,1,0
BRDA:34,1,0,0
BRDA:34,1,1,0
BRDA:39,2,0,0
BRDA:39,2,1,0
BRDA:39,3,0,0
BRDA:39,3,1,0
BRDA:41,4,0,0
BRDA:41,4,1,0
BRDA:47,5,0,0
BRDA:47,5,1,0
BRDA:53,6,0,0
BRDA:53,6,1,0
BRDA:59,7,0,0
BRDA:59,7,1,0
BRDA:59,7,2,0
BRDA:59,7,3,0
BRDA:59,7,4,0
BRDA:74,8,0,0
BRDA:74,8,1,0
BRDA:74,8,2,0
BRDA:74,8,3,0
BRDA:87,9,0,0
BRDA:87,9,1,0
BRDA:87,9,2,0
BRDA:87,9,3,0
BRDA:87,9,4,0
BRDA:102,10,0,0
BRDA:102,10,1,0
BRDA:111,11,0,0
BRDA:111,11,1,0
BRDA:111,12,0,0
BRDA:111,12,1,0
BRDA:116,13,0,0
BRDA:116,13,1,0
BRDA:120,14,0,0
BRDA:120,14,1,0
BRDA:124,15,0,0
BRDA:124,15,1,0
BRDA:129,16,0,0
BRDA:129,16,1,0
BRDA:129,17,0,0
BRDA:129,17,1,0
BRDA:133,18,0,0
BRDA:133,18,1,0
BRDA:136,19,0,0
BRDA:136,19,1,0
BRDA:136,20,0,0
BRDA:136,20,1,0
BRDA:136,20,2,0
BRDA:147,21,0,0
BRDA:147,21,1,0
BRDA:150,22,0,0
BRDA:150,22,1,0
BRDA:150,23,0,0
BRDA:150,23,1,0
BRDA:155,24,0,0
BRDA:155,24,1,0
BRDA:157,25,0,0
BRDA:157,25,1,0
BRDA:167,26,0,0
BRDA:167,26,1,0
BRDA:167,27,0,0
BRDA:167,27,1,0
BRDA:173,28,0,0
BRDA:173,28,1,0
BRDA:181,29,0,0
BRDA:181,29,1,0
BRDA:191,30,0,0
BRDA:191,30,1,0
BRDA:202,31,0,0
BRDA:202,31,1,0
BRDA:202,32,0,0
BRDA:202,32,1,0
BRDA:208,33,0,0
BRDA:208,33,1,0
BRDA:221,34,0,0
BRDA:221,34,1,0
BRDA:271,35,0,0
BRDA:278,36,0,0
BRDA:278,36,1,0
BRDA:293,37,0,0
BRDA:292,38,0,0
BRDA:292,38,1,0
BRDA:292,38,2,0
BRDA:292,38,3,0
BRDA:296,39,0,0
BRDA:296,39,1,0
BRDA:296,39,2,0
BRDA:300,40,0,0
BRDA:300,40,1,0
BRDA:310,41,0,0
BRDA:310,41,1,0
BRDA:310,41,2,0
BRDA:312,42,0,0
BRDA:312,42,1,0
BRDA:312,43,0,0
BRDA:312,43,1,0
BRDA:312,43,2,0
BRDA:312,43,3,0
BRDA:314,44,0,0
BRDA:314,44,1,0
BRDA:314,44,2,0
BRDA:323,45,0,0
BRDA:323,45,1,0
BRDA:323,46,0,0
BRDA:323,46,1,0
BRDA:347,47,0,0
BRDA:367,48,0,0
BRDA:366,49,0,0
BRDA:366,49,1,0
BRDA:370,50,0,0
BRDA:370,50,1,0
BRDA:385,51,0,0
BRDA:385,51,1,0
BRDA:387,52,0,0
BRDA:418,53,0,0
BRDA:418,53,1,0
BRDA:489,54,0,0
BRDA:518,55,0,0
BRDA:546,56,0,0
BRDA:569,57,0,0
BRDA:569,57,1,0
BRDA:572,58,0,0
BRDA:572,58,1,0
BRDA:592,59,0,0
BRDA:592,59,1,0
BRDA:595,60,0,0
BRDA:595,60,1,0
BRDA:617,61,0,0
BRDA:635,62,0,0
BRDA:656,63,0,0
BRDA:670,64,0,0
BRDA:670,64,1,0
BRDA:673,65,0,0
BRDA:673,65,1,0
BRDA:693,66,0,0
BRDA:693,66,1,0
BRDA:696,67,0,0
BRDA:696,67,1,0
BRDA:718,68,0,0
BRF:142
BRH:0
end_of_record
TN:
SF:app/search-test/page.tsx
FN:3,SearchTestPage
FNF:1
FNH:0
FNDA:0,SearchTestPage
DA:1,0
DA:3,0
DA:4,0
LF:3
LH:0
BRF:0
BRH:0
end_of_record
TN:
SF:app/simple-map/page.tsx
FN:3,SimpleMapPage
FNF:1
FNH:0
FNDA:0,SimpleMapPage
DA:3,0
LF:1
LH:0
BRF:0
BRH:0
end_of_record
TN:
SF:app/specials/page.tsx
FN:12,SpecialsPage
FN:94,(anonymous_3)
FN:95,(anonymous_4)
FN:96,(anonymous_5)
FN:97,(anonymous_6)
FN:98,(anonymous_7)
FN:99,(anonymous_8)
FN:103,(anonymous_9)
FN:104,(anonymous_10)
FN:111,(anonymous_11)
FN:119,(anonymous_12)
FN:120,(anonymous_13)
FN:126,(anonymous_14)
FN:127,(anonymous_15)
FN:133,(anonymous_16)
FN:134,(anonymous_17)
FN:140,(anonymous_18)
FN:144,(anonymous_19)
FN:148,(anonymous_20)
FN:153,(anonymous_21)
FN:154,(anonymous_22)
FN:163,(anonymous_23)
FN:171,(anonymous_24)
FN:191,(anonymous_25)
FN:217,(anonymous_26)
FN:220,(anonymous_27)
FN:242,(anonymous_28)
FN:279,(anonymous_29)
FN:293,(anonymous_30)
FNF:29
FNH:0
FNDA:0,SpecialsPage
FNDA:0,(anonymous_3)
FNDA:0,(anonymous_4)
FNDA:0,(anonymous_5)
FNDA:0,(anonymous_6)
FNDA:0,(anonymous_7)
FNDA:0,(anonymous_8)
FNDA:0,(anonymous_9)
FNDA:0,(anonymous_10)
FNDA:0,(anonymous_11)
FNDA:0,(anonymous_12)
FNDA:0,(anonymous_13)
FNDA:0,(anonymous_14)
FNDA:0,(anonymous_15)
FNDA:0,(anonymous_16)
FNDA:0,(anonymous_17)
FNDA:0,(anonymous_18)
FNDA:0,(anonymous_19)
FNDA:0,(anonymous_20)
FNDA:0,(anonymous_21)
FNDA:0,(anonymous_22)
FNDA:0,(anonymous_23)
FNDA:0,(anonymous_24)
FNDA:0,(anonymous_25)
FNDA:0,(anonymous_26)
FNDA:0,(anonymous_27)
FNDA:0,(anonymous_28)
FNDA:0,(anonymous_29)
FNDA:0,(anonymous_30)
DA:3,0
DA:4,0
DA:5,0
DA:6,0
DA:8,0
DA:9,0
DA:10,0
DA:12,0
DA:13,0
DA:14,0
DA:15,0
DA:16,0
DA:26,0
DA:27,0
DA:29,0
DA:92,0
DA:94,0
DA:95,0
DA:96,0
DA:97,0
DA:98,0
DA:99,0
DA:102,0
DA:103,0
DA:105,0
DA:111,0
DA:112,0
DA:119,0
DA:120,0
DA:126,0
DA:127,0
DA:133,0
DA:134,0
DA:140,0
DA:141,0
DA:144,0
DA:145,0
DA:148,0
DA:149,0
DA:153,0
DA:154,0
DA:156,0
DA:157,0
DA:158,0
DA:160,0
DA:161,0
DA:163,0
DA:164,0
DA:165,0
DA:166,0
DA:171,0
DA:173,0
DA:174,0
DA:191,0
DA:218,0
DA:220,0
DA:243,0
DA:279,0
DA:293,0
LF:59
LH:0
BRDA:103,0,0,0
BRDA:103,0,1,0
BRDA:105,1,0,0
BRDA:105,1,1,0
BRDA:105,1,2,0
BRDA:105,1,3,0
BRDA:122,2,0,0
BRDA:122,2,1,0
BRDA:222,3,0,0
BRDA:222,3,1,0
BRDA:235,4,0,0
BRDA:283,5,0,0
BRDA:283,5,1,0
BRF:13
BRH:0
end_of_record
TN:
SF:app/test/page.tsx
FN:5,TestPage
FN:27,(anonymous_2)
FN:42,(anonymous_3)
FN:53,(anonymous_4)
FNF:4
FNH:0
FNDA:0,TestPage
FNDA:0,(anonymous_2)
FNDA:0,(anonymous_3)
FNDA:0,(anonymous_4)
DA:3,0
DA:5,0
DA:6,0
DA:25,0
DA:27,0
DA:28,0
DA:29,0
DA:43,0
DA:53,0
LF:9
LH:0
BRDA:37,0,0,0
BRDA:37,0,1,0
BRF:2
BRH:0
end_of_record
TN:
SF:components/ActionButtons.tsx
FN:57,ActionButtons
FN:80,(anonymous_6)
FN:81,(anonymous_7)
FN:87,(anonymous_8)
FN:93,(anonymous_9)
FN:106,(anonymous_10)
FN:119,(anonymous_11)
FN:123,(anonymous_12)
FN:169,(anonymous_13)
FN:191,(anonymous_14)
FN:213,(anonymous_15)
FN:247,(anonymous_16)
FN:298,(anonymous_17)
FN:314,(anonymous_18)
FN:317,(anonymous_19)
FN:339,(anonymous_20)
FN:341,(anonymous_21)
FN:366,(anonymous_22)
FN:401,(anonymous_23)
FN:420,(anonymous_24)
FN:440,(anonymous_25)
FN:460,(anonymous_26)
FN:480,(anonymous_27)
FN:511,(anonymous_28)
FN:546,(anonymous_29)
FN:565,(anonymous_30)
FN:584,(anonymous_31)
FN:603,(anonymous_32)
FN:633,(anonymous_33)
FN:668,(anonymous_34)
FN:687,(anonymous_35)
FN:706,(anonymous_36)
FN:725,(anonymous_37)
FN:744,(anonymous_38)
FN:772,(anonymous_39)
FN:786,(anonymous_40)
FNF:36
FNH:0
FNDA:0,ActionButtons
FNDA:0,(anonymous_6)
FNDA:0,(anonymous_7)
FNDA:0,(anonymous_8)
FNDA:0,(anonymous_9)
FNDA:0,(anonymous_10)
FNDA:0,(anonymous_11)
FNDA:0,(anonymous_12)
FNDA:0,(anonymous_13)
FNDA:0,(anonymous_14)
FNDA:0,(anonymous_15)
FNDA:0,(anonymous_16)
FNDA:0,(anonymous_17)
FNDA:0,(anonymous_18)
FNDA:0,(anonymous_19)
FNDA:0,(anonymous_20)
FNDA:0,(anonymous_21)
FNDA:0,(anonymous_22)
FNDA:0,(anonymous_23)
FNDA:0,(anonymous_24)
FNDA:0,(anonymous_25)
FNDA:0,(anonymous_26)
FNDA:0,(anonymous_27)
FNDA:0,(anonymous_28)
FNDA:0,(anonymous_29)
FNDA:0,(anonymous_30)
FNDA:0,(anonymous_31)
FNDA:0,(anonymous_32)
FNDA:0,(anonymous_33)
FNDA:0,(anonymous_34)
FNDA:0,(anonymous_35)
FNDA:0,(anonymous_36)
FNDA:0,(anonymous_37)
FNDA:0,(anonymous_38)
FNDA:0,(anonymous_39)
FNDA:0,(anonymous_40)
DA:3,0
DA:4,0
DA:7,0
DA:57,0
DA:71,0
DA:72,0
DA:78,0
DA:80,0
DA:81,0
DA:87,0
DA:88,0
DA:89,0
DA:90,0
DA:93,0
DA:94,0
DA:96,0
DA:98,0
DA:100,0
DA:102,0
DA:106,0
DA:107,0
DA:109,0
DA:111,0
DA:113,0
DA:115,0
DA:119,0
DA:120,0
DA:123,0
DA:124,0
DA:125,0
DA:126,0
DA:127,0
DA:169,0
DA:191,0
DA:213,0
DA:247,0
DA:298,0
DA:315,0
DA:317,0
DA:339,0
DA:341,0
DA:366,0
DA:401,0
DA:420,0
DA:440,0
DA:460,0
DA:480,0
DA:511,0
DA:546,0
DA:565,0
DA:584,0
DA:603,0
DA:633,0
DA:668,0
DA:687,0
DA:706,0
DA:725,0
DA:744,0
DA:772,0
DA:786,0
LF:60
LH:0
BRDA:69,0,0,0
BRDA:88,1,0,0
BRDA:88,1,1,0
BRDA:89,2,0,0
BRDA:89,2,1,0
BRDA:90,3,0,0
BRDA:90,3,1,0
BRDA:94,4,0,0
BRDA:94,4,1,0
BRDA:94,4,2,0
BRDA:94,4,3,0
BRDA:96,5,0,0
BRDA:96,5,1,0
BRDA:98,6,0,0
BRDA:98,6,1,0
BRDA:100,7,0,0
BRDA:100,7,1,0
BRDA:107,8,0,0
BRDA:107,8,1,0
BRDA:107,8,2,0
BRDA:107,8,3,0
BRDA:109,9,0,0
BRDA:109,9,1,0
BRDA:109,10,0,0
BRDA:109,10,1,0
BRDA:111,11,0,0
BRDA:111,11,1,0
BRDA:111,12,0,0
BRDA:111,12,1,0
BRDA:113,13,0,0
BRDA:113,13,1,0
BRDA:113,14,0,0
BRDA:113,14,1,0
BRDA:125,15,0,0
BRDA:125,15,1,0
BRDA:125,16,0,0
BRDA:125,16,1,0
BRDA:141,17,0,0
BRDA:176,18,0,0
BRDA:184,19,0,0
BRDA:215,20,0,0
BRDA:215,20,1,0
BRDA:218,21,0,0
BRDA:218,21,1,0
BRDA:227,22,0,0
BRDA:227,22,1,0
BRDA:229,23,0,0
BRDA:229,23,1,0
BRDA:248,24,0,0
BRDA:248,24,1,0
BRDA:249,25,0,0
BRDA:249,25,1,0
BRDA:250,26,0,0
BRDA:250,26,1,0
BRDA:253,27,0,0
BRDA:253,27,1,0
BRDA:253,28,0,0
BRDA:253,28,1,0
BRDA:254,29,0,0
BRDA:254,29,1,0
BRDA:256,30,0,0
BRDA:256,30,1,0
BRDA:263,31,0,0
BRDA:270,32,0,0
BRDA:270,32,1,0
BRDA:272,33,0,0
BRDA:272,33,1,0
BRDA:282,34,0,0
BRDA:289,35,0,0
BRDA:289,35,1,0
BRDA:297,36,0,0
BRDA:297,36,1,0
BRDA:301,37,0,0
BRDA:301,37,1,0
BRDA:301,38,0,0
BRDA:301,38,1,0
BRDA:318,39,0,0
BRDA:318,39,1,0
BRDA:320,40,0,0
BRDA:320,40,1,0
BRDA:341,41,0,0
BRDA:341,41,1,0
BRDA:345,42,0,0
BRDA:345,42,1,0
BRDA:345,42,2,0
BRDA:367,43,0,0
BRDA:367,43,1,0
BRDA:370,44,0,0
BRDA:370,44,1,0
BRDA:372,45,0,0
BRDA:372,45,1,0
BRDA:372,46,0,0
BRDA:372,46,1,0
BRDA:379,47,0,0
BRDA:386,48,0,0
BRDA:386,48,1,0
BRDA:388,49,0,0
BRDA:388,49,1,0
BRDA:398,50,0,0
BRDA:402,51,0,0
BRDA:402,51,1,0
BRDA:405,52,0,0
BRDA:405,52,1,0
BRDA:411,53,0,0
BRDA:411,53,1,0
BRDA:413,54,0,0
BRDA:413,54,1,0
BRDA:421,55,0,0
BRDA:421,55,1,0
BRDA:424,56,0,0
BRDA:424,56,1,0
BRDA:431,57,0,0
BRDA:431,57,1,0
BRDA:433,58,0,0
BRDA:433,58,1,0
BRDA:441,59,0,0
BRDA:441,59,1,0
BRDA:444,60,0,0
BRDA:444,60,1,0
BRDA:451,61,0,0
BRDA:451,61,1,0
BRDA:453,62,0,0
BRDA:453,62,1,0
BRDA:461,63,0,0
BRDA:461,63,1,0
BRDA:464,64,0,0
BRDA:464,64,1,0
BRDA:471,65,0,0
BRDA:471,65,1,0
BRDA:473,66,0,0
BRDA:473,66,1,0
BRDA:481,67,0,0
BRDA:481,67,1,0
BRDA:484,68,0,0
BRDA:484,68,1,0
BRDA:491,69,0,0
BRDA:491,69,1,0
BRDA:493,70,0,0
BRDA:493,70,1,0
BRDA:512,71,0,0
BRDA:512,71,1,0
BRDA:515,72,0,0
BRDA:515,72,1,0
BRDA:517,73,0,0
BRDA:517,73,1,0
BRDA:517,74,0,0
BRDA:517,74,1,0
BRDA:524,75,0,0
BRDA:531,76,0,0
BRDA:531,76,1,0
BRDA:533,77,0,0
BRDA:533,77,1,0
BRDA:543,78,0,0
BRDA:547,79,0,0
BRDA:547,79,1,0
BRDA:550,80,0,0
BRDA:550,80,1,0
BRDA:556,81,0,0
BRDA:556,81,1,0
BRDA:558,82,0,0
BRDA:558,82,1,0
BRDA:566,83,0,0
BRDA:566,83,1,0
BRDA:569,84,0,0
BRDA:569,84,1,0
BRDA:575,85,0,0
BRDA:575,85,1,0
BRDA:577,86,0,0
BRDA:577,86,1,0
BRDA:585,87,0,0
BRDA:585,87,1,0
BRDA:588,88,0,0
BRDA:588,88,1,0
BRDA:594,89,0,0
BRDA:594,89,1,0
BRDA:596,90,0,0
BRDA:596,90,1,0
BRDA:604,91,0,0
BRDA:604,91,1,0
BRDA:607,92,0,0
BRDA:607,92,1,0
BRDA:613,93,0,0
BRDA:613,93,1,0
BRDA:615,94,0,0
BRDA:615,94,1,0
BRDA:634,95,0,0
BRDA:634,95,1,0
BRDA:637,96,0,0
BRDA:637,96,1,0
BRDA:639,97,0,0
BRDA:639,97,1,0
BRDA:639,98,0,0
BRDA:639,98,1,0
BRDA:646,99,0,0
BRDA:653,100,0,0
BRDA:653,100,1,0
BRDA:655,101,0,0
BRDA:655,101,1,0
BRDA:665,102,0,0
BRDA:669,103,0,0
BRDA:669,103,1,0
BRDA:672,104,0,0
BRDA:672,104,1,0
BRDA:678,105,0,0
BRDA:678,105,1,0
BRDA:680,106,0,0
BRDA:680,106,1,0
BRDA:688,107,0,0
BRDA:688,107,1,0
BRDA:691,108,0,0
BRDA:691,108,1,0
BRDA:697,109,0,0
BRDA:697,109,1,0
BRDA:699,110,0,0
BRDA:699,110,1,0
BRDA:707,111,0,0
BRDA:707,111,1,0
BRDA:710,112,0,0
BRDA:710,112,1,0
BRDA:716,113,0,0
BRDA:716,113,1,0
BRDA:718,114,0,0
BRDA:718,114,1,0
BRDA:726,115,0,0
BRDA:726,115,1,0
BRDA:729,116,0,0
BRDA:729,116,1,0
BRDA:735,117,0,0
BRDA:735,117,1,0
BRDA:737,118,0,0
BRDA:737,118,1,0
BRDA:745,119,0,0
BRDA:745,119,1,0
BRDA:748,120,0,0
BRDA:748,120,1,0
BRDA:754,121,0,0
BRDA:754,121,1,0
BRDA:756,122,0,0
BRDA:756,122,1,0
BRDA:769,123,0,0
BRDA:772,124,0,0
BRDA:772,124,1,0
BRDA:772,125,0,0
BRDA:772,125,1,0
BRDA:777,126,0,0
BRDA:777,126,1,0
BRF:246
BRH:0
end_of_record
TN:
SF:components/AdvancedFilters.tsx
FN:19,(anonymous_2)
FN:27,(anonymous_3)
FN:60,(anonymous_4)
FN:74,(anonymous_5)
FN:105,(anonymous_6)
FN:117,(anonymous_7)
FN:130,(anonymous_8)
FN:143,(anonymous_9)
FN:156,(anonymous_10)
FN:184,(anonymous_11)
FN:196,(anonymous_12)
FN:208,(anonymous_13)
FN:220,(anonymous_14)
FN:244,(anonymous_15)
FN:256,(anonymous_16)
FN:268,(anonymous_17)
FN:280,(anonymous_18)
FN:292,(anonymous_19)
FN:311,(anonymous_20)
FNF:19
FNH:0
FNDA:0,(anonymous_2)
FNDA:0,(anonymous_3)
FNDA:0,(anonymous_4)
FNDA:0,(anonymous_5)
FNDA:0,(anonymous_6)
FNDA:0,(anonymous_7)
FNDA:0,(anonymous_8)
FNDA:0,(anonymous_9)
FNDA:0,(anonymous_10)
FNDA:0,(anonymous_11)
FNDA:0,(anonymous_12)
FNDA:0,(anonymous_13)
FNDA:0,(anonymous_14)
FNDA:0,(anonymous_15)
FNDA:0,(anonymous_16)
FNDA:0,(anonymous_17)
FNDA:0,(anonymous_18)
FNDA:0,(anonymous_19)
FNDA:0,(anonymous_20)
DA:1,0
DA:2,0
DA:19,0
DA:27,0
DA:60,0
DA:74,0
DA:105,0
DA:117,0
DA:130,0
DA:143,0
DA:156,0
DA:184,0
DA:196,0
DA:208,0
DA:220,0
DA:244,0
DA:256,0
DA:268,0
DA:280,0
DA:292,0
DA:311,0
DA:327,0
LF:22
LH:0
BRDA:27,0,0,0
BRDA:27,0,1,0
BRDA:39,1,0,0
BRDA:65,2,0,0
BRDA:65,2,1,0
BRDA:75,3,0,0
BRDA:75,3,1,0
BRDA:76,4,0,0
BRDA:76,4,1,0
BRDA:80,5,0,0
BRDA:80,5,1,0
BRDA:80,6,0,0
BRDA:80,6,1,0
BRDA:81,7,0,0
BRDA:81,7,1,0
BRDA:109,8,0,0
BRDA:109,8,1,0
BRDA:121,9,0,0
BRDA:121,9,1,0
BRDA:134,10,0,0
BRDA:134,10,1,0
BRDA:147,11,0,0
BRDA:147,11,1,0
BRDA:160,12,0,0
BRDA:160,12,1,0
BRDA:188,13,0,0
BRDA:188,13,1,0
BRDA:200,14,0,0
BRDA:200,14,1,0
BRDA:212,15,0,0
BRDA:212,15,1,0
BRDA:224,16,0,0
BRDA:224,16,1,0
BRDA:248,17,0,0
BRDA:248,17,1,0
BRDA:260,18,0,0
BRDA:260,18,1,0
BRDA:272,19,0,0
BRDA:272,19,1,0
BRDA:284,20,0,0
BRDA:284,20,1,0
BRDA:296,21,0,0
BRDA:296,21,1,0
BRDA:307,22,0,0
BRDA:311,23,0,0
BRDA:311,23,1,0
BRF:46
BRH:0
end_of_record
TN:
SF:components/AuthProvider.tsx
FN:10,AuthProvider
FNF:1
FNH:0
FNDA:0,AuthProvider
DA:3,0
DA:10,0
LF:2
LH:0
BRF:0
BRH:0
end_of_record
TN:
SF:components/BottomNavigation.tsx
FN:5,(anonymous_1)
FN:53,(anonymous_2)
FN:60,(anonymous_3)
FN:65,(anonymous_4)
FNF:4
FNH:0
FNDA:0,(anonymous_1)
FNDA:0,(anonymous_2)
FNDA:0,(anonymous_3)
FNDA:0,(anonymous_4)
DA:3,0
DA:5,0
DA:6,0
DA:7,0
DA:9,0
DA:53,0
DA:54,0
DA:61,0
DA:62,0
DA:65,0
DA:84,0
LF:11
LH:0
BRDA:67,0,0,0
BRDA:67,0,1,0
BRDA:72,1,0,0
BRDA:72,1,1,0
BRF:4
BRH:0
end_of_record
TN:
SF:components/CategoryNav.tsx
FN:18,CategoryNav
FN:44,(anonymous_2)
FN:56,(anonymous_3)
FN:86,(anonymous_4)
FN:89,(anonymous_5)
FN:113,(anonymous_6)
FN:116,(anonymous_7)
FN:136,(anonymous_8)
FN:139,(anonymous_9)
FN:155,(anonymous_10)
FN:157,(anonymous_11)
FN:168,(anonymous_12)
FN:170,(anonymous_13)
FN:181,(anonymous_14)
FN:183,(anonymous_15)
FN:196,(anonymous_16)
FN:209,(anonymous_17)
FNF:17
FNH:0
FNDA:0,CategoryNav
FNDA:0,(anonymous_2)
FNDA:0,(anonymous_3)
FNDA:0,(anonymous_4)
FNDA:0,(anonymous_5)
FNDA:0,(anonymous_6)
FNDA:0,(anonymous_7)
FNDA:0,(anonymous_8)
FNDA:0,(anonymous_9)
FNDA:0,(anonymous_10)
FNDA:0,(anonymous_11)
FNDA:0,(anonymous_12)
FNDA:0,(anonymous_13)
FNDA:0,(anonymous_14)
FNDA:0,(anonymous_15)
FNDA:0,(anonymous_16)
FNDA:0,(anonymous_17)
DA:18,0
DA:19,0
DA:27,0
DA:34,0
DA:42,0
DA:44,0
DA:45,0
DA:48,0
DA:49,0
DA:52,0
DA:56,0
DA:57,0
DA:87,0
DA:89,0
DA:114,0
DA:116,0
DA:137,0
DA:139,0
DA:155,0
DA:157,0
DA:168,0
DA:170,0
DA:181,0
DA:183,0
DA:196,0
DA:209,0
LF:26
LH:0
BRDA:42,0,0,0
BRDA:42,0,1,0
BRDA:42,0,2,0
BRDA:42,0,3,0
BRDA:42,0,4,0
BRDA:48,1,0,0
BRDA:48,1,1,0
BRDA:65,2,0,0
BRDA:90,3,0,0
BRDA:90,3,1,0
BRDA:117,4,0,0
BRDA:117,4,1,0
BRDA:140,5,0,0
BRDA:140,5,1,0
BRDA:150,6,0,0
BRDA:153,7,0,0
BRDA:153,7,1,0
BRDA:166,8,0,0
BRDA:179,9,0,0
BRDA:179,9,1,0
BRDA:192,10,0,0
BRDA:205,11,0,0
BRF:22
BRH:0
end_of_record
TN:
SF:components/EnhancedMap.tsx
FN:15,EnhancedMap
FN:33,(anonymous_2)
FN:50,(anonymous_3)
FN:57,(anonymous_4)
FN:58,(anonymous_5)
FN:81,(anonymous_6)
FN:85,(anonymous_7)
FN:113,(anonymous_8)
FN:124,(anonymous_9)
FN:132,(anonymous_10)
FN:196,(anonymous_11)
FN:210,(anonymous_12)
FN:251,(anonymous_13)
FN:255,(anonymous_14)
FN:277,(anonymous_15)
FN:306,(anonymous_16)
FN:345,(anonymous_17)
FN:358,(anonymous_18)
FN:387,(anonymous_19)
FN:394,(anonymous_20)
FN:399,(anonymous_21)
FN:403,(anonymous_22)
FN:410,(anonymous_23)
FN:413,(anonymous_24)
FN:441,(anonymous_25)
FN:527,(anonymous_26)
FN:562,(anonymous_27)
FN:568,(anonymous_28)
FNF:28
FNH:0
FNDA:0,EnhancedMap
FNDA:0,(anonymous_2)
FNDA:0,(anonymous_3)
FNDA:0,(anonymous_4)
FNDA:0,(anonymous_5)
FNDA:0,(anonymous_6)
FNDA:0,(anonymous_7)
FNDA:0,(anonymous_8)
FNDA:0,(anonymous_9)
FNDA:0,(anonymous_10)
FNDA:0,(anonymous_11)
FNDA:0,(anonymous_12)
FNDA:0,(anonymous_13)
FNDA:0,(anonymous_14)
FNDA:0,(anonymous_15)
FNDA:0,(anonymous_16)
FNDA:0,(anonymous_17)
FNDA:0,(anonymous_18)
FNDA:0,(anonymous_19)
FNDA:0,(anonymous_20)
FNDA:0,(anonymous_21)
FNDA:0,(anonymous_22)
FNDA:0,(anonymous_23)
FNDA:0,(anonymous_24)
FNDA:0,(anonymous_25)
FNDA:0,(anonymous_26)
FNDA:0,(anonymous_27)
FNDA:0,(anonymous_28)
DA:3,0
DA:15,0
DA:21,0
DA:22,0
DA:23,0
DA:24,0
DA:26,0
DA:27,0
DA:28,0
DA:29,0
DA:30,0
DA:33,0
DA:35,0
DA:37,0
DA:38,0
DA:40,0
DA:43,0
DA:47,0
DA:49,0
DA:50,0
DA:57,0
DA:58,0
DA:60,0
DA:61,0
DA:62,0
DA:66,0
DA:67,0
DA:70,0
DA:71,0
DA:72,0
DA:73,0
DA:76,0
DA:77,0
DA:78,0
DA:79,0
DA:81,0
DA:82,0
DA:85,0
DA:86,0
DA:89,0
DA:92,0
DA:113,0
DA:114,0
DA:116,0
DA:118,0
DA:119,0
DA:120,0
DA:124,0
DA:125,0
DA:128,0
DA:129,0
DA:131,0
DA:132,0
DA:133,0
DA:135,0
DA:136,0
DA:140,0
DA:190,0
DA:193,0
DA:194,0
DA:196,0
DA:197,0
DA:198,0
DA:199,0
DA:200,0
DA:201,0
DA:207,0
DA:210,0
DA:211,0
DA:212,0
DA:217,0
DA:219,0
DA:220,0
DA:243,0
DA:251,0
DA:252,0
DA:255,0
DA:256,0
DA:260,0
DA:277,0
DA:278,0
DA:279,0
DA:280,0
DA:282,0
DA:283,0
DA:287,0
DA:291,0
DA:293,0
DA:294,0
DA:298,0
DA:307,0
DA:308,0
DA:328,0
DA:337,0
DA:340,0
DA:341,0
DA:345,0
DA:346,0
DA:353,0
DA:355,0
DA:358,0
DA:359,0
DA:366,0
DA:368,0
DA:387,0
DA:388,0
DA:389,0
DA:390,0
DA:394,0
DA:395,0
DA:396,0
DA:399,0
DA:400,0
DA:403,0
DA:404,0
DA:405,0
DA:406,0
DA:410,0
DA:411,0
DA:412,0
DA:413,0
DA:414,0
DA:416,0
DA:421,0
DA:433,0
DA:441,0
DA:451,0
DA:527,0
DA:562,0
DA:568,0
LF:130
LH:0
BRDA:18,0,0,0
BRDA:19,1,0,0
BRDA:35,2,0,0
BRDA:35,2,1,0
BRDA:35,3,0,0
BRDA:35,3,1,0
BRDA:40,4,0,0
BRDA:40,4,1,0
BRDA:40,5,0,0
BRDA:40,5,1,0
BRDA:43,6,0,0
BRDA:43,6,1,0
BRDA:43,7,0,0
BRDA:43,7,1,0
BRDA:47,8,0,0
BRDA:47,8,1,0
BRDA:47,9,0,0
BRDA:47,9,1,0
BRDA:47,9,2,0
BRDA:47,9,3,0
BRDA:60,10,0,0
BRDA:60,10,1,0
BRDA:60,11,0,0
BRDA:60,11,1,0
BRDA:66,12,0,0
BRDA:66,12,1,0
BRDA:114,13,0,0
BRDA:114,13,1,0
BRDA:114,14,0,0
BRDA:114,14,1,0
BRDA:114,14,2,0
BRDA:114,14,3,0
BRDA:118,15,0,0
BRDA:118,15,1,0
BRDA:118,16,0,0
BRDA:118,16,1,0
BRDA:118,16,2,0
BRDA:131,17,0,0
BRDA:131,17,1,0
BRDA:193,18,0,0
BRDA:193,18,1,0
BRDA:198,19,0,0
BRDA:198,19,1,0
BRDA:217,20,0,0
BRDA:217,20,1,0
BRDA:217,21,0,0
BRDA:217,21,1,0
BRDA:278,22,0,0
BRDA:278,22,1,0
BRDA:282,23,0,0
BRDA:282,23,1,0
BRDA:291,24,0,0
BRDA:291,24,1,0
BRDA:291,25,0,0
BRDA:291,25,1,0
BRDA:293,26,0,0
BRDA:293,26,1,0
BRDA:353,27,0,0
BRDA:353,27,1,0
BRDA:366,28,0,0
BRDA:366,28,1,0
BRDA:372,29,0,0
BRDA:372,29,1,0
BRDA:372,30,0,0
BRDA:372,30,1,0
BRDA:374,31,0,0
BRDA:374,31,1,0
BRDA:376,32,0,0
BRDA:376,32,1,0
BRDA:377,33,0,0
BRDA:377,33,1,0
BRDA:389,34,0,0
BRDA:389,34,1,0
BRDA:404,35,0,0
BRDA:404,35,1,0
BRDA:404,36,0,0
BRDA:404,36,1,0
BRDA:411,37,0,0
BRDA:411,37,1,0
BRDA:411,38,0,0
BRDA:411,38,1,0
BRDA:421,39,0,0
BRDA:421,39,1,0
BRDA:421,40,0,0
BRDA:421,40,1,0
BRDA:433,41,0,0
BRDA:433,41,1,0
BRDA:451,42,0,0
BRDA:451,42,1,0
BRDA:467,43,0,0
BRDA:515,44,0,0
BRDA:522,45,0,0
BRDA:522,45,1,0
BRDA:523,46,0,0
BRDA:523,46,1,0
BRDA:536,47,0,0
BRDA:543,48,0,0
BRDA:548,49,0,0
BRDA:550,50,0,0
BRDA:550,50,1,0
BRDA:551,51,0,0
BRDA:551,51,1,0
BRDA:552,52,0,0
BRDA:552,52,1,0
BRF:104
BRH:0
end_of_record
TN:
SF:components/EnvDebug.tsx
FN:5,EnvDebug
FN:8,(anonymous_2)
FNF:2
FNH:0
FNDA:0,EnvDebug
FNDA:0,(anonymous_2)
DA:3,0
DA:5,0
DA:6,0
DA:8,0
DA:10,0
DA:15,0
DA:17,0
DA:24,0
DA:25,0
LF:9
LH:0
BRDA:18,0,0,0
BRDA:18,0,1,0
BRDA:24,1,0,0
BRDA:24,1,1,0
BRDA:33,2,0,0
BRDA:33,2,1,0
BRDA:36,3,0,0
BRDA:36,3,1,0
BRF:8
BRH:0
end_of_record
TN:
SF:components/FallbackMap.tsx
FN:12,FallbackMap
FN:16,(anonymous_3)
FN:21,(anonymous_4)
FN:28,(anonymous_5)
FN:33,(anonymous_6)
FN:99,(anonymous_7)
FN:103,(anonymous_8)
FN:134,(anonymous_9)
FN:144,(anonymous_10)
FN:187,(anonymous_11)
FN:223,(anonymous_12)
FN:229,(anonymous_13)
FNF:12
FNH:0
FNDA:0,FallbackMap
FNDA:0,(anonymous_3)
FNDA:0,(anonymous_4)
FNDA:0,(anonymous_5)
FNDA:0,(anonymous_6)
FNDA:0,(anonymous_7)
FNDA:0,(anonymous_8)
FNDA:0,(anonymous_9)
FNDA:0,(anonymous_10)
FNDA:0,(anonymous_11)
FNDA:0,(anonymous_12)
FNDA:0,(anonymous_13)
DA:3,0
DA:5,0
DA:12,0
DA:13,0
DA:16,0
DA:17,0
DA:21,0
DA:22,0
DA:23,0
DA:24,0
DA:28,0
DA:29,0
DA:30,0
DA:33,0
DA:34,0
DA:37,0
DA:100,0
DA:103,0
DA:135,0
DA:136,0
DA:145,0
DA:146,0
DA:187,0
DA:223,0
DA:229,0
LF:25
LH:0
BRDA:17,0,0,0
BRDA:17,0,1,0
BRDA:17,0,2,0
BRDA:17,0,3,0
BRDA:23,1,0,0
BRDA:23,1,1,0
BRDA:37,2,0,0
BRDA:37,2,1,0
BRDA:110,3,0,0
BRDA:110,3,1,0
BRDA:111,4,0,0
BRDA:111,4,1,0
BRDA:114,5,0,0
BRDA:116,6,0,0
BRDA:116,6,1,0
BRDA:117,7,0,0
BRDA:117,7,1,0
BRDA:118,8,0,0
BRDA:118,8,1,0
BRDA:119,9,0,0
BRDA:119,9,1,0
BRDA:125,10,0,0
BRDA:159,11,0,0
BRDA:175,12,0,0
BRDA:182,13,0,0
BRDA:182,13,1,0
BRDA:183,14,0,0
BRDA:183,14,1,0
BRDA:196,15,0,0
BRDA:203,16,0,0
BRDA:205,17,0,0
BRDA:205,17,1,0
BRDA:206,18,0,0
BRDA:206,18,1,0
BRDA:207,19,0,0
BRDA:207,19,1,0
BRDA:208,20,0,0
BRDA:208,20,1,0
BRDA:214,21,0,0
BRF:39
BRH:0
end_of_record
TN:
SF:components/GoogleMapsLoader.tsx
FN:9,GoogleMapsLoader
FN:13,(anonymous_2)
FN:14,(anonymous_3)
FN:24,(anonymous_4)
FN:51,(anonymous_5)
FN:56,(anonymous_6)
FNF:6
FNH:0
FNDA:0,GoogleMapsLoader
FNDA:0,(anonymous_2)
FNDA:0,(anonymous_3)
FNDA:0,(anonymous_4)
FNDA:0,(anonymous_5)
FNDA:0,(anonymous_6)
DA:3,0
DA:9,0
DA:10,0
DA:11,0
DA:13,0
DA:14,0
DA:16,0
DA:17,0
DA:18,0
DA:19,0
DA:23,0
DA:24,0
DA:25,0
DA:26,0
DA:27,0
DA:29,0
DA:32,0
DA:33,0
DA:37,0
DA:38,0
DA:40,0
DA:41,0
DA:42,0
DA:43,0
DA:46,0
DA:47,0
DA:48,0
DA:49,0
DA:51,0
DA:52,0
DA:53,0
DA:56,0
DA:57,0
DA:58,0
DA:61,0
DA:64,0
DA:67,0
DA:78,0
LF:38
LH:0
BRDA:16,0,0,0
BRDA:16,0,1,0
BRDA:16,1,0,0
BRDA:16,1,1,0
BRDA:23,2,0,0
BRDA:23,2,1,0
BRDA:25,3,0,0
BRDA:25,3,1,0
BRDA:25,4,0,0
BRDA:25,4,1,0
BRDA:38,5,0,0
BRDA:38,5,1,0
BRDA:40,6,0,0
BRDA:40,6,1,0
BRDA:67,7,0,0
BRDA:67,7,1,0
BRDA:78,8,0,0
BRDA:78,8,1,0
BRF:18
BRH:0
end_of_record
TN:
SF:components/Header.tsx
FN:6,Header
FNF:1
FNH:0
FNDA:0,Header
DA:3,0
DA:4,0
DA:6,0
LF:3
LH:0
BRF:0
BRH:0
end_of_record
TN:
SF:components/InteractiveGoogleMap.tsx
FN:25,InteractiveGoogleMap
FN:34,(anonymous_2)
FN:35,(anonymous_3)
FN:45,(anonymous_4)
FN:53,(anonymous_5)
FN:58,(anonymous_6)
FN:83,(anonymous_7)
FN:87,(anonymous_8)
FN:96,(anonymous_9)
FN:127,(anonymous_10)
FN:158,(anonymous_11)
FN:169,(anonymous_12)
FN:182,(anonymous_13)
FN:187,(anonymous_14)
FN:205,(anonymous_15)
FN:209,(anonymous_16)
FN:240,(anonymous_17)
FN:249,(anonymous_18)
FN:316,(anonymous_19)
FN:352,(anonymous_20)
FN:358,(anonymous_21)
FNF:21
FNH:0
FNDA:0,InteractiveGoogleMap
FNDA:0,(anonymous_2)
FNDA:0,(anonymous_3)
FNDA:0,(anonymous_4)
FNDA:0,(anonymous_5)
FNDA:0,(anonymous_6)
FNDA:0,(anonymous_7)
FNDA:0,(anonymous_8)
FNDA:0,(anonymous_9)
FNDA:0,(anonymous_10)
FNDA:0,(anonymous_11)
FNDA:0,(anonymous_12)
FNDA:0,(anonymous_13)
FNDA:0,(anonymous_14)
FNDA:0,(anonymous_15)
FNDA:0,(anonymous_16)
FNDA:0,(anonymous_17)
FNDA:0,(anonymous_18)
FNDA:0,(anonymous_19)
FNDA:0,(anonymous_20)
FNDA:0,(anonymous_21)
DA:3,0
DA:25,0
DA:26,0
DA:27,0
DA:28,0
DA:29,0
DA:30,0
DA:31,0
DA:34,0
DA:35,0
DA:36,0
DA:37,0
DA:38,0
DA:41,0
DA:42,0
DA:43,0
DA:44,0
DA:45,0
DA:46,0
DA:49,0
DA:53,0
DA:54,0
DA:57,0
DA:58,0
DA:59,0
DA:63,0
DA:76,0
DA:77,0
DA:80,0
DA:83,0
DA:84,0
DA:87,0
DA:88,0
DA:96,0
DA:97,0
DA:98,0
DA:99,0
DA:103,0
DA:119,0
DA:120,0
DA:123,0
DA:127,0
DA:128,0
DA:136,0
DA:137,0
DA:142,0
DA:158,0
DA:159,0
DA:166,0
DA:169,0
DA:170,0
DA:171,0
DA:172,0
DA:176,0
DA:177,0
DA:178,0
DA:182,0
DA:183,0
DA:184,0
DA:187,0
DA:188,0
DA:206,0
DA:209,0
DA:241,0
DA:242,0
DA:250,0
DA:251,0
DA:316,0
DA:352,0
DA:358,0
LF:70
LH:0
BRDA:36,0,0,0
BRDA:36,0,1,0
BRDA:36,1,0,0
BRDA:36,1,1,0
BRDA:54,2,0,0
BRDA:54,2,1,0
BRDA:54,3,0,0
BRDA:54,3,1,0
BRDA:54,3,2,0
BRDA:98,4,0,0
BRDA:98,4,1,0
BRDA:107,5,0,0
BRDA:107,5,1,0
BRDA:109,6,0,0
BRDA:109,6,1,0
BRDA:110,7,0,0
BRDA:110,7,1,0
BRDA:136,8,0,0
BRDA:136,8,1,0
BRDA:137,9,0,0
BRDA:137,9,1,0
BRDA:138,10,0,0
BRDA:138,10,1,0
BRDA:139,11,0,0
BRDA:139,11,1,0
BRDA:140,12,0,0
BRDA:140,12,1,0
BRDA:166,13,0,0
BRDA:166,13,1,0
BRDA:171,14,0,0
BRDA:171,14,1,0
BRDA:176,15,0,0
BRDA:176,15,1,0
BRDA:216,16,0,0
BRDA:216,16,1,0
BRDA:217,17,0,0
BRDA:217,17,1,0
BRDA:220,18,0,0
BRDA:222,19,0,0
BRDA:222,19,1,0
BRDA:223,20,0,0
BRDA:223,20,1,0
BRDA:224,21,0,0
BRDA:224,21,1,0
BRDA:225,22,0,0
BRDA:225,22,1,0
BRDA:231,23,0,0
BRDA:263,24,0,0
BRDA:304,25,0,0
BRDA:311,26,0,0
BRDA:311,26,1,0
BRDA:312,27,0,0
BRDA:312,27,1,0
BRDA:325,28,0,0
BRDA:332,29,0,0
BRDA:334,30,0,0
BRDA:334,30,1,0
BRDA:335,31,0,0
BRDA:335,31,1,0
BRDA:336,32,0,0
BRDA:336,32,1,0
BRDA:337,33,0,0
BRDA:337,33,1,0
BRDA:343,34,0,0
BRF:64
BRH:0
end_of_record
TN:
SF:components/InteractiveMap.tsx
FN:26,InteractiveMap
FN:35,(anonymous_2)
FN:36,(anonymous_3)
FN:95,(anonymous_4)
FN:102,(anonymous_5)
FN:106,(anonymous_6)
FN:117,(anonymous_7)
FN:129,(anonymous_8)
FN:150,(anonymous_9)
FN:157,(anonymous_10)
FN:161,(anonymous_11)
FN:164,(anonymous_12)
FN:173,(anonymous_13)
FN:236,(anonymous_14)
FN:272,(anonymous_15)
FN:278,(anonymous_16)
FNF:16
FNH:0
FNDA:0,InteractiveMap
FNDA:0,(anonymous_2)
FNDA:0,(anonymous_3)
FNDA:0,(anonymous_4)
FNDA:0,(anonymous_5)
FNDA:0,(anonymous_6)
FNDA:0,(anonymous_7)
FNDA:0,(anonymous_8)
FNDA:0,(anonymous_9)
FNDA:0,(anonymous_10)
FNDA:0,(anonymous_11)
FNDA:0,(anonymous_12)
FNDA:0,(anonymous_13)
FNDA:0,(anonymous_14)
FNDA:0,(anonymous_15)
FNDA:0,(anonymous_16)
DA:3,0
DA:4,0
DA:26,0
DA:27,0
DA:28,0
DA:29,0
DA:30,0
DA:31,0
DA:32,0
DA:35,0
DA:36,0
DA:37,0
DA:43,0
DA:44,0
DA:46,0
DA:48,0
DA:50,0
DA:65,0
DA:66,0
DA:69,0
DA:70,0
DA:83,0
DA:87,0
DA:91,0
DA:95,0
DA:96,0
DA:98,0
DA:99,0
DA:102,0
DA:103,0
DA:106,0
DA:107,0
DA:108,0
DA:117,0
DA:118,0
DA:119,0
DA:120,0
DA:124,0
DA:129,0
DA:130,0
DA:138,0
DA:140,0
DA:150,0
DA:151,0
DA:152,0
DA:153,0
DA:157,0
DA:158,0
DA:161,0
DA:162,0
DA:163,0
DA:165,0
DA:170,0
DA:171,0
DA:174,0
DA:175,0
DA:236,0
DA:272,0
DA:278,0
LF:59
LH:0
BRDA:38,0,0,0
BRDA:38,0,1,0
BRDA:46,1,0,0
BRDA:46,1,1,0
BRDA:48,2,0,0
BRDA:48,2,1,0
BRDA:69,3,0,0
BRDA:69,3,1,0
BRDA:96,4,0,0
BRDA:96,4,1,0
BRDA:96,5,0,0
BRDA:96,5,1,0
BRDA:96,5,2,0
BRDA:107,6,0,0
BRDA:107,6,1,0
BRDA:107,7,0,0
BRDA:107,7,1,0
BRDA:119,8,0,0
BRDA:119,8,1,0
BRDA:138,9,0,0
BRDA:138,9,1,0
BRDA:151,10,0,0
BRDA:151,10,1,0
BRDA:151,11,0,0
BRDA:151,11,1,0
BRDA:162,12,0,0
BRDA:162,12,1,0
BRDA:162,13,0,0
BRDA:162,13,1,0
BRDA:224,14,0,0
BRDA:231,15,0,0
BRDA:231,15,1,0
BRDA:232,16,0,0
BRDA:232,16,1,0
BRDA:245,17,0,0
BRDA:252,18,0,0
BRDA:254,19,0,0
BRDA:254,19,1,0
BRDA:255,20,0,0
BRDA:255,20,1,0
BRDA:256,21,0,0
BRDA:256,21,1,0
BRDA:257,22,0,0
BRDA:257,22,1,0
BRDA:263,23,0,0
BRF:45
BRH:0
end_of_record
TN:
SF:components/InteractiveRestaurantMap.tsx
FN:24,InteractiveRestaurantMap
FN:43,(anonymous_2)
FN:68,(anonymous_3)
FN:69,(anonymous_4)
FN:79,(anonymous_5)
FN:87,(anonymous_6)
FN:102,(anonymous_7)
FN:104,(anonymous_8)
FN:112,(anonymous_9)
FN:120,(anonymous_10)
FN:131,(anonymous_11)
FN:156,(anonymous_12)
FN:233,(anonymous_13)
FN:269,(anonymous_14)
FN:303,(anonymous_15)
FN:320,(anonymous_16)
FN:346,(anonymous_17)
FN:353,(anonymous_18)
FN:357,(anonymous_19)
FN:381,(anonymous_20)
FN:464,(anonymous_21)
FN:489,(anonymous_22)
FN:514,(anonymous_23)
FN:642,(anonymous_24)
FNF:24
FNH:0
FNDA:0,InteractiveRestaurantMap
FNDA:0,(anonymous_2)
FNDA:0,(anonymous_3)
FNDA:0,(anonymous_4)
FNDA:0,(anonymous_5)
FNDA:0,(anonymous_6)
FNDA:0,(anonymous_7)
FNDA:0,(anonymous_8)
FNDA:0,(anonymous_9)
FNDA:0,(anonymous_10)
FNDA:0,(anonymous_11)
FNDA:0,(anonymous_12)
FNDA:0,(anonymous_13)
FNDA:0,(anonymous_14)
FNDA:0,(anonymous_15)
FNDA:0,(anonymous_16)
FNDA:0,(anonymous_17)
FNDA:0,(anonymous_18)
FNDA:0,(anonymous_19)
FNDA:0,(anonymous_20)
FNDA:0,(anonymous_21)
FNDA:0,(anonymous_22)
FNDA:0,(anonymous_23)
FNDA:0,(anonymous_24)
DA:3,0
DA:24,0
DA:32,0
DA:33,0
DA:34,0
DA:35,0
DA:36,0
DA:37,0
DA:38,0
DA:39,0
DA:40,0
DA:43,0
DA:45,0
DA:47,0
DA:48,0
DA:50,0
DA:51,0
DA:54,0
DA:56,0
DA:60,0
DA:68,0
DA:69,0
DA:71,0
DA:72,0
DA:73,0
DA:77,0
DA:79,0
DA:80,0
DA:81,0
DA:82,0
DA:87,0
DA:88,0
DA:89,0
DA:90,0
DA:94,0
DA:97,0
DA:98,0
DA:99,0
DA:100,0
DA:102,0
DA:104,0
DA:105,0
DA:106,0
DA:107,0
DA:112,0
DA:113,0
DA:114,0
DA:115,0
DA:120,0
DA:121,0
DA:124,0
DA:127,0
DA:131,0
DA:132,0
DA:134,0
DA:136,0
DA:137,0
DA:138,0
DA:139,0
DA:143,0
DA:145,0
DA:146,0
DA:149,0
DA:150,0
DA:151,0
DA:155,0
DA:156,0
DA:157,0
DA:158,0
DA:164,0
DA:199,0
DA:204,0
DA:210,0
DA:211,0
DA:212,0
DA:213,0
DA:215,0
DA:216,0
DA:217,0
DA:219,0
DA:222,0
DA:226,0
DA:227,0
DA:233,0
DA:234,0
DA:236,0
DA:237,0
DA:240,0
DA:241,0
DA:245,0
DA:248,0
DA:260,0
DA:269,0
DA:271,0
DA:272,0
DA:274,0
DA:275,0
DA:291,0
DA:292,0
DA:297,0
DA:303,0
DA:304,0
DA:306,0
DA:307,0
DA:308,0
DA:311,0
DA:312,0
DA:315,0
DA:320,0
DA:321,0
DA:322,0
DA:323,0
DA:325,0
DA:326,0
DA:327,0
DA:330,0
DA:331,0
DA:332,0
DA:335,0
DA:336,0
DA:338,0
DA:341,0
DA:346,0
DA:347,0
DA:349,0
DA:350,0
DA:353,0
DA:354,0
DA:357,0
DA:358,0
DA:359,0
DA:361,0
DA:362,0
DA:365,0
DA:366,0
DA:367,0
DA:368,0
DA:369,0
DA:371,0
DA:374,0
DA:375,0
DA:381,0
DA:382,0
DA:384,0
DA:386,0
DA:388,0
DA:390,0
DA:394,0
DA:395,0
DA:398,0
DA:399,0
DA:400,0
DA:407,0
DA:414,0
DA:416,0
DA:431,0
DA:440,0
DA:455,0
DA:464,0
DA:465,0
DA:468,0
DA:469,0
DA:472,0
DA:473,0
DA:474,0
DA:475,0
DA:479,0
DA:483,0
DA:489,0
DA:490,0
DA:491,0
DA:493,0
DA:494,0
DA:495,0
DA:497,0
DA:498,0
DA:499,0
DA:501,0
DA:503,0
DA:506,0
DA:509,0
DA:511,0
DA:514,0
DA:515,0
DA:517,0
DA:565,0
DA:577,0
DA:589,0
DA:643,0
DA:644,0
DA:645,0
LF:191
LH:0
BRDA:30,0,0,0
BRDA:45,1,0,0
BRDA:45,1,1,0
BRDA:45,2,0,0
BRDA:45,2,1,0
BRDA:50,3,0,0
BRDA:50,3,1,0
BRDA:50,4,0,0
BRDA:50,4,1,0
BRDA:51,5,0,0
BRDA:51,5,1,0
BRDA:51,6,0,0
BRDA:51,6,1,0
BRDA:54,7,0,0
BRDA:54,7,1,0
BRDA:54,8,0,0
BRDA:54,8,1,0
BRDA:54,8,2,0
BRDA:54,8,3,0
BRDA:71,9,0,0
BRDA:71,9,1,0
BRDA:71,10,0,0
BRDA:71,10,1,0
BRDA:71,10,2,0
BRDA:77,11,0,0
BRDA:77,11,1,0
BRDA:80,12,0,0
BRDA:80,12,1,0
BRDA:80,13,0,0
BRDA:80,13,1,0
BRDA:80,13,2,0
BRDA:89,14,0,0
BRDA:89,14,1,0
BRDA:89,15,0,0
BRDA:89,15,1,0
BRDA:105,16,0,0
BRDA:105,16,1,0
BRDA:105,17,0,0
BRDA:105,17,1,0
BRDA:105,17,2,0
BRDA:114,18,0,0
BRDA:114,18,1,0
BRDA:114,19,0,0
BRDA:114,19,1,0
BRDA:132,20,0,0
BRDA:132,20,1,0
BRDA:132,21,0,0
BRDA:132,21,1,0
BRDA:132,21,2,0
BRDA:136,22,0,0
BRDA:136,22,1,0
BRDA:136,23,0,0
BRDA:136,23,1,0
BRDA:136,23,2,0
BRDA:143,24,0,0
BRDA:143,24,1,0
BRDA:149,25,0,0
BRDA:149,25,1,0
BRDA:155,26,0,0
BRDA:155,26,1,0
BRDA:157,27,0,0
BRDA:157,27,1,0
BRDA:157,28,0,0
BRDA:157,28,1,0
BRDA:166,29,0,0
BRDA:166,29,1,0
BRDA:210,30,0,0
BRDA:210,30,1,0
BRDA:213,31,0,0
BRDA:213,31,1,0
BRDA:217,32,0,0
BRDA:217,32,1,0
BRDA:234,33,0,0
BRDA:234,33,1,0
BRDA:234,34,0,0
BRDA:234,34,1,0
BRDA:234,34,2,0
BRDA:240,35,0,0
BRDA:240,35,1,0
BRDA:274,36,0,0
BRDA:274,36,1,0
BRDA:284,37,0,0
BRDA:284,37,1,0
BRDA:304,38,0,0
BRDA:304,38,1,0
BRDA:304,39,0,0
BRDA:304,39,1,0
BRDA:304,39,2,0
BRDA:325,40,0,0
BRDA:325,40,1,0
BRDA:325,41,0,0
BRDA:325,41,1,0
BRDA:325,41,2,0
BRDA:347,42,0,0
BRDA:347,42,1,0
BRDA:347,43,0,0
BRDA:347,43,1,0
BRDA:347,43,2,0
BRDA:358,44,0,0
BRDA:358,44,1,0
BRDA:358,45,0,0
BRDA:358,45,1,0
BRDA:366,46,0,0
BRDA:366,46,1,0
BRDA:382,47,0,0
BRDA:382,47,1,0
BRDA:382,47,2,0
BRDA:382,47,3,0
BRDA:395,48,0,0
BRDA:395,48,1,0
BRDA:398,49,0,0
BRDA:398,49,1,0
BRDA:398,50,0,0
BRDA:398,50,1,0
BRDA:472,51,0,0
BRDA:472,51,1,0
BRDA:491,52,0,0
BRDA:491,52,1,0
BRDA:494,53,0,0
BRDA:494,53,1,0
BRDA:494,54,0,0
BRDA:494,54,1,0
BRDA:499,55,0,0
BRDA:499,55,1,0
BRDA:501,56,0,0
BRDA:501,56,1,0
BRDA:524,57,0,0
BRDA:524,57,1,0
BRDA:536,58,0,0
BRDA:536,58,1,0
BRDA:536,59,0,0
BRDA:536,59,1,0
BRDA:539,60,0,0
BRDA:539,60,1,0
BRDA:544,61,0,0
BRDA:544,61,1,0
BRDA:545,62,0,0
BRDA:545,62,1,0
BRDA:545,63,0,0
BRDA:545,63,1,0
BRDA:545,64,0,0
BRDA:545,64,1,0
BRDA:549,65,0,0
BRDA:549,65,1,0
BRDA:565,66,0,0
BRDA:565,66,1,0
BRDA:565,67,0,0
BRDA:565,67,1,0
BRDA:577,68,0,0
BRDA:577,68,1,0
BRDA:589,69,0,0
BRDA:589,69,1,0
BRDA:613,70,0,0
BRDA:639,71,0,0
BRDA:643,72,0,0
BRDA:643,72,1,0
BRDA:643,73,0,0
BRDA:643,73,1,0
BRF:158
BRH:0
end_of_record
TN:
SF:components/LocationSearchTest.tsx
FN:12,LocationSearchTest
FN:16,(anonymous_3)
FN:18,(anonymous_4)
FN:22,(anonymous_5)
FN:24,(anonymous_6)
FN:29,(anonymous_7)
FN:31,(anonymous_8)
FN:62,(anonymous_9)
FNF:8
FNH:0
FNDA:0,LocationSearchTest
FNDA:0,(anonymous_3)
FNDA:0,(anonymous_4)
FNDA:0,(anonymous_5)
FNDA:0,(anonymous_6)
FNDA:0,(anonymous_7)
FNDA:0,(anonymous_8)
FNDA:0,(anonymous_9)
DA:3,0
DA:4,0
DA:12,0
DA:13,0
DA:14,0
DA:16,0
DA:17,0
DA:18,0
DA:19,0
DA:22,0
DA:23,0
DA:24,0
DA:25,0
DA:26,0
DA:29,0
DA:30,0
DA:31,0
DA:32,0
DA:35,0
DA:63,0
LF:20
LH:0
BRDA:59,0,0,0
BRDA:77,1,0,0
BRDA:80,2,0,0
BRF:3
BRH:0
end_of_record
TN:
SF:components/Logo.tsx
FN:8,Logo
FNF:1
FNH:1
FNDA:4,Logo
DA:1,1
DA:8,4
DA:9,4
LF:3
LH:3
BRDA:8,0,0,3
BRDA:8,1,0,3
BRF:2
BRH:2
end_of_record
TN:
SF:components/LogoIcon.tsx
FN:9,LogoIcon
FNF:1
FNH:0
FNDA:0,LogoIcon
DA:1,0
DA:9,0
DA:10,0
DA:198,0
LF:4
LH:0
BRDA:9,0,0,0
BRDA:9,1,0,0
BRDA:9,2,0,0
BRDA:198,3,0,0
BRDA:198,3,1,0
BRF:5
BRH:0
end_of_record
TN:
SF:components/NavTabs.tsx
FN:68,NavTabs
FN:72,(anonymous_7)
FN:75,(anonymous_8)
FNF:3
FNH:0
FNDA:0,NavTabs
FNDA:0,(anonymous_7)
FNDA:0,(anonymous_8)
DA:4,0
DA:54,0
DA:68,0
DA:73,0
DA:75,0
LF:5
LH:0
BRDA:79,0,0,0
BRDA:79,0,1,0
BRF:2
BRH:0
end_of_record
TN:
SF:components/ProtectedRoute.tsx
FN:12,ProtectedRoute
FNF:1
FNH:0
FNDA:0,ProtectedRoute
DA:3,0
DA:5,0
DA:12,0
DA:13,0
DA:15,0
DA:26,0
DA:27,0
LF:7
LH:0
BRDA:15,0,0,0
BRDA:15,0,1,0
BRDA:26,1,0,0
BRDA:26,1,1,0
BRDA:27,2,0,0
BRDA:27,2,1,0
BRF:6
BRH:0
end_of_record
TN:
SF:components/RealMap.tsx
FN:35,(anonymous_2)
FN:76,MapController
FN:79,(anonymous_4)
FN:82,(anonymous_5)
FN:91,RealMap
FN:97,(anonymous_7)
FN:104,(anonymous_8)
FN:109,(anonymous_9)
FN:130,(anonymous_10)
FN:136,(anonymous_11)
FN:172,(anonymous_12)
FN:178,(anonymous_13)
FN:241,(anonymous_14)
FN:277,(anonymous_15)
FN:283,(anonymous_16)
FNF:15
FNH:0
FNDA:0,(anonymous_2)
FNDA:0,MapController
FNDA:0,(anonymous_4)
FNDA:0,(anonymous_5)
FNDA:0,RealMap
FNDA:0,(anonymous_7)
FNDA:0,(anonymous_8)
FNDA:0,(anonymous_9)
FNDA:0,(anonymous_10)
FNDA:0,(anonymous_11)
FNDA:0,(anonymous_12)
FNDA:0,(anonymous_13)
FNDA:0,(anonymous_14)
FNDA:0,(anonymous_15)
FNDA:0,(anonymous_16)
DA:3,0
DA:4,0
DA:5,0
DA:6,0
DA:27,0
DA:28,0
DA:35,0
DA:36,0
DA:44,0
DA:46,0
DA:77,0
DA:79,0
DA:80,0
DA:81,0
DA:82,0
DA:84,0
DA:88,0
DA:91,0
DA:92,0
DA:95,0
DA:97,0
DA:98,0
DA:99,0
DA:100,0
DA:104,0
DA:105,0
DA:106,0
DA:109,0
DA:110,0
DA:131,0
DA:136,0
DA:172,0
DA:178,0
DA:241,0
DA:277,0
DA:283,0
LF:36
LH:0
BRDA:44,0,0,0
BRDA:44,0,1,0
BRDA:63,1,0,0
BRDA:63,1,1,0
BRDA:64,2,0,0
BRDA:64,2,1,0
BRDA:65,3,0,0
BRDA:65,3,1,0
BRDA:66,4,0,0
BRDA:66,4,1,0
BRDA:80,5,0,0
BRDA:80,5,1,0
BRDA:99,6,0,0
BRDA:99,6,1,0
BRDA:144,7,0,0
BRDA:144,7,1,0
BRDA:145,8,0,0
BRDA:145,8,1,0
BRDA:147,9,0,0
BRDA:153,10,0,0
BRDA:155,11,0,0
BRDA:155,11,1,0
BRDA:156,12,0,0
BRDA:156,12,1,0
BRDA:157,13,0,0
BRDA:157,13,1,0
BRDA:158,14,0,0
BRDA:158,14,1,0
BRDA:164,15,0,0
BRDA:229,16,0,0
BRDA:236,17,0,0
BRDA:236,17,1,0
BRDA:237,18,0,0
BRDA:237,18,1,0
BRDA:250,19,0,0
BRDA:257,20,0,0
BRDA:259,21,0,0
BRDA:259,21,1,0
BRDA:260,22,0,0
BRDA:260,22,1,0
BRDA:261,23,0,0
BRDA:261,23,1,0
BRDA:262,24,0,0
BRDA:262,24,1,0
BRDA:268,25,0,0
BRF:45
BRH:0
end_of_record
TN:
SF:components/RestaurantCard.tsx
FN:21,RestaurantCard
FN:29,(anonymous_3)
FN:54,(anonymous_4)
FN:91,(anonymous_5)
FN:107,(anonymous_6)
FN:112,(anonymous_7)
FN:124,(anonymous_8)
FN:129,(anonymous_9)
FN:144,(anonymous_10)
FN:157,(anonymous_11)
FN:169,(anonymous_12)
FN:178,(anonymous_13)
FN:191,(anonymous_14)
FN:220,(anonymous_15)
FN:272,(anonymous_16)
FN:329,(anonymous_17)
FN:459,(anonymous_18)
FN:484,(anonymous_19)
FNF:18
FNH:0
FNDA:0,RestaurantCard
FNDA:0,(anonymous_3)
FNDA:0,(anonymous_4)
FNDA:0,(anonymous_5)
FNDA:0,(anonymous_6)
FNDA:0,(anonymous_7)
FNDA:0,(anonymous_8)
FNDA:0,(anonymous_9)
FNDA:0,(anonymous_10)
FNDA:0,(anonymous_11)
FNDA:0,(anonymous_12)
FNDA:0,(anonymous_13)
FNDA:0,(anonymous_14)
FNDA:0,(anonymous_15)
FNDA:0,(anonymous_16)
FNDA:0,(anonymous_17)
FNDA:0,(anonymous_18)
FNDA:0,(anonymous_19)
DA:3,0
DA:4,0
DA:6,0
DA:8,0
DA:9,0
DA:10,0
DA:11,0
DA:12,0
DA:21,0
DA:22,0
DA:23,0
DA:24,0
DA:25,0
DA:26,0
DA:29,0
DA:30,0
DA:31,0
DA:34,0
DA:35,0
DA:36,0
DA:37,0
DA:38,0
DA:39,0
DA:40,0
DA:41,0
DA:42,0
DA:43,0
DA:46,0
DA:47,0
DA:48,0
DA:51,0
DA:54,0
DA:56,0
DA:58,0
DA:60,0
DA:61,0
DA:63,0
DA:64,0
DA:65,0
DA:67,0
DA:69,0
DA:73,0
DA:74,0
DA:76,0
DA:80,0
DA:81,0
DA:88,0
DA:91,0
DA:92,0
DA:93,0
DA:95,0
DA:100,0
DA:101,0
DA:104,0
DA:107,0
DA:108,0
DA:112,0
DA:113,0
DA:114,0
DA:115,0
DA:116,0
DA:118,0
DA:119,0
DA:124,0
DA:125,0
DA:126,0
DA:129,0
DA:130,0
DA:132,0
DA:134,0
DA:136,0
DA:138,0
DA:140,0
DA:144,0
DA:145,0
DA:147,0
DA:149,0
DA:151,0
DA:153,0
DA:157,0
DA:158,0
DA:159,0
DA:162,0
DA:163,0
DA:166,0
DA:169,0
DA:170,0
DA:171,0
DA:175,0
DA:178,0
DA:179,0
DA:180,0
DA:181,0
DA:182,0
DA:183,0
DA:184,0
DA:185,0
DA:186,0
DA:187,0
DA:191,0
DA:192,0
DA:193,0
DA:194,0
DA:195,0
DA:220,0
DA:272,0
DA:330,0
DA:333,0
DA:334,0
DA:336,0
DA:337,0
DA:339,0
DA:340,0
DA:341,0
DA:345,0
DA:346,0
DA:348,0
DA:349,0
DA:351,0
DA:352,0
DA:353,0
DA:356,0
DA:357,0
DA:363,0
DA:364,0
DA:366,0
DA:368,0
DA:369,0
DA:371,0
DA:459,0
DA:484,0
LF:131
LH:0
BRDA:31,0,0,0
BRDA:31,0,1,0
BRDA:34,1,0,0
BRDA:34,1,1,0
BRDA:34,2,0,0
BRDA:34,2,1,0
BRDA:35,3,0,0
BRDA:35,3,1,0
BRDA:35,4,0,0
BRDA:35,4,1,0
BRDA:36,5,0,0
BRDA:36,5,1,0
BRDA:36,6,0,0
BRDA:36,6,1,0
BRDA:37,7,0,0
BRDA:37,7,1,0
BRDA:37,8,0,0
BRDA:37,8,1,0
BRDA:38,9,0,0
BRDA:38,9,1,0
BRDA:38,10,0,0
BRDA:38,10,1,0
BRDA:39,11,0,0
BRDA:39,11,1,0
BRDA:39,12,0,0
BRDA:39,12,1,0
BRDA:40,13,0,0
BRDA:40,13,1,0
BRDA:40,14,0,0
BRDA:40,14,1,0
BRDA:41,15,0,0
BRDA:41,15,1,0
BRDA:41,16,0,0
BRDA:41,16,1,0
BRDA:42,17,0,0
BRDA:42,17,1,0
BRDA:42,18,0,0
BRDA:42,18,1,0
BRDA:43,19,0,0
BRDA:43,19,1,0
BRDA:43,20,0,0
BRDA:43,20,1,0
BRDA:46,21,0,0
BRDA:46,21,1,0
BRDA:47,22,0,0
BRDA:47,22,1,0
BRDA:48,23,0,0
BRDA:48,23,1,0
BRDA:58,24,0,0
BRDA:58,24,1,0
BRDA:61,25,0,0
BRDA:61,25,1,0
BRDA:61,26,0,0
BRDA:61,26,1,0
BRDA:65,27,0,0
BRDA:65,27,1,0
BRDA:67,28,0,0
BRDA:67,28,1,0
BRDA:74,29,0,0
BRDA:74,29,1,0
BRDA:80,30,0,0
BRDA:80,30,1,0
BRDA:88,31,0,0
BRDA:88,31,1,0
BRDA:92,32,0,0
BRDA:92,32,1,0
BRDA:100,33,0,0
BRDA:100,33,1,0
BRDA:101,34,0,0
BRDA:101,34,1,0
BRDA:114,35,0,0
BRDA:114,35,1,0
BRDA:130,36,0,0
BRDA:130,36,1,0
BRDA:130,36,2,0
BRDA:130,36,3,0
BRDA:130,36,4,0
BRDA:145,37,0,0
BRDA:145,37,1,0
BRDA:145,37,2,0
BRDA:145,37,3,0
BRDA:162,38,0,0
BRDA:162,38,1,0
BRDA:170,39,0,0
BRDA:170,39,1,0
BRDA:175,40,0,0
BRDA:175,40,1,0
BRDA:179,41,0,0
BRDA:179,41,1,0
BRDA:179,41,2,0
BRDA:179,41,3,0
BRDA:179,41,4,0
BRDA:179,41,5,0
BRDA:179,41,6,0
BRDA:179,41,7,0
BRDA:194,42,0,0
BRDA:194,42,1,0
BRDA:214,43,0,0
BRDA:222,44,0,0
BRDA:222,44,1,0
BRDA:223,45,0,0
BRDA:223,45,1,0
BRDA:223,46,0,0
BRDA:223,46,1,0
BRDA:255,47,0,0
BRDA:255,47,1,0
BRDA:259,48,0,0
BRDA:259,48,1,0
BRDA:260,49,0,0
BRDA:260,49,1,0
BRDA:262,50,0,0
BRDA:262,50,1,0
BRDA:269,51,0,0
BRDA:269,51,1,0
BRDA:283,52,0,0
BRDA:290,53,0,0
BRDA:290,53,1,0
BRDA:290,53,2,0
BRDA:298,54,0,0
BRDA:298,54,1,0
BRDA:298,54,2,0
BRDA:327,55,0,0
BRDA:336,56,0,0
BRDA:336,56,1,0
BRDA:336,57,0,0
BRDA:336,57,1,0
BRDA:336,57,2,0
BRDA:336,57,3,0
BRDA:348,58,0,0
BRDA:348,58,1,0
BRDA:348,59,0,0
BRDA:348,59,1,0
BRDA:348,59,2,0
BRDA:348,59,3,0
BRDA:376,60,0,0
BRDA:376,60,1,0
BRDA:383,61,0,0
BRDA:383,61,1,0
BRDA:391,62,0,0
BRDA:391,62,1,0
BRDA:407,63,0,0
BRDA:406,64,0,0
BRDA:406,64,1,0
BRDA:437,65,0,0
BRF:144
BRH:0
end_of_record
TN:
SF:components/RestaurantCardSkeleton.tsx
FN:3,(anonymous_2)
FNF:1
FNH:0
FNDA:0,(anonymous_2)
DA:1,0
DA:3,0
DA:57,0
LF:3
LH:0
BRF:0
BRH:0
end_of_record
TN:
SF:components/RestaurantGrid.tsx
FN:14,(anonymous_2)
FN:25,(anonymous_3)
FN:30,(anonymous_4)
FN:70,(anonymous_5)
FN:74,(anonymous_6)
FN:78,(anonymous_7)
FN:98,(anonymous_8)
FN:107,(anonymous_9)
FN:122,(anonymous_10)
FN:137,(anonymous_11)
FNF:10
FNH:0
FNDA:0,(anonymous_2)
FNDA:0,(anonymous_3)
FNDA:0,(anonymous_4)
FNDA:0,(anonymous_5)
FNDA:0,(anonymous_6)
FNDA:0,(anonymous_7)
FNDA:0,(anonymous_8)
FNDA:0,(anonymous_9)
FNDA:0,(anonymous_10)
FNDA:0,(anonymous_11)
DA:3,0
DA:4,0
DA:5,0
DA:6,0
DA:14,0
DA:23,0
DA:25,0
DA:27,0
DA:30,0
DA:31,0
DA:32,0
DA:33,0
DA:34,0
DA:35,0
DA:38,0
DA:39,0
DA:40,0
DA:42,0
DA:44,0
DA:45,0
DA:50,0
DA:71,0
DA:75,0
DA:78,0
DA:98,0
DA:109,0
DA:110,0
DA:111,0
DA:112,0
DA:113,0
DA:114,0
DA:116,0
DA:119,0
DA:122,0
DA:137,0
DA:150,0
LF:36
LH:0
BRDA:16,0,0,0
BRDA:17,1,0,0
BRDA:19,2,0,0
BRDA:21,3,0,0
BRDA:31,4,0,0
BRDA:31,4,1,0
BRDA:38,5,0,0
BRDA:38,5,1,0
BRDA:39,6,0,0
BRDA:39,6,1,0
BRDA:44,7,0,0
BRDA:44,7,1,0
BRDA:50,8,0,0
BRDA:50,8,1,0
BRDA:68,9,0,0
BRDA:68,9,1,0
BRDA:87,10,0,0
BRDA:109,11,0,0
BRDA:109,11,1,0
BRDA:111,12,0,0
BRDA:111,12,1,0
BRDA:113,13,0,0
BRDA:113,13,1,0
BRDA:124,14,0,0
BRDA:124,14,1,0
BRF:25
BRH:0
end_of_record
TN:
SF:components/ReviewForm.tsx
FN:20,(anonymous_4)
FN:43,(anonymous_5)
FN:60,(anonymous_6)
FN:80,(anonymous_7)
FN:87,(anonymous_8)
FN:147,(anonymous_9)
FNF:6
FNH:0
FNDA:0,(anonymous_4)
FNDA:0,(anonymous_5)
FNDA:0,(anonymous_6)
FNDA:0,(anonymous_7)
FNDA:0,(anonymous_8)
FNDA:0,(anonymous_9)
DA:3,0
DA:4,0
DA:20,0
DA:26,0
DA:27,0
DA:28,0
DA:29,0
DA:31,0
DA:33,0
DA:43,0
DA:60,0
DA:61,0
DA:62,0
DA:64,0
DA:65,0
DA:66,0
DA:71,0
DA:72,0
DA:74,0
DA:76,0
DA:80,0
DA:81,0
DA:82,0
DA:83,0
DA:87,0
DA:104,0
DA:147,0
DA:183,0
LF:28
LH:0
BRDA:31,0,0,0
BRDA:31,0,1,0
BRDA:33,1,0,0
BRDA:33,1,1,0
BRDA:62,2,0,0
BRDA:62,2,1,0
BRDA:80,3,0,0
BRDA:87,4,0,0
BRDA:87,4,1,0
BRDA:89,5,0,0
BRDA:89,5,1,0
BRDA:95,6,0,0
BRDA:95,6,1,0
BRDA:172,7,0,0
BRDA:172,7,1,0
BRDA:174,8,0,0
BRDA:174,8,1,0
BRF:17
BRH:0
end_of_record
TN:
SF:components/Reviews.tsx
FN:30,(anonymous_5)
FN:43,(anonymous_6)
FN:47,(anonymous_7)
FN:72,(anonymous_8)
FN:110,(anonymous_9)
FN:149,(anonymous_10)
FN:158,(anonymous_11)
FN:206,(anonymous_12)
FN:212,(anonymous_13)
FNF:9
FNH:0
FNDA:0,(anonymous_5)
FNDA:0,(anonymous_6)
FNDA:0,(anonymous_7)
FNDA:0,(anonymous_8)
FNDA:0,(anonymous_9)
FNDA:0,(anonymous_10)
FNDA:0,(anonymous_11)
FNDA:0,(anonymous_12)
FNDA:0,(anonymous_13)
DA:3,0
DA:5,0
DA:30,0
DA:31,0
DA:32,0
DA:33,0
DA:36,0
DA:40,0
DA:41,0
DA:43,0
DA:44,0
DA:47,0
DA:48,0
DA:49,0
DA:57,0
DA:59,0
DA:60,0
DA:61,0
DA:63,0
DA:65,0
DA:68,0
DA:72,0
DA:73,0
DA:76,0
DA:110,0
DA:111,0
DA:112,0
DA:113,0
DA:115,0
DA:116,0
DA:123,0
DA:124,0
DA:137,0
DA:138,0
DA:139,0
DA:146,0
DA:149,0
DA:150,0
DA:159,0
DA:160,0
DA:190,0
DA:206,0
DA:212,0
DA:230,0
LF:44
LH:0
BRDA:36,0,0,0
BRDA:36,0,1,0
BRDA:59,1,0,0
BRDA:59,1,1,0
BRDA:65,2,0,0
BRDA:65,2,1,0
BRDA:76,3,0,0
BRDA:76,3,1,0
BRDA:123,4,0,0
BRDA:123,4,1,0
BRDA:155,5,0,0
BRDA:155,5,1,0
BRDA:155,5,2,0
BRDA:156,6,0,0
BRDA:156,6,1,0
BRDA:156,6,2,0
BRDA:169,7,0,0
BRDA:169,7,1,0
BRDA:169,7,2,0
BRDA:172,8,0,0
BRDA:172,8,1,0
BRDA:176,9,0,0
BRDA:190,10,0,0
BRDA:190,10,1,0
BRDA:209,11,0,0
BRDA:215,12,0,0
BRDA:215,12,1,0
BRF:27
BRH:0
end_of_record
TN:
SF:components/RoutePlanner.tsx
FN:20,RoutePlanner
FN:34,(anonymous_2)
FN:40,(anonymous_3)
FN:66,(anonymous_4)
FN:83,(anonymous_5)
FN:113,(anonymous_6)
FN:122,(anonymous_7)
FN:169,(anonymous_8)
FN:172,(anonymous_9)
FN:252,(anonymous_10)
FNF:10
FNH:0
FNDA:0,RoutePlanner
FNDA:0,(anonymous_2)
FNDA:0,(anonymous_3)
FNDA:0,(anonymous_4)
FNDA:0,(anonymous_5)
FNDA:0,(anonymous_6)
FNDA:0,(anonymous_7)
FNDA:0,(anonymous_8)
FNDA:0,(anonymous_9)
FNDA:0,(anonymous_10)
DA:3,0
DA:20,0
DA:26,0
DA:27,0
DA:28,0
DA:29,0
DA:30,0
DA:31,0
DA:32,0
DA:34,0
DA:35,0
DA:36,0
DA:40,0
DA:41,0
DA:43,0
DA:44,0
DA:46,0
DA:47,0
DA:49,0
DA:59,0
DA:60,0
DA:61,0
DA:63,0
DA:66,0
DA:71,0
DA:72,0
DA:76,0
DA:77,0
DA:79,0
DA:83,0
DA:84,0
DA:86,0
DA:99,0
DA:102,0
DA:113,0
DA:114,0
DA:116,0
DA:117,0
DA:118,0
DA:119,0
DA:122,0
DA:123,0
DA:125,0
DA:126,0
DA:127,0
DA:129,0
DA:130,0
DA:137,0
DA:138,0
DA:142,0
DA:170,0
DA:172,0
DA:253,0
LF:53
LH:0
BRDA:35,0,0,0
BRDA:35,0,1,0
BRDA:35,1,0,0
BRDA:35,1,1,0
BRDA:35,1,2,0
BRDA:35,1,3,0
BRDA:41,2,0,0
BRDA:41,2,1,0
BRDA:41,3,0,0
BRDA:41,3,1,0
BRDA:41,3,2,0
BRDA:59,4,0,0
BRDA:59,4,1,0
BRDA:64,5,0,0
BRDA:64,5,1,0
BRDA:65,6,0,0
BRDA:65,6,1,0
BRDA:66,7,0,0
BRDA:66,7,1,0
BRDA:71,8,0,0
BRDA:71,8,1,0
BRDA:84,9,0,0
BRDA:84,9,1,0
BRDA:84,10,0,0
BRDA:84,10,1,0
BRDA:114,11,0,0
BRDA:114,11,1,0
BRDA:114,12,0,0
BRDA:114,12,1,0
BRDA:114,12,2,0
BRDA:123,13,0,0
BRDA:123,13,1,0
BRDA:123,14,0,0
BRDA:123,14,1,0
BRDA:123,14,2,0
BRDA:129,15,0,0
BRDA:129,15,1,0
BRDA:142,16,0,0
BRDA:142,16,1,0
BRDA:174,17,0,0
BRDA:174,17,1,0
BRDA:179,18,0,0
BRDA:179,18,1,0
BRDA:180,19,0,0
BRDA:180,19,1,0
BRDA:181,20,0,0
BRDA:181,20,1,0
BRDA:195,21,0,0
BRDA:209,22,0,0
BRDA:219,23,0,0
BRF:50
BRH:0
end_of_record
TN:
SF:components/SearchBar.tsx
FN:20,SearchBar
FN:36,(anonymous_2)
FN:37,(anonymous_3)
FN:67,(anonymous_4)
FN:75,(anonymous_5)
FN:85,(anonymous_6)
FN:90,(anonymous_7)
FN:94,(anonymous_8)
FN:102,(anonymous_9)
FN:110,(anonymous_10)
FN:118,(anonymous_11)
FN:125,(anonymous_12)
FN:157,(anonymous_13)
FN:179,(anonymous_14)
FN:180,(anonymous_15)
FN:187,(anonymous_16)
FN:197,(anonymous_17)
FN:205,(anonymous_18)
FN:214,(anonymous_19)
FN:221,(anonymous_20)
FN:228,(anonymous_21)
FN:231,(anonymous_22)
FN:237,(anonymous_23)
FN:258,(anonymous_24)
FN:269,(anonymous_25)
FN:331,(anonymous_26)
FN:334,(anonymous_27)
FN:379,(anonymous_28)
FN:382,(anonymous_29)
FN:405,(anonymous_30)
FN:408,(anonymous_31)
FNF:31
FNH:0
FNDA:0,SearchBar
FNDA:0,(anonymous_2)
FNDA:0,(anonymous_3)
FNDA:0,(anonymous_4)
FNDA:0,(anonymous_5)
FNDA:0,(anonymous_6)
FNDA:0,(anonymous_7)
FNDA:0,(anonymous_8)
FNDA:0,(anonymous_9)
FNDA:0,(anonymous_10)
FNDA:0,(anonymous_11)
FNDA:0,(anonymous_12)
FNDA:0,(anonymous_13)
FNDA:0,(anonymous_14)
FNDA:0,(anonymous_15)
FNDA:0,(anonymous_16)
FNDA:0,(anonymous_17)
FNDA:0,(anonymous_18)
FNDA:0,(anonymous_19)
FNDA:0,(anonymous_20)
FNDA:0,(anonymous_21)
FNDA:0,(anonymous_22)
FNDA:0,(anonymous_23)
FNDA:0,(anonymous_24)
FNDA:0,(anonymous_25)
FNDA:0,(anonymous_26)
FNDA:0,(anonymous_27)
FNDA:0,(anonymous_28)
FNDA:0,(anonymous_29)
FNDA:0,(anonymous_30)
FNDA:0,(anonymous_31)
DA:3,0
DA:20,0
DA:21,0
DA:22,0
DA:23,0
DA:24,0
DA:25,0
DA:26,0
DA:27,0
DA:28,0
DA:29,0
DA:30,0
DA:31,0
DA:32,0
DA:33,0
DA:36,0
DA:37,0
DA:38,0
DA:39,0
DA:41,0
DA:42,0
DA:43,0
DA:45,0
DA:47,0
DA:48,0
DA:49,0
DA:53,0
DA:54,0
DA:56,0
DA:57,0
DA:63,0
DA:64,0
DA:67,0
DA:68,0
DA:69,0
DA:70,0
DA:75,0
DA:76,0
DA:77,0
DA:78,0
DA:85,0
DA:86,0
DA:87,0
DA:90,0
DA:91,0
DA:94,0
DA:95,0
DA:96,0
DA:102,0
DA:103,0
DA:104,0
DA:107,0
DA:108,0
DA:109,0
DA:110,0
DA:111,0
DA:114,0
DA:115,0
DA:118,0
DA:119,0
DA:120,0
DA:125,0
DA:126,0
DA:128,0
DA:129,0
DA:131,0
DA:133,0
DA:135,0
DA:141,0
DA:142,0
DA:144,0
DA:145,0
DA:147,0
DA:151,0
DA:157,0
DA:158,0
DA:159,0
DA:160,0
DA:162,0
DA:167,0
DA:169,0
DA:170,0
DA:171,0
DA:174,0
DA:175,0
DA:178,0
DA:179,0
DA:180,0
DA:181,0
DA:187,0
DA:188,0
DA:189,0
DA:190,0
DA:191,0
DA:192,0
DA:193,0
DA:194,0
DA:197,0
DA:198,0
DA:199,0
DA:200,0
DA:201,0
DA:202,0
DA:205,0
DA:206,0
DA:207,0
DA:208,0
DA:209,0
DA:210,0
DA:211,0
DA:214,0
DA:215,0
DA:216,0
DA:217,0
DA:218,0
DA:221,0
DA:222,0
DA:223,0
DA:224,0
DA:228,0
DA:229,0
DA:231,0
DA:232,0
DA:233,0
DA:237,0
DA:238,0
DA:239,0
DA:240,0
DA:241,0
DA:245,0
DA:258,0
DA:259,0
DA:263,0
DA:264,0
DA:265,0
DA:269,0
DA:332,0
DA:334,0
DA:380,0
DA:382,0
DA:406,0
DA:408,0
LF:142
LH:0
BRDA:20,0,0,0
BRDA:38,1,0,0
BRDA:38,1,1,0
BRDA:38,2,0,0
BRDA:38,2,1,0
BRDA:38,2,2,0
BRDA:41,3,0,0
BRDA:41,3,1,0
BRDA:43,4,0,0
BRDA:43,4,1,0
BRDA:63,5,0,0
BRDA:63,5,1,0
BRDA:63,6,0,0
BRDA:63,6,1,0
BRDA:68,7,0,0
BRDA:68,7,1,0
BRDA:68,8,0,0
BRDA:68,8,1,0
BRDA:77,9,0,0
BRDA:77,9,1,0
BRDA:86,10,0,0
BRDA:86,10,1,0
BRDA:95,11,0,0
BRDA:95,11,1,0
BRDA:103,12,0,0
BRDA:103,12,1,0
BRDA:107,13,0,0
BRDA:107,13,1,0
BRDA:107,14,0,0
BRDA:107,14,1,0
BRDA:107,14,2,0
BRDA:119,15,0,0
BRDA:119,15,1,0
BRDA:126,16,0,0
BRDA:126,16,1,0
BRDA:133,17,0,0
BRDA:133,17,1,0
BRDA:144,18,0,0
BRDA:144,18,1,0
BRDA:144,19,0,0
BRDA:144,19,1,0
BRDA:159,20,0,0
BRDA:159,20,1,0
BRDA:159,21,0,0
BRDA:159,21,1,0
BRDA:174,22,0,0
BRDA:174,22,1,0
BRDA:178,23,0,0
BRDA:178,23,1,0
BRDA:178,24,0,0
BRDA:178,24,1,0
BRDA:223,25,0,0
BRDA:223,25,1,0
BRDA:238,26,0,0
BRDA:238,26,1,0
BRDA:259,27,0,0
BRDA:259,27,1,0
BRDA:265,28,0,0
BRDA:265,28,1,0
BRDA:265,28,2,0
BRDA:273,29,0,0
BRDA:273,29,1,0
BRDA:294,30,0,0
BRDA:311,31,0,0
BRDA:314,32,0,0
BRDA:321,33,0,0
BRDA:350,34,0,0
BRDA:362,35,0,0
BRDA:370,36,0,0
BRDA:395,37,0,0
BRDA:395,37,1,0
BRDA:395,37,2,0
BRDA:395,37,3,0
BRDA:395,37,4,0
BRDA:402,38,0,0
BRDA:402,38,1,0
BRDA:402,38,2,0
BRDA:402,38,3,0
BRF:78
BRH:0
end_of_record
TN:
SF:components/SearchTest.tsx
FN:12,SearchTest
FN:16,(anonymous_3)
FN:18,(anonymous_4)
FN:22,(anonymous_5)
FN:24,(anonymous_6)
FN:29,(anonymous_7)
FN:31,(anonymous_8)
FN:62,(anonymous_9)
FNF:8
FNH:0
FNDA:0,SearchTest
FNDA:0,(anonymous_3)
FNDA:0,(anonymous_4)
FNDA:0,(anonymous_5)
FNDA:0,(anonymous_6)
FNDA:0,(anonymous_7)
FNDA:0,(anonymous_8)
FNDA:0,(anonymous_9)
DA:3,0
DA:4,0
DA:12,0
DA:13,0
DA:14,0
DA:16,0
DA:17,0
DA:18,0
DA:19,0
DA:22,0
DA:23,0
DA:24,0
DA:25,0
DA:26,0
DA:29,0
DA:30,0
DA:31,0
DA:32,0
DA:35,0
DA:63,0
LF:20
LH:0
BRDA:59,0,0,0
BRDA:76,1,0,0
BRDA:79,2,0,0
BRF:3
BRH:0
end_of_record
TN:
SF:components/SharePopup.tsx
FN:12,SharePopup
FN:16,(anonymous_2)
FN:29,(anonymous_3)
FN:30,(anonymous_4)
FN:41,(anonymous_5)
FN:47,(anonymous_6)
FN:51,(anonymous_7)
FN:86,(anonymous_8)
FN:118,(anonymous_9)
FN:123,(anonymous_10)
FN:129,(anonymous_11)
FNF:11
FNH:0
FNDA:0,SharePopup
FNDA:0,(anonymous_2)
FNDA:0,(anonymous_3)
FNDA:0,(anonymous_4)
FNDA:0,(anonymous_5)
FNDA:0,(anonymous_6)
FNDA:0,(anonymous_7)
FNDA:0,(anonymous_8)
FNDA:0,(anonymous_9)
FNDA:0,(anonymous_10)
FNDA:0,(anonymous_11)
DA:3,0
DA:12,0
DA:13,0
DA:14,0
DA:16,0
DA:17,0
DA:19,0
DA:24,0
DA:25,0
DA:29,0
DA:30,0
DA:31,0
DA:32,0
DA:36,0
DA:37,0
DA:38,0
DA:41,0
DA:42,0
DA:43,0
DA:47,0
DA:48,0
DA:49,0
DA:50,0
DA:51,0
DA:54,0
DA:55,0
DA:58,0
DA:61,0
DA:62,0
DA:66,0
DA:67,0
DA:68,0
DA:69,0
DA:70,0
DA:71,0
DA:72,0
DA:74,0
DA:75,0
DA:78,0
DA:79,0
DA:80,0
DA:86,0
DA:87,0
DA:93,0
DA:94,0
DA:95,0
DA:98,0
DA:99,0
DA:103,0
DA:106,0
DA:109,0
DA:110,0
DA:114,0
DA:118,0
DA:119,0
DA:120,0
DA:123,0
DA:124,0
DA:125,0
DA:126,0
DA:129,0
DA:130,0
DA:131,0
DA:134,0
LF:64
LH:0
BRDA:17,0,0,0
BRDA:17,0,1,0
BRDA:31,1,0,0
BRDA:31,1,1,0
BRDA:36,2,0,0
BRDA:36,2,1,0
BRDA:54,3,0,0
BRDA:54,3,1,0
BRDA:54,4,0,0
BRDA:54,4,1,0
BRDA:61,5,0,0
BRDA:61,5,1,0
BRDA:61,6,0,0
BRDA:61,6,1,0
BRDA:74,7,0,0
BRDA:74,7,1,0
BRDA:74,8,0,0
BRDA:74,8,1,0
BRDA:79,9,0,0
BRDA:79,9,1,0
BRDA:79,10,0,0
BRDA:79,10,1,0
BRDA:89,11,0,0
BRDA:89,11,1,0
BRDA:94,12,0,0
BRDA:94,12,1,0
BRDA:98,13,0,0
BRDA:98,13,1,0
BRDA:98,14,0,0
BRDA:98,14,1,0
BRDA:109,15,0,0
BRDA:109,15,1,0
BRDA:109,16,0,0
BRDA:109,16,1,0
BRDA:119,17,0,0
BRDA:119,17,1,0
BRDA:125,18,0,0
BRDA:125,18,1,0
BRDA:130,19,0,0
BRDA:130,19,1,0
BRDA:134,20,0,0
BRDA:134,20,1,0
BRDA:165,21,0,0
BRDA:168,22,0,0
BRDA:196,23,0,0
BRDA:196,23,1,0
BRDA:202,24,0,0
BRDA:210,25,0,0
BRDA:210,25,1,0
BRF:49
BRH:0
end_of_record
TN:
SF:components/SimpleMap.tsx
FN:25,SimpleMap
FN:32,(anonymous_2)
FN:34,(anonymous_3)
FN:44,(anonymous_4)
FN:51,(anonymous_5)
FN:55,(anonymous_6)
FN:79,(anonymous_7)
FN:130,(anonymous_8)
FN:146,(anonymous_9)
FN:153,(anonymous_10)
FN:158,(anonymous_11)
FN:191,(anonymous_12)
FN:195,(anonymous_13)
FN:226,(anonymous_14)
FN:236,(anonymous_15)
FN:304,(anonymous_16)
FN:340,(anonymous_17)
FN:346,(anonymous_18)
FNF:18
FNH:0
FNDA:0,SimpleMap
FNDA:0,(anonymous_2)
FNDA:0,(anonymous_3)
FNDA:0,(anonymous_4)
FNDA:0,(anonymous_5)
FNDA:0,(anonymous_6)
FNDA:0,(anonymous_7)
FNDA:0,(anonymous_8)
FNDA:0,(anonymous_9)
FNDA:0,(anonymous_10)
FNDA:0,(anonymous_11)
FNDA:0,(anonymous_12)
FNDA:0,(anonymous_13)
FNDA:0,(anonymous_14)
FNDA:0,(anonymous_15)
FNDA:0,(anonymous_16)
FNDA:0,(anonymous_17)
FNDA:0,(anonymous_18)
DA:3,0
DA:25,0
DA:26,0
DA:27,0
DA:28,0
DA:29,0
DA:30,0
DA:32,0
DA:34,0
DA:35,0
DA:36,0
DA:37,0
DA:40,0
DA:41,0
DA:42,0
DA:43,0
DA:44,0
DA:45,0
DA:48,0
DA:51,0
DA:52,0
DA:55,0
DA:56,0
DA:59,0
DA:60,0
DA:73,0
DA:76,0
DA:79,0
DA:80,0
DA:83,0
DA:87,0
DA:91,0
DA:111,0
DA:130,0
DA:131,0
DA:132,0
DA:135,0
DA:136,0
DA:140,0
DA:141,0
DA:146,0
DA:147,0
DA:148,0
DA:149,0
DA:153,0
DA:154,0
DA:155,0
DA:158,0
DA:159,0
DA:162,0
DA:192,0
DA:195,0
DA:227,0
DA:228,0
DA:237,0
DA:238,0
DA:304,0
DA:340,0
DA:346,0
LF:59
LH:0
BRDA:35,0,0,0
BRDA:35,0,1,0
BRDA:35,1,0,0
BRDA:35,1,1,0
BRDA:52,2,0,0
BRDA:52,2,1,0
BRDA:52,3,0,0
BRDA:52,3,1,0
BRDA:52,3,2,0
BRDA:83,4,0,0
BRDA:83,4,1,0
BRDA:84,5,0,0
BRDA:84,5,1,0
BRDA:85,6,0,0
BRDA:85,6,1,0
BRDA:87,7,0,0
BRDA:87,7,1,0
BRDA:88,8,0,0
BRDA:88,8,1,0
BRDA:89,9,0,0
BRDA:89,9,1,0
BRDA:115,10,0,0
BRDA:115,10,1,0
BRDA:115,11,0,0
BRDA:115,11,1,0
BRDA:116,12,0,0
BRDA:116,12,1,0
BRDA:118,13,0,0
BRDA:118,13,1,0
BRDA:119,14,0,0
BRDA:119,14,1,0
BRDA:140,15,0,0
BRDA:140,15,1,0
BRDA:148,16,0,0
BRDA:148,16,1,0
BRDA:162,17,0,0
BRDA:162,17,1,0
BRDA:202,18,0,0
BRDA:202,18,1,0
BRDA:203,19,0,0
BRDA:203,19,1,0
BRDA:206,20,0,0
BRDA:208,21,0,0
BRDA:208,21,1,0
BRDA:209,22,0,0
BRDA:209,22,1,0
BRDA:210,23,0,0
BRDA:210,23,1,0
BRDA:211,24,0,0
BRDA:211,24,1,0
BRDA:217,25,0,0
BRDA:251,26,0,0
BRDA:292,27,0,0
BRDA:299,28,0,0
BRDA:299,28,1,0
BRDA:300,29,0,0
BRDA:300,29,1,0
BRDA:313,30,0,0
BRDA:320,31,0,0
BRDA:322,32,0,0
BRDA:322,32,1,0
BRDA:323,33,0,0
BRDA:323,33,1,0
BRDA:324,34,0,0
BRDA:324,34,1,0
BRDA:325,35,0,0
BRDA:325,35,1,0
BRDA:331,36,0,0
BRF:68
BRH:0
end_of_record
TN:
SF:components/SimpleMapEmbed.tsx
FN:14,SimpleMapEmbed
FN:23,(anonymous_3)
FN:40,(anonymous_4)
FN:47,(anonymous_5)
FN:48,(anonymous_6)
FN:65,(anonymous_7)
FN:69,(anonymous_8)
FN:79,(anonymous_9)
FN:84,(anonymous_10)
FN:92,(anonymous_11)
FN:147,(anonymous_12)
FN:212,(anonymous_13)
FNF:12
FNH:0
FNDA:0,SimpleMapEmbed
FNDA:0,(anonymous_3)
FNDA:0,(anonymous_4)
FNDA:0,(anonymous_5)
FNDA:0,(anonymous_6)
FNDA:0,(anonymous_7)
FNDA:0,(anonymous_8)
FNDA:0,(anonymous_9)
FNDA:0,(anonymous_10)
FNDA:0,(anonymous_11)
FNDA:0,(anonymous_12)
FNDA:0,(anonymous_13)
DA:3,0
DA:5,0
DA:14,0
DA:15,0
DA:16,0
DA:17,0
DA:18,0
DA:19,0
DA:20,0
DA:23,0
DA:25,0
DA:27,0
DA:28,0
DA:30,0
DA:33,0
DA:37,0
DA:39,0
DA:40,0
DA:47,0
DA:48,0
DA:50,0
DA:51,0
DA:52,0
DA:56,0
DA:57,0
DA:60,0
DA:61,0
DA:62,0
DA:63,0
DA:65,0
DA:66,0
DA:69,0
DA:70,0
DA:73,0
DA:76,0
DA:79,0
DA:80,0
DA:82,0
DA:84,0
DA:85,0
DA:88,0
DA:89,0
DA:91,0
DA:92,0
DA:93,0
DA:95,0
DA:96,0
DA:100,0
DA:139,0
DA:142,0
DA:143,0
DA:147,0
DA:148,0
DA:149,0
DA:154,0
DA:156,0
DA:157,0
DA:179,0
DA:187,0
DA:202,0
DA:206,0
DA:207,0
DA:212,0
DA:213,0
DA:221,0
DA:223,0
DA:227,0
DA:237,0
DA:253,0
LF:69
LH:0
BRDA:14,0,0,0
BRDA:25,1,0,0
BRDA:25,1,1,0
BRDA:25,2,0,0
BRDA:25,2,1,0
BRDA:30,3,0,0
BRDA:30,3,1,0
BRDA:30,4,0,0
BRDA:30,4,1,0
BRDA:33,5,0,0
BRDA:33,5,1,0
BRDA:33,6,0,0
BRDA:33,6,1,0
BRDA:37,7,0,0
BRDA:37,7,1,0
BRDA:37,8,0,0
BRDA:37,8,1,0
BRDA:37,8,2,0
BRDA:37,8,3,0
BRDA:50,9,0,0
BRDA:50,9,1,0
BRDA:50,10,0,0
BRDA:50,10,1,0
BRDA:56,11,0,0
BRDA:56,11,1,0
BRDA:80,12,0,0
BRDA:80,12,1,0
BRDA:80,13,0,0
BRDA:80,13,1,0
BRDA:80,13,2,0
BRDA:80,13,3,0
BRDA:91,14,0,0
BRDA:91,14,1,0
BRDA:142,15,0,0
BRDA:142,15,1,0
BRDA:154,16,0,0
BRDA:154,16,1,0
BRDA:154,17,0,0
BRDA:154,17,1,0
BRDA:221,18,0,0
BRDA:221,18,1,0
BRDA:227,19,0,0
BRDA:227,19,1,0
BRDA:227,20,0,0
BRDA:227,20,1,0
BRDA:237,21,0,0
BRDA:237,21,1,0
BRDA:253,22,0,0
BRDA:253,22,1,0
BRF:49
BRH:0
end_of_record
TN:
SF:components/SimpleRealMap.tsx
FN:23,SimpleRealMap
FN:28,(anonymous_2)
FN:30,(anonymous_3)
FN:31,(anonymous_4)
FN:39,(anonymous_5)
FN:46,(anonymous_6)
FN:51,(anonymous_7)
FN:56,(anonymous_8)
FN:61,(anonymous_9)
FN:90,(anonymous_10)
FN:94,(anonymous_11)
FN:125,(anonymous_12)
FN:134,(anonymous_13)
FN:201,(anonymous_14)
FN:237,(anonymous_15)
FN:243,(anonymous_16)
FNF:16
FNH:0
FNDA:0,SimpleRealMap
FNDA:0,(anonymous_2)
FNDA:0,(anonymous_3)
FNDA:0,(anonymous_4)
FNDA:0,(anonymous_5)
FNDA:0,(anonymous_6)
FNDA:0,(anonymous_7)
FNDA:0,(anonymous_8)
FNDA:0,(anonymous_9)
FNDA:0,(anonymous_10)
FNDA:0,(anonymous_11)
FNDA:0,(anonymous_12)
FNDA:0,(anonymous_13)
FNDA:0,(anonymous_14)
FNDA:0,(anonymous_15)
FNDA:0,(anonymous_16)
DA:3,0
DA:23,0
DA:24,0
DA:25,0
DA:28,0
DA:29,0
DA:30,0
DA:31,0
DA:32,0
DA:39,0
DA:40,0
DA:41,0
DA:42,0
DA:46,0
DA:47,0
DA:48,0
DA:51,0
DA:52,0
DA:56,0
DA:57,0
DA:58,0
DA:61,0
DA:62,0
DA:91,0
DA:94,0
DA:126,0
DA:127,0
DA:135,0
DA:136,0
DA:201,0
DA:237,0
DA:243,0
LF:32
LH:0
BRDA:29,0,0,0
BRDA:29,0,1,0
BRDA:41,1,0,0
BRDA:41,1,1,0
BRDA:57,2,0,0
BRDA:57,2,1,0
BRDA:101,3,0,0
BRDA:101,3,1,0
BRDA:102,4,0,0
BRDA:102,4,1,0
BRDA:105,5,0,0
BRDA:107,6,0,0
BRDA:107,6,1,0
BRDA:108,7,0,0
BRDA:108,7,1,0
BRDA:109,8,0,0
BRDA:109,8,1,0
BRDA:110,9,0,0
BRDA:110,9,1,0
BRDA:116,10,0,0
BRDA:148,11,0,0
BRDA:189,12,0,0
BRDA:196,13,0,0
BRDA:196,13,1,0
BRDA:197,14,0,0
BRDA:197,14,1,0
BRDA:210,15,0,0
BRDA:217,16,0,0
BRDA:219,17,0,0
BRDA:219,17,1,0
BRDA:220,18,0,0
BRDA:220,18,1,0
BRDA:221,19,0,0
BRDA:221,19,1,0
BRDA:222,20,0,0
BRDA:222,20,1,0
BRDA:228,21,0,0
BRF:37
BRH:0
end_of_record
TN:
SF:components/SpecialsCard.tsx
FN:11,SpecialsCard
FN:13,(anonymous_3)
FN:22,(anonymous_4)
FN:39,(anonymous_5)
FNF:4
FNH:0
FNDA:0,SpecialsCard
FNDA:0,(anonymous_3)
FNDA:0,(anonymous_4)
FNDA:0,(anonymous_5)
DA:3,0
DA:11,0
DA:13,0
DA:15,0
DA:16,0
DA:20,0
DA:22,0
DA:23,0
DA:24,0
DA:26,0
DA:27,0
DA:29,0
DA:40,0
LF:13
LH:0
BRDA:11,0,0,0
BRDA:13,1,0,0
BRDA:13,1,1,0
BRDA:15,2,0,0
BRDA:15,2,1,0
BRDA:23,3,0,0
BRDA:23,3,1,0
BRDA:26,4,0,0
BRDA:26,4,1,0
BRDA:48,5,0,0
BRDA:54,6,0,0
BRDA:60,7,0,0
BRDA:72,8,0,0
BRDA:75,9,0,0
BRF:14
BRH:0
end_of_record
TN:
SF:components/SplashScreen.tsx
FN:11,SplashScreen
FN:15,(anonymous_3)
FN:16,(anonymous_4)
FN:18,(anonymous_5)
FN:24,(anonymous_6)
FNF:5
FNH:0
FNDA:0,SplashScreen
FNDA:0,(anonymous_3)
FNDA:0,(anonymous_4)
FNDA:0,(anonymous_5)
FNDA:0,(anonymous_6)
DA:3,0
DA:4,0
DA:11,0
DA:12,0
DA:13,0
DA:15,0
DA:16,0
DA:17,0
DA:18,0
DA:19,0
DA:20,0
DA:24,0
DA:27,0
LF:13
LH:0
BRDA:11,0,0,0
BRDA:27,1,0,0
BRDA:27,1,1,0
BRDA:31,2,0,0
BRDA:31,2,1,0
BRDA:36,3,0,0
BRDA:36,3,1,0
BRDA:43,4,0,0
BRDA:43,4,1,0
BRDA:64,5,0,0
BRDA:64,5,1,0
BRF:11
BRH:0
end_of_record
TN:
SF:components/UnifiedSearchBar.tsx
FN:20,UnifiedSearchBar
FN:34,(anonymous_5)
FN:41,(anonymous_6)
FN:48,(anonymous_7)
FN:53,(anonymous_8)
FN:63,(anonymous_9)
FN:72,(anonymous_10)
FN:115,(anonymous_11)
FN:120,(anonymous_12)
FN:131,(anonymous_13)
FN:137,(anonymous_14)
FN:184,(anonymous_15)
FN:187,(anonymous_16)
FNF:13
FNH:0
FNDA:0,UnifiedSearchBar
FNDA:0,(anonymous_5)
FNDA:0,(anonymous_6)
FNDA:0,(anonymous_7)
FNDA:0,(anonymous_8)
FNDA:0,(anonymous_9)
FNDA:0,(anonymous_10)
FNDA:0,(anonymous_11)
FNDA:0,(anonymous_12)
FNDA:0,(anonymous_13)
FNDA:0,(anonymous_14)
FNDA:0,(anonymous_15)
FNDA:0,(anonymous_16)
DA:3,0
DA:4,0
DA:20,0
DA:27,0
DA:28,0
DA:29,0
DA:30,0
DA:31,0
DA:34,0
DA:35,0
DA:41,0
DA:42,0
DA:43,0
DA:46,0
DA:47,0
DA:49,0
DA:53,0
DA:56,0
DA:57,0
DA:59,0
DA:63,0
DA:64,0
DA:65,0
DA:66,0
DA:67,0
DA:72,0
DA:73,0
DA:75,0
DA:76,0
DA:78,0
DA:79,0
DA:80,0
DA:82,0
DA:83,0
DA:86,0
DA:87,0
DA:88,0
DA:90,0
DA:92,0
DA:93,0
DA:94,0
DA:98,0
DA:99,0
DA:101,0
DA:103,0
DA:106,0
DA:108,0
DA:110,0
DA:111,0
DA:115,0
DA:116,0
DA:119,0
DA:120,0
DA:121,0
DA:124,0
DA:125,0
DA:127,0
DA:131,0
DA:132,0
DA:133,0
DA:134,0
DA:137,0
DA:138,0
DA:139,0
DA:140,0
DA:141,0
DA:142,0
DA:185,0
DA:187,0
LF:69
LH:0
BRDA:24,0,0,0
BRDA:25,1,0,0
BRDA:35,2,0,0
BRDA:35,2,1,0
BRDA:35,2,2,0
BRDA:35,2,3,0
BRDA:46,3,0,0
BRDA:46,3,1,0
BRDA:49,4,0,0
BRDA:49,4,1,0
BRDA:49,4,2,0
BRDA:49,4,3,0
BRDA:49,4,4,0
BRDA:49,4,5,0
BRDA:53,5,0,0
BRDA:53,5,1,0
BRDA:64,6,0,0
BRDA:64,6,1,0
BRDA:66,7,0,0
BRDA:66,7,1,0
BRDA:73,8,0,0
BRDA:73,8,1,0
BRDA:79,9,0,0
BRDA:79,9,1,0
BRDA:92,10,0,0
BRDA:92,10,1,0
BRDA:116,11,0,0
BRDA:116,11,1,0
BRDA:120,12,0,0
BRDA:120,12,1,0
BRDA:124,13,0,0
BRDA:124,13,1,0
BRDA:124,14,0,0
BRDA:124,14,1,0
BRDA:141,15,0,0
BRDA:141,15,1,0
BRDA:163,16,0,0
BRDA:182,17,0,0
BRDA:182,17,1,0
BRDA:197,18,0,0
BRF:40
BRH:0
end_of_record
TN:
SF:components/UserMenu.tsx
FN:7,UserMenu
FN:41,(anonymous_3)
FN:70,(anonymous_4)
FN:78,(anonymous_5)
FN:84,(anonymous_6)
FNF:5
FNH:2
FNDA:5,UserMenu
FNDA:1,(anonymous_3)
FNDA:0,(anonymous_4)
FNDA:0,(anonymous_5)
FNDA:0,(anonymous_6)
DA:3,1
DA:4,1
DA:5,1
DA:7,4
DA:8,5
DA:9,5
DA:11,5
DA:19,4
DA:41,1
DA:70,0
DA:78,0
DA:85,0
DA:86,0
LF:13
LH:9
BRDA:11,0,0,1
BRDA:11,0,1,4
BRDA:19,1,0,1
BRDA:19,1,1,3
BRDA:46,2,0,3
BRDA:46,2,1,0
BRDA:46,2,2,0
BRDA:49,3,0,3
BRDA:49,3,1,0
BRDA:51,4,0,1
BRDA:51,4,1,2
BRDA:60,5,0,3
BRF:12
BRH:9
end_of_record
TN:
SF:components/ui/AnalyticsDashboard.tsx
FN:22,AnalyticsDashboard
FN:37,(anonymous_2)
FN:38,(anonymous_3)
FN:42,(anonymous_4)
FN:68,(anonymous_5)
FN:85,(anonymous_6)
FN:91,(anonymous_7)
FN:101,(anonymous_8)
FN:121,(anonymous_9)
FN:155,(anonymous_10)
FN:173,(anonymous_11)
FN:180,(anonymous_12)
FN:194,(anonymous_13)
FN:218,(anonymous_14)
FN:222,(anonymous_15)
FNF:15
FNH:0
FNDA:0,AnalyticsDashboard
FNDA:0,(anonymous_2)
FNDA:0,(anonymous_3)
FNDA:0,(anonymous_4)
FNDA:0,(anonymous_5)
FNDA:0,(anonymous_6)
FNDA:0,(anonymous_7)
FNDA:0,(anonymous_8)
FNDA:0,(anonymous_9)
FNDA:0,(anonymous_10)
FNDA:0,(anonymous_11)
FNDA:0,(anonymous_12)
FNDA:0,(anonymous_13)
FNDA:0,(anonymous_14)
FNDA:0,(anonymous_15)
DA:3,0
DA:4,0
DA:22,0
DA:23,0
DA:34,0
DA:35,0
DA:37,0
DA:38,0
DA:39,0
DA:40,0
DA:42,0
DA:44,0
DA:68,0
DA:74,0
DA:76,0
DA:78,0
DA:82,0
DA:85,0
DA:86,0
DA:87,0
DA:88,0
DA:91,0
DA:92,0
DA:95,0
DA:102,0
DA:121,0
DA:156,0
DA:174,0
DA:180,0
DA:195,0
DA:219,0
DA:222,0
LF:32
LH:0
BRDA:22,0,0,0
BRDA:22,1,0,0
BRDA:95,2,0,0
BRDA:95,2,1,0
BRDA:214,3,0,0
BRF:5
BRH:0
end_of_record
TN:
SF:components/ui/ConfirmModal.tsx
FN:17,ConfirmModal
FN:29,(anonymous_2)
FN:30,(anonymous_3)
FN:41,(anonymous_4)
FN:49,(anonymous_5)
FNF:5
FNH:0
FNDA:0,ConfirmModal
FNDA:0,(anonymous_2)
FNDA:0,(anonymous_3)
FNDA:0,(anonymous_4)
FNDA:0,(anonymous_5)
DA:3,0
DA:17,0
DA:29,0
DA:30,0
DA:31,0
DA:32,0
DA:36,0
DA:37,0
DA:38,0
DA:41,0
DA:42,0
DA:43,0
DA:47,0
DA:49,0
DA:50,0
DA:52,0
DA:54,0
DA:56,0
DA:58,0
LF:19
LH:0
BRDA:23,0,0,0
BRDA:24,1,0,0
BRDA:25,2,0,0
BRDA:26,3,0,0
BRDA:31,4,0,0
BRDA:31,4,1,0
BRDA:31,5,0,0
BRDA:31,5,1,0
BRDA:36,6,0,0
BRDA:36,6,1,0
BRDA:47,7,0,0
BRDA:47,7,1,0
BRDA:52,8,0,0
BRDA:52,8,1,0
BRDA:52,8,2,0
BRDA:96,9,0,0
BRDA:96,9,1,0
BRF:17
BRH:0
end_of_record
TN:
SF:components/ui/ErrorBoundary.tsx
FN:18,(anonymous_6)
FN:45,(anonymous_7)
FN:49,(anonymous_8)
FN:23,(anonymous_9)
FN:27,(anonymous_10)
FN:72,(anonymous_11)
FN:147,(anonymous_12)
FN:153,(anonymous_13)
FN:170,useErrorHandler
FN:171,(anonymous_15)
FNF:10
FNH:0
FNDA:0,(anonymous_6)
FNDA:0,(anonymous_7)
FNDA:0,(anonymous_8)
FNDA:0,(anonymous_9)
FNDA:0,(anonymous_10)
FNDA:0,(anonymous_11)
FNDA:0,(anonymous_12)
FNDA:0,(anonymous_13)
FNDA:0,useErrorHandler
FNDA:0,(anonymous_15)
DA:3,0
DA:17,0
DA:19,0
DA:20,0
DA:24,0
DA:28,0
DA:30,0
DA:36,0
DA:39,0
DA:45,0
DA:46,0
DA:49,0
DA:50,0
DA:51,0
DA:53,0
DA:63,0
DA:66,0
DA:67,0
DA:73,0
DA:75,0
DA:76,0
DA:147,0
DA:153,0
DA:165,0
DA:170,0
DA:171,0
DA:172,0
DA:175,0
DA:181,0
DA:182,0
DA:186,0
LF:31
LH:0
BRDA:51,0,0,0
BRDA:51,0,1,0
BRDA:66,1,0,0
BRDA:66,1,1,0
BRDA:66,2,0,0
BRDA:66,2,1,0
BRDA:39,3,0,0
BRDA:39,3,1,0
BRDA:73,4,0,0
BRDA:73,4,1,0
BRDA:75,5,0,0
BRDA:75,5,1,0
BRDA:99,6,0,0
BRDA:99,6,1,0
BRDA:108,7,0,0
BRDA:114,8,0,0
BRDA:172,9,0,0
BRDA:172,9,1,0
BRDA:175,10,0,0
BRDA:175,10,1,0
BRDA:181,11,0,0
BRDA:181,11,1,0
BRDA:181,12,0,0
BRDA:181,12,1,0
BRF:24
BRH:0
end_of_record
TN:
SF:components/ui/LoadingStates.tsx
FN:12,LoadingSpinner
FN:42,LoadingButton
FN:70,(anonymous_9)
FN:122,AsyncComponent
FN:175,Skeleton
FN:178,(anonymous_12)
FN:192,SkeletonCard
FN:212,useAsyncOperation
FN:221,(anonymous_15)
FN:240,(anonymous_16)
FNF:10
FNH:0
FNDA:0,LoadingSpinner
FNDA:0,LoadingButton
FNDA:0,(anonymous_9)
FNDA:0,AsyncComponent
FNDA:0,Skeleton
FNDA:0,(anonymous_12)
FNDA:0,SkeletonCard
FNDA:0,useAsyncOperation
FNDA:0,(anonymous_15)
FNDA:0,(anonymous_16)
DA:3,0
DA:4,0
DA:12,0
DA:13,0
DA:19,0
DA:42,0
DA:53,0
DA:54,0
DA:56,0
DA:58,0
DA:64,0
DA:70,0
DA:71,0
DA:73,0
DA:74,0
DA:76,0
DA:77,0
DA:79,0
DA:80,0
DA:81,0
DA:82,0
DA:84,0
DA:122,0
DA:131,0
DA:142,0
DA:175,0
DA:179,0
DA:192,0
DA:212,0
DA:217,0
DA:218,0
DA:219,0
DA:221,0
DA:222,0
DA:223,0
DA:225,0
DA:226,0
DA:227,0
DA:228,0
DA:229,0
DA:231,0
DA:232,0
DA:233,0
DA:234,0
DA:236,0
DA:240,0
DA:241,0
DA:242,0
DA:243,0
DA:246,0
LF:50
LH:0
BRDA:12,0,0,0
BRDA:12,1,0,0
BRDA:12,2,0,0
BRDA:45,3,0,0
BRDA:46,4,0,0
BRDA:47,5,0,0
BRDA:48,6,0,0
BRDA:49,7,0,0
BRDA:50,8,0,0
BRDA:56,9,0,0
BRDA:56,9,1,0
BRDA:56,9,2,0
BRDA:71,10,0,0
BRDA:71,10,1,0
BRDA:79,11,0,0
BRDA:79,11,1,0
BRDA:100,12,0,0
BRDA:100,12,1,0
BRDA:100,13,0,0
BRDA:100,13,1,0
BRDA:129,14,0,0
BRDA:131,15,0,0
BRDA:131,15,1,0
BRDA:132,16,0,0
BRDA:142,17,0,0
BRDA:142,17,1,0
BRDA:143,18,0,0
BRDA:153,19,0,0
BRDA:175,20,0,0
BRDA:175,21,0,0
BRDA:175,22,0,0
BRDA:192,23,0,0
BRDA:231,24,0,0
BRDA:231,24,1,0
BRF:34
BRH:0
end_of_record
TN:
SF:components/ui/NotificationPreferences.tsx
FN:22,NotificationPreferences
FN:31,(anonymous_2)
FN:32,(anonymous_3)
FN:33,(anonymous_4)
FN:40,(anonymous_5)
FN:41,(anonymous_6)
FN:42,(anonymous_7)
FN:51,(anonymous_8)
FN:64,(anonymous_9)
FN:70,(anonymous_10)
FN:71,(anonymous_11)
FN:74,(anonymous_12)
FN:76,(anonymous_13)
FN:115,(anonymous_14)
FN:134,(anonymous_15)
FN:144,(anonymous_16)
FN:157,(anonymous_17)
FN:166,(anonymous_18)
FN:175,(anonymous_19)
FN:194,(anonymous_20)
FN:195,(anonymous_21)
FN:196,(anonymous_22)
FN:206,(anonymous_23)
FN:207,(anonymous_24)
FN:208,(anonymous_25)
FN:247,(anonymous_26)
FN:248,(anonymous_27)
FN:248,(anonymous_28)
FN:249,(anonymous_29)
FN:249,(anonymous_30)
FN:250,(anonymous_31)
FN:250,(anonymous_32)
FNF:32
FNH:0
FNDA:0,NotificationPreferences
FNDA:0,(anonymous_2)
FNDA:0,(anonymous_3)
FNDA:0,(anonymous_4)
FNDA:0,(anonymous_5)
FNDA:0,(anonymous_6)
FNDA:0,(anonymous_7)
FNDA:0,(anonymous_8)
FNDA:0,(anonymous_9)
FNDA:0,(anonymous_10)
FNDA:0,(anonymous_11)
FNDA:0,(anonymous_12)
FNDA:0,(anonymous_13)
FNDA:0,(anonymous_14)
FNDA:0,(anonymous_15)
FNDA:0,(anonymous_16)
FNDA:0,(anonymous_17)
FNDA:0,(anonymous_18)
FNDA:0,(anonymous_19)
FNDA:0,(anonymous_20)
FNDA:0,(anonymous_21)
FNDA:0,(anonymous_22)
FNDA:0,(anonymous_23)
FNDA:0,(anonymous_24)
FNDA:0,(anonymous_25)
FNDA:0,(anonymous_26)
FNDA:0,(anonymous_27)
FNDA:0,(anonymous_28)
FNDA:0,(anonymous_29)
FNDA:0,(anonymous_30)
FNDA:0,(anonymous_31)
FNDA:0,(anonymous_32)
DA:3,0
DA:4,0
DA:22,0
DA:27,0
DA:28,0
DA:29,0
DA:31,0
DA:32,0
DA:33,0
DA:34,0
DA:37,0
DA:40,0
DA:41,0
DA:42,0
DA:43,0
DA:48,0
DA:51,0
DA:52,0
DA:53,0
DA:54,0
DA:55,0
DA:56,0
DA:58,0
DA:60,0
DA:64,0
DA:65,0
DA:66,0
DA:67,0
DA:70,0
DA:71,0
DA:74,0
DA:75,0
DA:76,0
DA:79,0
DA:116,0
DA:117,0
DA:119,0
DA:134,0
DA:145,0
DA:157,0
DA:166,0
DA:175,0
DA:195,0
DA:196,0
DA:198,0
DA:207,0
DA:208,0
DA:210,0
DA:247,0
DA:248,0
DA:249,0
DA:250,0
LF:52
LH:0
BRDA:25,0,0,0
BRDA:34,1,0,0
BRDA:34,1,1,0
BRDA:43,2,0,0
BRDA:43,2,1,0
BRDA:76,3,0,0
BRDA:76,3,1,0
BRDA:76,3,2,0
BRDA:142,4,0,0
BRDA:231,5,0,0
BRDA:231,5,1,0
BRDA:234,6,0,0
BRDA:234,6,1,0
BRDA:247,7,0,0
BRDA:247,7,1,0
BRDA:247,7,2,0
BRDA:248,8,0,0
BRDA:248,8,1,0
BRDA:249,9,0,0
BRDA:249,9,1,0
BRDA:250,10,0,0
BRDA:250,10,1,0
BRF:22
BRH:0
end_of_record
TN:
SF:components/ui/PasswordChangeModal.tsx
FN:12,PasswordChangeModal
FN:22,(anonymous_2)
FN:35,(anonymous_3)
FN:36,(anonymous_4)
FN:47,(anonymous_5)
FN:53,(anonymous_6)
FN:77,(anonymous_7)
FN:88,(anonymous_8)
FN:107,(anonymous_9)
FN:159,(anonymous_10)
FN:166,(anonymous_11)
FN:193,(anonymous_12)
FN:200,(anonymous_13)
FN:221,(anonymous_14)
FN:250,(anonymous_15)
FN:261,(anonymous_16)
FNF:16
FNH:0
FNDA:0,PasswordChangeModal
FNDA:0,(anonymous_2)
FNDA:0,(anonymous_3)
FNDA:0,(anonymous_4)
FNDA:0,(anonymous_5)
FNDA:0,(anonymous_6)
FNDA:0,(anonymous_7)
FNDA:0,(anonymous_8)
FNDA:0,(anonymous_9)
FNDA:0,(anonymous_10)
FNDA:0,(anonymous_11)
FNDA:0,(anonymous_12)
FNDA:0,(anonymous_13)
FNDA:0,(anonymous_14)
FNDA:0,(anonymous_15)
FNDA:0,(anonymous_16)
DA:3,0
DA:4,0
DA:12,0
DA:13,0
DA:14,0
DA:15,0
DA:16,0
DA:17,0
DA:18,0
DA:19,0
DA:22,0
DA:23,0
DA:24,0
DA:25,0
DA:26,0
DA:27,0
DA:28,0
DA:29,0
DA:30,0
DA:35,0
DA:36,0
DA:37,0
DA:38,0
DA:42,0
DA:43,0
DA:44,0
DA:47,0
DA:48,0
DA:49,0
DA:53,0
DA:54,0
DA:55,0
DA:56,0
DA:59,0
DA:60,0
DA:61,0
DA:64,0
DA:65,0
DA:66,0
DA:69,0
DA:70,0
DA:71,0
DA:74,0
DA:77,0
DA:78,0
DA:80,0
DA:81,0
DA:84,0
DA:86,0
DA:88,0
DA:91,0
DA:92,0
DA:95,0
DA:96,0
DA:97,0
DA:100,0
DA:101,0
DA:103,0
DA:107,0
DA:108,0
DA:110,0
DA:111,0
DA:112,0
DA:113,0
DA:114,0
DA:115,0
DA:117,0
DA:118,0
DA:120,0
DA:127,0
DA:129,0
DA:159,0
DA:166,0
DA:193,0
DA:200,0
DA:222,0
DA:250,0
DA:261,0
LF:78
LH:0
BRDA:23,0,0,0
BRDA:23,0,1,0
BRDA:37,1,0,0
BRDA:37,1,1,0
BRDA:37,2,0,0
BRDA:37,2,1,0
BRDA:42,3,0,0
BRDA:42,3,1,0
BRDA:54,4,0,0
BRDA:54,4,1,0
BRDA:59,5,0,0
BRDA:59,5,1,0
BRDA:64,6,0,0
BRDA:64,6,1,0
BRDA:69,7,0,0
BRDA:69,7,1,0
BRDA:80,8,0,0
BRDA:80,8,1,0
BRDA:91,9,0,0
BRDA:91,9,1,0
BRDA:101,10,0,0
BRDA:101,10,1,0
BRDA:108,11,0,0
BRDA:108,11,1,0
BRDA:111,12,0,0
BRDA:111,12,1,0
BRDA:112,13,0,0
BRDA:112,13,1,0
BRDA:113,14,0,0
BRDA:113,14,1,0
BRDA:114,15,0,0
BRDA:114,15,1,0
BRDA:115,16,0,0
BRDA:115,16,1,0
BRDA:129,17,0,0
BRDA:129,17,1,0
BRDA:157,18,0,0
BRDA:157,18,1,0
BRDA:171,19,0,0
BRDA:191,20,0,0
BRDA:191,20,1,0
BRDA:205,21,0,0
BRDA:218,22,0,0
BRDA:225,23,0,0
BRDA:225,23,1,0
BRDA:233,24,0,0
BRDA:233,24,1,0
BRDA:248,25,0,0
BRDA:248,25,1,0
BRDA:252,26,0,0
BRDA:252,26,1,0
BRDA:252,27,0,0
BRDA:252,27,1,0
BRDA:266,28,0,0
BRDA:277,29,0,0
BRDA:277,29,1,0
BRDA:298,30,0,0
BRDA:298,30,1,0
BRF:58
BRH:0
end_of_record
TN:
SF:components/ui/PerformanceDashboard.tsx
FN:11,PerformanceDashboard
FN:16,(anonymous_2)
FN:17,(anonymous_3)
FN:28,(anonymous_4)
FN:31,(anonymous_5)
FN:37,(anonymous_6)
FN:43,(anonymous_7)
FN:48,(anonymous_8)
FN:64,(anonymous_9)
FN:163,(anonymous_10)
FN:169,(anonymous_11)
FN:182,(anonymous_12)
FNF:12
FNH:0
FNDA:0,PerformanceDashboard
FNDA:0,(anonymous_2)
FNDA:0,(anonymous_3)
FNDA:0,(anonymous_4)
FNDA:0,(anonymous_5)
FNDA:0,(anonymous_6)
FNDA:0,(anonymous_7)
FNDA:0,(anonymous_8)
FNDA:0,(anonymous_9)
FNDA:0,(anonymous_10)
FNDA:0,(anonymous_11)
FNDA:0,(anonymous_12)
DA:3,0
DA:4,0
DA:11,0
DA:12,0
DA:13,0
DA:14,0
DA:16,0
DA:17,0
DA:18,0
DA:19,0
DA:23,0
DA:26,0
DA:28,0
DA:31,0
DA:32,0
DA:33,0
DA:34,0
DA:37,0
DA:38,0
DA:39,0
DA:40,0
DA:43,0
DA:44,0
DA:45,0
DA:48,0
DA:49,0
DA:50,0
DA:51,0
DA:64,0
DA:163,0
DA:169,0
DA:183,0
LF:32
LH:0
BRDA:11,0,0,0
BRDA:11,1,0,0
BRDA:32,2,0,0
BRDA:32,2,1,0
BRDA:33,3,0,0
BRDA:33,3,1,0
BRDA:38,4,0,0
BRDA:38,4,1,0
BRDA:39,5,0,0
BRDA:39,5,1,0
BRDA:44,6,0,0
BRDA:44,6,1,0
BRDA:67,7,0,0
BRDA:67,7,1,0
BRDA:87,8,0,0
BRDA:109,9,0,0
BRDA:131,10,0,0
BRDA:151,11,0,0
BRDA:151,11,1,0
BRDA:157,12,0,0
BRDA:157,12,1,0
BRDA:176,13,0,0
BRDA:181,14,0,0
BRDA:186,15,0,0
BRDA:186,15,1,0
BRDA:187,16,0,0
BRDA:187,16,1,0
BRDA:188,17,0,0
BRDA:188,17,1,0
BRDA:198,18,0,0
BRDA:198,18,1,0
BRF:31
BRH:0
end_of_record
TN:
SF:components/ui/Toast.tsx
FN:20,Toast
FN:23,(anonymous_5)
FN:25,(anonymous_6)
FN:28,(anonymous_7)
FN:30,(anonymous_8)
FN:33,(anonymous_9)
FN:39,(anonymous_10)
FN:54,(anonymous_11)
FN:94,(anonymous_12)
FN:96,(anonymous_13)
FN:109,ToastContainer
FN:112,(anonymous_15)
FN:113,(anonymous_16)
FN:113,(anonymous_17)
FN:116,(anonymous_18)
FN:118,(anonymous_19)
FN:122,(anonymous_20)
FN:124,(anonymous_21)
FN:131,(anonymous_22)
FN:146,useToast
FN:147,(anonymous_24)
FN:160,(anonymous_25)
FNF:22
FNH:0
FNDA:0,Toast
FNDA:0,(anonymous_5)
FNDA:0,(anonymous_6)
FNDA:0,(anonymous_7)
FNDA:0,(anonymous_8)
FNDA:0,(anonymous_9)
FNDA:0,(anonymous_10)
FNDA:0,(anonymous_11)
FNDA:0,(anonymous_12)
FNDA:0,(anonymous_13)
FNDA:0,ToastContainer
FNDA:0,(anonymous_15)
FNDA:0,(anonymous_16)
FNDA:0,(anonymous_17)
FNDA:0,(anonymous_18)
FNDA:0,(anonymous_19)
FNDA:0,(anonymous_20)
FNDA:0,(anonymous_21)
FNDA:0,(anonymous_22)
FNDA:0,useToast
FNDA:0,(anonymous_24)
FNDA:0,(anonymous_25)
DA:3,0
DA:21,0
DA:23,0
DA:25,0
DA:28,0
DA:29,0
DA:30,0
DA:33,0
DA:34,0
DA:35,0
DA:39,0
DA:40,0
DA:42,0
DA:44,0
DA:46,0
DA:48,0
DA:50,0
DA:54,0
DA:55,0
DA:95,0
DA:96,0
DA:109,0
DA:110,0
DA:112,0
DA:113,0
DA:116,0
DA:117,0
DA:118,0
DA:122,0
DA:123,0
DA:124,0
DA:125,0
DA:132,0
DA:146,0
DA:147,0
DA:148,0
DA:149,0
DA:152,0
DA:156,0
DA:160,0
DA:161,0
DA:162,0
DA:164,0
LF:43
LH:0
BRDA:20,0,0,0
BRDA:42,1,0,0
BRDA:42,1,1,0
BRDA:42,1,2,0
BRDA:42,1,3,0
BRDA:86,2,0,0
BRDA:86,2,1,0
BRDA:116,3,0,0
BRDA:147,4,0,0
BRDA:148,5,0,0
BRDA:148,5,1,0
BRDA:148,6,0,0
BRDA:148,6,1,0
BRDA:160,7,0,0
BRDA:161,8,0,0
BRDA:161,8,1,0
BRDA:161,9,0,0
BRDA:161,9,1,0
BRF:18
BRH:0
end_of_record
